CRITICAL - 2025-01-24 00:21:48 --> Error: Class "App\Models\Admin_model" not found
[Method: GET, Route: admin/dashboard]
in APPPATH\Controllers\Admin.php on line 10.
 1 SYSTEMPATH\CodeIgniter.php(903): App\Controllers\Admin->__construct()
 2 SYSTEMPATH\CodeIgniter.php(500): CodeIgniter\CodeIgniter->createController()
 3 SYSTEMPATH\CodeIgniter.php(355): CodeIgniter\CodeIgniter->handleRequest(null, Object(Config\Cache), false)
 4 SYSTEMPATH\Boot.php(334): CodeIgniter\CodeIgniter->run()
 5 SYSTEMPATH\Boot.php(67): CodeIgniter\Boot::runCodeIgniter(Object(CodeIgniter\CodeIgniter))
 6 FCPATH\index.php(56): CodeIgniter\Boot::bootWeb(Object(Config\Paths))
CRITICAL - 2025-01-24 00:30:03 --> ErrorException: Undefined variable $mahasiswa
[Method: GET, Route: admin/mahasiswa]
in APPPATH\Views\admin\mahasiswa.php on line 621.
 1 APPPATH\Views\admin\mahasiswa.php(621): CodeIgniter\Debug\Exceptions->errorHandler(2, 'Undefined variable $mahasiswa', 'D:\\Archive\\PKL\\laragon\\www\\siakad-online\\app\\Views\\admin\\mahasiswa.php', 621)
 2 SYSTEMPATH\View\View.php(234): include('D:\\Archive\\PKL\\laragon\\www\\siakad-online\\app\\Views\\admin\\mahasiswa.php')
 3 SYSTEMPATH\View\View.php(237): CodeIgniter\View\View->CodeIgniter\View\{closure}()
 4 SYSTEMPATH\Common.php(1171): CodeIgniter\View\View->render('admin/mahasiswa', [], true)
 5 APPPATH\Controllers\Admin.php(17): view('admin/mahasiswa')
 6 SYSTEMPATH\CodeIgniter.php(933): App\Controllers\Admin->mahasiswa()
 7 SYSTEMPATH\CodeIgniter.php(509): CodeIgniter\CodeIgniter->runController(Object(App\Controllers\Admin))
 8 SYSTEMPATH\CodeIgniter.php(355): CodeIgniter\CodeIgniter->handleRequest(null, Object(Config\Cache), false)
 9 SYSTEMPATH\Boot.php(334): CodeIgniter\CodeIgniter->run()
10 SYSTEMPATH\Boot.php(67): CodeIgniter\Boot::runCodeIgniter(Object(CodeIgniter\CodeIgniter))
11 FCPATH\index.php(56): CodeIgniter\Boot::bootWeb(Object(Config\Paths))
CRITICAL - 2025-01-24 00:55:22 --> ErrorException: Undefined variable $mahasiswa
[Method: GET, Route: admin/dosen]
in APPPATH\Views\admin\dosen.php on line 621.
 1 APPPATH\Views\admin\dosen.php(621): CodeIgniter\Debug\Exceptions->errorHandler(2, 'Undefined variable $mahasiswa', 'D:\\Archive\\PKL\\laragon\\www\\siakad-online\\app\\Views\\admin\\dosen.php', 621)
 2 SYSTEMPATH\View\View.php(234): include('D:\\Archive\\PKL\\laragon\\www\\siakad-online\\app\\Views\\admin\\dosen.php')
 3 SYSTEMPATH\View\View.php(237): CodeIgniter\View\View->CodeIgniter\View\{closure}()
 4 SYSTEMPATH\Common.php(1171): CodeIgniter\View\View->render('admin/dosen', [], true)
 5 APPPATH\Controllers\Admin.php(25): view('admin/dosen')
 6 SYSTEMPATH\CodeIgniter.php(933): App\Controllers\Admin->dosen()
 7 SYSTEMPATH\CodeIgniter.php(509): CodeIgniter\CodeIgniter->runController(Object(App\Controllers\Admin))
 8 SYSTEMPATH\CodeIgniter.php(355): CodeIgniter\CodeIgniter->handleRequest(null, Object(Config\Cache), false)
 9 SYSTEMPATH\Boot.php(334): CodeIgniter\CodeIgniter->run()
10 SYSTEMPATH\Boot.php(67): CodeIgniter\Boot::runCodeIgniter(Object(CodeIgniter\CodeIgniter))
11 FCPATH\index.php(56): CodeIgniter\Boot::bootWeb(Object(Config\Paths))
CRITICAL - 2025-01-24 00:55:23 --> ErrorException: Undefined variable $mahasiswa
[Method: GET, Route: admin/dosen]
in APPPATH\Views\admin\dosen.php on line 621.
 1 APPPATH\Views\admin\dosen.php(621): CodeIgniter\Debug\Exceptions->errorHandler(2, 'Undefined variable $mahasiswa', 'D:\\Archive\\PKL\\laragon\\www\\siakad-online\\app\\Views\\admin\\dosen.php', 621)
 2 SYSTEMPATH\View\View.php(234): include('D:\\Archive\\PKL\\laragon\\www\\siakad-online\\app\\Views\\admin\\dosen.php')
 3 SYSTEMPATH\View\View.php(237): CodeIgniter\View\View->CodeIgniter\View\{closure}()
 4 SYSTEMPATH\Common.php(1171): CodeIgniter\View\View->render('admin/dosen', [], true)
 5 APPPATH\Controllers\Admin.php(25): view('admin/dosen')
 6 SYSTEMPATH\CodeIgniter.php(933): App\Controllers\Admin->dosen()
 7 SYSTEMPATH\CodeIgniter.php(509): CodeIgniter\CodeIgniter->runController(Object(App\Controllers\Admin))
 8 SYSTEMPATH\CodeIgniter.php(355): CodeIgniter\CodeIgniter->handleRequest(null, Object(Config\Cache), false)
 9 SYSTEMPATH\Boot.php(334): CodeIgniter\CodeIgniter->run()
10 SYSTEMPATH\Boot.php(67): CodeIgniter\Boot::runCodeIgniter(Object(CodeIgniter\CodeIgniter))
11 FCPATH\index.php(56): CodeIgniter\Boot::bootWeb(Object(Config\Paths))
CRITICAL - 2025-01-24 00:55:25 --> ErrorException: Undefined variable $mahasiswa
[Method: GET, Route: admin/dosen]
in APPPATH\Views\admin\dosen.php on line 621.
 1 APPPATH\Views\admin\dosen.php(621): CodeIgniter\Debug\Exceptions->errorHandler(2, 'Undefined variable $mahasiswa', 'D:\\Archive\\PKL\\laragon\\www\\siakad-online\\app\\Views\\admin\\dosen.php', 621)
 2 SYSTEMPATH\View\View.php(234): include('D:\\Archive\\PKL\\laragon\\www\\siakad-online\\app\\Views\\admin\\dosen.php')
 3 SYSTEMPATH\View\View.php(237): CodeIgniter\View\View->CodeIgniter\View\{closure}()
 4 SYSTEMPATH\Common.php(1171): CodeIgniter\View\View->render('admin/dosen', [], true)
 5 APPPATH\Controllers\Admin.php(25): view('admin/dosen')
 6 SYSTEMPATH\CodeIgniter.php(933): App\Controllers\Admin->dosen()
 7 SYSTEMPATH\CodeIgniter.php(509): CodeIgniter\CodeIgniter->runController(Object(App\Controllers\Admin))
 8 SYSTEMPATH\CodeIgniter.php(355): CodeIgniter\CodeIgniter->handleRequest(null, Object(Config\Cache), false)
 9 SYSTEMPATH\Boot.php(334): CodeIgniter\CodeIgniter->run()
10 SYSTEMPATH\Boot.php(67): CodeIgniter\Boot::runCodeIgniter(Object(CodeIgniter\CodeIgniter))
11 FCPATH\index.php(56): CodeIgniter\Boot::bootWeb(Object(Config\Paths))
CRITICAL - 2025-01-24 01:00:05 --> Error: Class "App\Models\Dosen_model" not found
[Method: GET, Route: admin/dosen]
in APPPATH\Controllers\Admin.php on line 25.
 1 SYSTEMPATH\CodeIgniter.php(933): App\Controllers\Admin->dosen()
 2 SYSTEMPATH\CodeIgniter.php(509): CodeIgniter\CodeIgniter->runController(Object(App\Controllers\Admin))
 3 SYSTEMPATH\CodeIgniter.php(355): CodeIgniter\CodeIgniter->handleRequest(null, Object(Config\Cache), false)
 4 SYSTEMPATH\Boot.php(334): CodeIgniter\CodeIgniter->run()
 5 SYSTEMPATH\Boot.php(67): CodeIgniter\Boot::runCodeIgniter(Object(CodeIgniter\CodeIgniter))
 6 FCPATH\index.php(56): CodeIgniter\Boot::bootWeb(Object(Config\Paths))
ERROR - 2025-01-24 01:00:39 --> mysqli_sql_exception: Table 'pkl.dosen' doesn't exist in D:\Archive\PKL\laragon\www\siakad-online\system\Database\MySQLi\Connection.php:312
Stack trace:
#0 D:\Archive\PKL\laragon\www\siakad-online\system\Database\MySQLi\Connection.php(312): mysqli->query('SELECT *\nFROM `...', 0)
#1 D:\Archive\PKL\laragon\www\siakad-online\system\Database\BaseConnection.php(734): CodeIgniter\Database\MySQLi\Connection->execute('SELECT *\nFROM `...')
#2 D:\Archive\PKL\laragon\www\siakad-online\system\Database\BaseConnection.php(648): CodeIgniter\Database\BaseConnection->simpleQuery('SELECT *\nFROM `...')
#3 D:\Archive\PKL\laragon\www\siakad-online\system\Database\BaseBuilder.php(1644): CodeIgniter\Database\BaseConnection->query('SELECT *\nFROM `...', Array, false)
#4 D:\Archive\PKL\laragon\www\siakad-online\system\Model.php(286): CodeIgniter\Database\BaseBuilder->get()
#5 D:\Archive\PKL\laragon\www\siakad-online\system\BaseModel.php(675): CodeIgniter\Model->doFindAll(0, 0)
#6 D:\Archive\PKL\laragon\www\siakad-online\app\Controllers\Admin.php(26): CodeIgniter\BaseModel->findAll()
#7 D:\Archive\PKL\laragon\www\siakad-online\system\CodeIgniter.php(933): App\Controllers\Admin->dosen()
#8 D:\Archive\PKL\laragon\www\siakad-online\system\CodeIgniter.php(509): CodeIgniter\CodeIgniter->runController(Object(App\Controllers\Admin))
#9 D:\Archive\PKL\laragon\www\siakad-online\system\CodeIgniter.php(355): CodeIgniter\CodeIgniter->handleRequest(NULL, Object(Config\Cache), false)
#10 D:\Archive\PKL\laragon\www\siakad-online\system\Boot.php(334): CodeIgniter\CodeIgniter->run()
#11 D:\Archive\PKL\laragon\www\siakad-online\system\Boot.php(67): CodeIgniter\Boot::runCodeIgniter(Object(CodeIgniter\CodeIgniter))
#12 D:\Archive\PKL\laragon\www\siakad-online\public\index.php(56): CodeIgniter\Boot::bootWeb(Object(Config\Paths))
#13 {main}
CRITICAL - 2025-01-24 01:00:39 --> CodeIgniter\Database\Exceptions\DatabaseException: Table 'pkl.dosen' doesn't exist
[Method: GET, Route: admin/dosen]
in SYSTEMPATH\Database\BaseConnection.php on line 688.
 1 SYSTEMPATH\Database\BaseBuilder.php(1644): CodeIgniter\Database\BaseConnection->query('SELECT *
FROM `dosen`', [], false)
 2 SYSTEMPATH\Model.php(286): CodeIgniter\Database\BaseBuilder->get()
 3 SYSTEMPATH\BaseModel.php(675): CodeIgniter\Model->doFindAll(0, 0)
 4 APPPATH\Controllers\Admin.php(26): CodeIgniter\BaseModel->findAll()
 5 SYSTEMPATH\CodeIgniter.php(933): App\Controllers\Admin->dosen()
 6 SYSTEMPATH\CodeIgniter.php(509): CodeIgniter\CodeIgniter->runController(Object(App\Controllers\Admin))
 7 SYSTEMPATH\CodeIgniter.php(355): CodeIgniter\CodeIgniter->handleRequest(null, Object(Config\Cache), false)
 8 SYSTEMPATH\Boot.php(334): CodeIgniter\CodeIgniter->run()
 9 SYSTEMPATH\Boot.php(67): CodeIgniter\Boot::runCodeIgniter(Object(CodeIgniter\CodeIgniter))
10 FCPATH\index.php(56): CodeIgniter\Boot::bootWeb(Object(Config\Paths))
CRITICAL - 2025-01-24 01:00:39 --> [Caused by] CodeIgniter\Database\Exceptions\DatabaseException: Table 'pkl.dosen' doesn't exist
in SYSTEMPATH\Database\MySQLi\Connection.php on line 317.
 1 SYSTEMPATH\Database\BaseConnection.php(734): CodeIgniter\Database\MySQLi\Connection->execute('SELECT *
FROM `dosen`')
 2 SYSTEMPATH\Database\BaseConnection.php(648): CodeIgniter\Database\BaseConnection->simpleQuery('SELECT *
FROM `dosen`')
 3 SYSTEMPATH\Database\BaseBuilder.php(1644): CodeIgniter\Database\BaseConnection->query('SELECT *
FROM `dosen`', [], false)
 4 SYSTEMPATH\Model.php(286): CodeIgniter\Database\BaseBuilder->get()
 5 SYSTEMPATH\BaseModel.php(675): CodeIgniter\Model->doFindAll(0, 0)
 6 APPPATH\Controllers\Admin.php(26): CodeIgniter\BaseModel->findAll()
 7 SYSTEMPATH\CodeIgniter.php(933): App\Controllers\Admin->dosen()
 8 SYSTEMPATH\CodeIgniter.php(509): CodeIgniter\CodeIgniter->runController(Object(App\Controllers\Admin))
 9 SYSTEMPATH\CodeIgniter.php(355): CodeIgniter\CodeIgniter->handleRequest(null, Object(Config\Cache), false)
10 SYSTEMPATH\Boot.php(334): CodeIgniter\CodeIgniter->run()
11 SYSTEMPATH\Boot.php(67): CodeIgniter\Boot::runCodeIgniter(Object(CodeIgniter\CodeIgniter))
12 FCPATH\index.php(56): CodeIgniter\Boot::bootWeb(Object(Config\Paths))
CRITICAL - 2025-01-24 01:00:39 --> [Caused by] mysqli_sql_exception: Table 'pkl.dosen' doesn't exist
in SYSTEMPATH\Database\MySQLi\Connection.php on line 312.
 1 SYSTEMPATH\Database\MySQLi\Connection.php(312): mysqli->query('SELECT *
FROM `dosen`', 0)
 2 SYSTEMPATH\Database\BaseConnection.php(734): CodeIgniter\Database\MySQLi\Connection->execute('SELECT *
FROM `dosen`')
 3 SYSTEMPATH\Database\BaseConnection.php(648): CodeIgniter\Database\BaseConnection->simpleQuery('SELECT *
FROM `dosen`')
 4 SYSTEMPATH\Database\BaseBuilder.php(1644): CodeIgniter\Database\BaseConnection->query('SELECT *
FROM `dosen`', [], false)
 5 SYSTEMPATH\Model.php(286): CodeIgniter\Database\BaseBuilder->get()
 6 SYSTEMPATH\BaseModel.php(675): CodeIgniter\Model->doFindAll(0, 0)
 7 APPPATH\Controllers\Admin.php(26): CodeIgniter\BaseModel->findAll()
 8 SYSTEMPATH\CodeIgniter.php(933): App\Controllers\Admin->dosen()
 9 SYSTEMPATH\CodeIgniter.php(509): CodeIgniter\CodeIgniter->runController(Object(App\Controllers\Admin))
10 SYSTEMPATH\CodeIgniter.php(355): CodeIgniter\CodeIgniter->handleRequest(null, Object(Config\Cache), false)
11 SYSTEMPATH\Boot.php(334): CodeIgniter\CodeIgniter->run()
12 SYSTEMPATH\Boot.php(67): CodeIgniter\Boot::runCodeIgniter(Object(CodeIgniter\CodeIgniter))
13 FCPATH\index.php(56): CodeIgniter\Boot::bootWeb(Object(Config\Paths))
CRITICAL - 2025-01-24 01:37:04 --> Error: Class "App\Models\Matkul_model" not found
[Method: GET, Route: admin/matkul]
in APPPATH\Controllers\Admin.php on line 26.
 1 SYSTEMPATH\CodeIgniter.php(933): App\Controllers\Admin->matkul()
 2 SYSTEMPATH\CodeIgniter.php(509): CodeIgniter\CodeIgniter->runController(Object(App\Controllers\Admin))
 3 SYSTEMPATH\CodeIgniter.php(355): CodeIgniter\CodeIgniter->handleRequest(null, Object(Config\Cache), false)
 4 SYSTEMPATH\Boot.php(334): CodeIgniter\CodeIgniter->run()
 5 SYSTEMPATH\Boot.php(67): CodeIgniter\Boot::runCodeIgniter(Object(CodeIgniter\CodeIgniter))
 6 FCPATH\index.php(56): CodeIgniter\Boot::bootWeb(Object(Config\Paths))
CRITICAL - 2025-01-24 01:37:05 --> Error: Class "App\Models\Matkul_model" not found
[Method: GET, Route: admin/matkul]
in APPPATH\Controllers\Admin.php on line 26.
 1 SYSTEMPATH\CodeIgniter.php(933): App\Controllers\Admin->matkul()
 2 SYSTEMPATH\CodeIgniter.php(509): CodeIgniter\CodeIgniter->runController(Object(App\Controllers\Admin))
 3 SYSTEMPATH\CodeIgniter.php(355): CodeIgniter\CodeIgniter->handleRequest(null, Object(Config\Cache), false)
 4 SYSTEMPATH\Boot.php(334): CodeIgniter\CodeIgniter->run()
 5 SYSTEMPATH\Boot.php(67): CodeIgniter\Boot::runCodeIgniter(Object(CodeIgniter\CodeIgniter))
 6 FCPATH\index.php(56): CodeIgniter\Boot::bootWeb(Object(Config\Paths))
CRITICAL - 2025-01-24 01:38:27 --> CodeIgniter\View\Exceptions\ViewException: Invalid file: "admin/matkul.php"
[Method: GET, Route: admin/matkul]
in SYSTEMPATH\Exceptions\FrameworkException.php on line 41.
 1 SYSTEMPATH\View\View.php(222): CodeIgniter\Exceptions\FrameworkException::forInvalidFile('admin/matkul.php')
 2 SYSTEMPATH\Common.php(1171): CodeIgniter\View\View->render('admin/matkul', [], true)
 3 APPPATH\Controllers\Admin.php(29): view('admin/matkul', [...])
 4 SYSTEMPATH\CodeIgniter.php(933): App\Controllers\Admin->matkul()
 5 SYSTEMPATH\CodeIgniter.php(509): CodeIgniter\CodeIgniter->runController(Object(App\Controllers\Admin))
 6 SYSTEMPATH\CodeIgniter.php(355): CodeIgniter\CodeIgniter->handleRequest(null, Object(Config\Cache), false)
 7 SYSTEMPATH\Boot.php(334): CodeIgniter\CodeIgniter->run()
 8 SYSTEMPATH\Boot.php(67): CodeIgniter\Boot::runCodeIgniter(Object(CodeIgniter\CodeIgniter))
 9 FCPATH\index.php(56): CodeIgniter\Boot::bootWeb(Object(Config\Paths))
CRITICAL - 2025-01-24 01:38:28 --> CodeIgniter\View\Exceptions\ViewException: Invalid file: "admin/matkul.php"
[Method: GET, Route: admin/matkul]
in SYSTEMPATH\Exceptions\FrameworkException.php on line 41.
 1 SYSTEMPATH\View\View.php(222): CodeIgniter\Exceptions\FrameworkException::forInvalidFile('admin/matkul.php')
 2 SYSTEMPATH\Common.php(1171): CodeIgniter\View\View->render('admin/matkul', [], true)
 3 APPPATH\Controllers\Admin.php(29): view('admin/matkul', [...])
 4 SYSTEMPATH\CodeIgniter.php(933): App\Controllers\Admin->matkul()
 5 SYSTEMPATH\CodeIgniter.php(509): CodeIgniter\CodeIgniter->runController(Object(App\Controllers\Admin))
 6 SYSTEMPATH\CodeIgniter.php(355): CodeIgniter\CodeIgniter->handleRequest(null, Object(Config\Cache), false)
 7 SYSTEMPATH\Boot.php(334): CodeIgniter\CodeIgniter->run()
 8 SYSTEMPATH\Boot.php(67): CodeIgniter\Boot::runCodeIgniter(Object(CodeIgniter\CodeIgniter))
 9 FCPATH\index.php(56): CodeIgniter\Boot::bootWeb(Object(Config\Paths))
