CRITICAL - 2025-01-21 12:28:42 --> CodeIgniter\View\Exceptions\ViewException: Invalid file: "login.php"
[Method: GET, Route: login]
in SYSTEMPATH\Exceptions\FrameworkException.php on line 41.
 1 SYSTEMPATH\View\View.php(222): CodeIgniter\Exceptions\FrameworkException::forInvalidFile('login.php')
 2 SYSTEMPATH\Common.php(1171): CodeIgniter\View\View->render('login', [], true)
 3 APPPATH\Controllers\Auth.php(12): view('login')
 4 SYSTEMPATH\CodeIgniter.php(933): App\Controllers\Auth->login()
 5 SYSTEMPATH\CodeIgniter.php(509): CodeIgniter\CodeIgniter->runController(Object(App\Controllers\Auth))
 6 SYSTEMPATH\CodeIgniter.php(355): CodeIgniter\CodeIgniter->handleRequest(null, Object(Config\Cache), false)
 7 SYSTEMPATH\Boot.php(334): CodeIgniter\CodeIgniter->run()
 8 SYSTEMPATH\Boot.php(67): CodeIgniter\Boot::runCodeIgniter(Object(CodeIgniter\CodeIgniter))
 9 FCPATH\index.php(56): CodeIgniter\Boot::bootWeb(Object(Config\Paths))
CRITICAL - 2025-01-21 12:39:02 --> Error: Class "App\Controllers\UserModel" not found
[Method: POST, Route: auth/authentication]
in APPPATH\Controllers\Auth.php on line 57.
 1 SYSTEMPATH\CodeIgniter.php(933): App\Controllers\Auth->authentication()
 2 SYSTEMPATH\CodeIgniter.php(509): CodeIgniter\CodeIgniter->runController(Object(App\Controllers\Auth))
 3 SYSTEMPATH\CodeIgniter.php(355): CodeIgniter\CodeIgniter->handleRequest(null, Object(Config\Cache), false)
 4 SYSTEMPATH\Boot.php(334): CodeIgniter\CodeIgniter->run()
 5 SYSTEMPATH\Boot.php(67): CodeIgniter\Boot::runCodeIgniter(Object(CodeIgniter\CodeIgniter))
 6 FCPATH\index.php(56): CodeIgniter\Boot::bootWeb(Object(Config\Paths))
CRITICAL - 2025-01-21 12:39:42 --> ErrorException: Undefined array key "is_active"
[Method: POST, Route: auth/authentication]
in APPPATH\Controllers\Auth.php on line 74.
 1 APPPATH\Controllers\Auth.php(74): CodeIgniter\Debug\Exceptions->errorHandler(2, 'Undefined array key "is_active"', 'D:\\Archive\\PKL\\laragon\\www\\siakad-online\\app\\Controllers\\Auth.php', 74)
 2 SYSTEMPATH\CodeIgniter.php(933): App\Controllers\Auth->authentication()
 3 SYSTEMPATH\CodeIgniter.php(509): CodeIgniter\CodeIgniter->runController(Object(App\Controllers\Auth))
 4 SYSTEMPATH\CodeIgniter.php(355): CodeIgniter\CodeIgniter->handleRequest(null, Object(Config\Cache), false)
 5 SYSTEMPATH\Boot.php(334): CodeIgniter\CodeIgniter->run()
 6 SYSTEMPATH\Boot.php(67): CodeIgniter\Boot::runCodeIgniter(Object(CodeIgniter\CodeIgniter))
 7 FCPATH\index.php(56): CodeIgniter\Boot::bootWeb(Object(Config\Paths))
CRITICAL - 2025-01-21 12:41:44 --> ErrorException: Undefined array key "is_active"
[Method: POST, Route: auth/authentication]
in APPPATH\Controllers\Auth.php on line 74.
 1 APPPATH\Controllers\Auth.php(74): CodeIgniter\Debug\Exceptions->errorHandler(2, 'Undefined array key "is_active"', 'D:\\Archive\\PKL\\laragon\\www\\siakad-online\\app\\Controllers\\Auth.php', 74)
 2 SYSTEMPATH\CodeIgniter.php(933): App\Controllers\Auth->authentication()
 3 SYSTEMPATH\CodeIgniter.php(509): CodeIgniter\CodeIgniter->runController(Object(App\Controllers\Auth))
 4 SYSTEMPATH\CodeIgniter.php(355): CodeIgniter\CodeIgniter->handleRequest(null, Object(Config\Cache), false)
 5 SYSTEMPATH\Boot.php(334): CodeIgniter\CodeIgniter->run()
 6 SYSTEMPATH\Boot.php(67): CodeIgniter\Boot::runCodeIgniter(Object(CodeIgniter\CodeIgniter))
 7 FCPATH\index.php(56): CodeIgniter\Boot::bootWeb(Object(Config\Paths))
CRITICAL - 2025-01-21 12:43:49 --> ErrorException: Undefined array key "is_active"
[Method: POST, Route: auth/authentication]
in APPPATH\Controllers\Auth.php on line 74.
 1 APPPATH\Controllers\Auth.php(74): CodeIgniter\Debug\Exceptions->errorHandler(2, 'Undefined array key "is_active"', 'D:\\Archive\\PKL\\laragon\\www\\siakad-online\\app\\Controllers\\Auth.php', 74)
 2 SYSTEMPATH\CodeIgniter.php(933): App\Controllers\Auth->authentication()
 3 SYSTEMPATH\CodeIgniter.php(509): CodeIgniter\CodeIgniter->runController(Object(App\Controllers\Auth))
 4 SYSTEMPATH\CodeIgniter.php(355): CodeIgniter\CodeIgniter->handleRequest(null, Object(Config\Cache), false)
 5 SYSTEMPATH\Boot.php(334): CodeIgniter\CodeIgniter->run()
 6 SYSTEMPATH\Boot.php(67): CodeIgniter\Boot::runCodeIgniter(Object(CodeIgniter\CodeIgniter))
 7 FCPATH\index.php(56): CodeIgniter\Boot::bootWeb(Object(Config\Paths))
CRITICAL - 2025-01-21 12:43:54 --> ErrorException: Undefined array key "is_active"
[Method: POST, Route: auth/authentication]
in APPPATH\Controllers\Auth.php on line 74.
 1 APPPATH\Controllers\Auth.php(74): CodeIgniter\Debug\Exceptions->errorHandler(2, 'Undefined array key "is_active"', 'D:\\Archive\\PKL\\laragon\\www\\siakad-online\\app\\Controllers\\Auth.php', 74)
 2 SYSTEMPATH\CodeIgniter.php(933): App\Controllers\Auth->authentication()
 3 SYSTEMPATH\CodeIgniter.php(509): CodeIgniter\CodeIgniter->runController(Object(App\Controllers\Auth))
 4 SYSTEMPATH\CodeIgniter.php(355): CodeIgniter\CodeIgniter->handleRequest(null, Object(Config\Cache), false)
 5 SYSTEMPATH\Boot.php(334): CodeIgniter\CodeIgniter->run()
 6 SYSTEMPATH\Boot.php(67): CodeIgniter\Boot::runCodeIgniter(Object(CodeIgniter\CodeIgniter))
 7 FCPATH\index.php(56): CodeIgniter\Boot::bootWeb(Object(Config\Paths))
DEBUG - 2025-01-21 12:45:16 --> Session: Class initialized using 'CodeIgniter\Session\Handlers\FileHandler' driver.
WARNING - 2025-01-21 12:51:31 --> [DEPRECATED] password_hash(): Passing null to parameter #1 ($password) of type string is deprecated in APPPATH\Controllers\Auth.php on line 122.
 1 APPPATH\Controllers\Auth.php(122): password_hash(Object(SensitiveParameterValue), '2y')
 2 SYSTEMPATH\CodeIgniter.php(933): App\Controllers\Auth->create()
 3 SYSTEMPATH\CodeIgniter.php(509): CodeIgniter\CodeIgniter->runController(Object(App\Controllers\Auth))
 4 SYSTEMPATH\CodeIgniter.php(355): CodeIgniter\CodeIgniter->handleRequest(null, Object(Config\Cache), false)
 5 SYSTEMPATH\Boot.php(334): CodeIgniter\CodeIgniter->run()
 6 SYSTEMPATH\Boot.php(67): CodeIgniter\Boot::runCodeIgniter(Object(CodeIgniter\CodeIgniter))
 7 FCPATH\index.php(56): CodeIgniter\Boot::bootWeb(Object(Config\Paths))
ERROR - 2025-01-21 12:51:31 --> mysqli_sql_exception: Cannot add or update a child row: a foreign key constraint fails (`pkl`.`akun`, CONSTRAINT `akun_ibfk_1` FOREIGN KEY (`nim`) REFERENCES `mahasiswa` (`nim`) ON DELETE SET NULL ON UPDATE CASCADE) in D:\Archive\PKL\laragon\www\siakad-online\system\Database\MySQLi\Connection.php:312
Stack trace:
#0 D:\Archive\PKL\laragon\www\siakad-online\system\Database\MySQLi\Connection.php(312): mysqli->query('INSERT INTO `ak...', 0)
#1 D:\Archive\PKL\laragon\www\siakad-online\system\Database\BaseConnection.php(734): CodeIgniter\Database\MySQLi\Connection->execute('INSERT INTO `ak...')
#2 D:\Archive\PKL\laragon\www\siakad-online\system\Database\BaseConnection.php(648): CodeIgniter\Database\BaseConnection->simpleQuery('INSERT INTO `ak...')
#3 D:\Archive\PKL\laragon\www\siakad-online\system\Database\BaseBuilder.php(2340): CodeIgniter\Database\BaseConnection->query('INSERT INTO `ak...', Array, false)
#4 D:\Archive\PKL\laragon\www\siakad-online\app\Models\User_model.php(23): CodeIgniter\Database\BaseBuilder->insert(Array)
#5 D:\Archive\PKL\laragon\www\siakad-online\app\Controllers\Auth.php(125): App\Models\User_model->saveUser(Array)
#6 D:\Archive\PKL\laragon\www\siakad-online\system\CodeIgniter.php(933): App\Controllers\Auth->create()
#7 D:\Archive\PKL\laragon\www\siakad-online\system\CodeIgniter.php(509): CodeIgniter\CodeIgniter->runController(Object(App\Controllers\Auth))
#8 D:\Archive\PKL\laragon\www\siakad-online\system\CodeIgniter.php(355): CodeIgniter\CodeIgniter->handleRequest(NULL, Object(Config\Cache), false)
#9 D:\Archive\PKL\laragon\www\siakad-online\system\Boot.php(334): CodeIgniter\CodeIgniter->run()
#10 D:\Archive\PKL\laragon\www\siakad-online\system\Boot.php(67): CodeIgniter\Boot::runCodeIgniter(Object(CodeIgniter\CodeIgniter))
#11 D:\Archive\PKL\laragon\www\siakad-online\public\index.php(56): CodeIgniter\Boot::bootWeb(Object(Config\Paths))
#12 {main}
CRITICAL - 2025-01-21 12:51:31 --> CodeIgniter\Database\Exceptions\DatabaseException: Cannot add or update a child row: a foreign key constraint fails (`pkl`.`akun`, CONSTRAINT `akun_ibfk_1` FOREIGN KEY (`nim`) REFERENCES `mahasiswa` (`nim`) ON DELETE SET NULL ON UPDATE CASCADE)
[Method: POST, Route: auth/create]
in SYSTEMPATH\Database\BaseConnection.php on line 688.
 1 SYSTEMPATH\Database\BaseBuilder.php(2340): CodeIgniter\Database\BaseConnection->query('INSERT INTO `akun` (`nim`, `password`, `level`) VALUES (:nim:, :password:, :level:)', [...], false)
 2 APPPATH\Models\User_model.php(23): CodeIgniter\Database\BaseBuilder->insert([...])
 3 APPPATH\Controllers\Auth.php(125): App\Models\User_model->saveUser([...])
 4 SYSTEMPATH\CodeIgniter.php(933): App\Controllers\Auth->create()
 5 SYSTEMPATH\CodeIgniter.php(509): CodeIgniter\CodeIgniter->runController(Object(App\Controllers\Auth))
 6 SYSTEMPATH\CodeIgniter.php(355): CodeIgniter\CodeIgniter->handleRequest(null, Object(Config\Cache), false)
 7 SYSTEMPATH\Boot.php(334): CodeIgniter\CodeIgniter->run()
 8 SYSTEMPATH\Boot.php(67): CodeIgniter\Boot::runCodeIgniter(Object(CodeIgniter\CodeIgniter))
 9 FCPATH\index.php(56): CodeIgniter\Boot::bootWeb(Object(Config\Paths))
CRITICAL - 2025-01-21 12:51:31 --> [Caused by] CodeIgniter\Database\Exceptions\DatabaseException: Cannot add or update a child row: a foreign key constraint fails (`pkl`.`akun`, CONSTRAINT `akun_ibfk_1` FOREIGN KEY (`nim`) REFERENCES `mahasiswa` (`nim`) ON DELETE SET NULL ON UPDATE CASCADE)
in SYSTEMPATH\Database\MySQLi\Connection.php on line 317.
 1 SYSTEMPATH\Database\BaseConnection.php(734): CodeIgniter\Database\MySQLi\Connection->execute('INSERT INTO `akun` (`nim`, `password`, `level`) VALUES (\'111\', \'$2y$10$XD/4HE33C1g7HEJoFbXO/u4CEYKk4STmAhjZD3aRknmgfB8zJywke\', \'superadmin\')')
 2 SYSTEMPATH\Database\BaseConnection.php(648): CodeIgniter\Database\BaseConnection->simpleQuery('INSERT INTO `akun` (`nim`, `password`, `level`) VALUES (\'111\', \'$2y$10$XD/4HE33C1g7HEJoFbXO/u4CEYKk4STmAhjZD3aRknmgfB8zJywke\', \'superadmin\')')
 3 SYSTEMPATH\Database\BaseBuilder.php(2340): CodeIgniter\Database\BaseConnection->query('INSERT INTO `akun` (`nim`, `password`, `level`) VALUES (:nim:, :password:, :level:)', [...], false)
 4 APPPATH\Models\User_model.php(23): CodeIgniter\Database\BaseBuilder->insert([...])
 5 APPPATH\Controllers\Auth.php(125): App\Models\User_model->saveUser([...])
 6 SYSTEMPATH\CodeIgniter.php(933): App\Controllers\Auth->create()
 7 SYSTEMPATH\CodeIgniter.php(509): CodeIgniter\CodeIgniter->runController(Object(App\Controllers\Auth))
 8 SYSTEMPATH\CodeIgniter.php(355): CodeIgniter\CodeIgniter->handleRequest(null, Object(Config\Cache), false)
 9 SYSTEMPATH\Boot.php(334): CodeIgniter\CodeIgniter->run()
10 SYSTEMPATH\Boot.php(67): CodeIgniter\Boot::runCodeIgniter(Object(CodeIgniter\CodeIgniter))
11 FCPATH\index.php(56): CodeIgniter\Boot::bootWeb(Object(Config\Paths))
CRITICAL - 2025-01-21 12:51:31 --> [Caused by] mysqli_sql_exception: Cannot add or update a child row: a foreign key constraint fails (`pkl`.`akun`, CONSTRAINT `akun_ibfk_1` FOREIGN KEY (`nim`) REFERENCES `mahasiswa` (`nim`) ON DELETE SET NULL ON UPDATE CASCADE)
in SYSTEMPATH\Database\MySQLi\Connection.php on line 312.
 1 SYSTEMPATH\Database\MySQLi\Connection.php(312): mysqli->query('INSERT INTO `akun` (`nim`, `password`, `level`) VALUES (\'111\', \'$2y$10$XD/4HE33C1g7HEJoFbXO/u4CEYKk4STmAhjZD3aRknmgfB8zJywke\', \'superadmin\')', 0)
 2 SYSTEMPATH\Database\BaseConnection.php(734): CodeIgniter\Database\MySQLi\Connection->execute('INSERT INTO `akun` (`nim`, `password`, `level`) VALUES (\'111\', \'$2y$10$XD/4HE33C1g7HEJoFbXO/u4CEYKk4STmAhjZD3aRknmgfB8zJywke\', \'superadmin\')')
 3 SYSTEMPATH\Database\BaseConnection.php(648): CodeIgniter\Database\BaseConnection->simpleQuery('INSERT INTO `akun` (`nim`, `password`, `level`) VALUES (\'111\', \'$2y$10$XD/4HE33C1g7HEJoFbXO/u4CEYKk4STmAhjZD3aRknmgfB8zJywke\', \'superadmin\')')
 4 SYSTEMPATH\Database\BaseBuilder.php(2340): CodeIgniter\Database\BaseConnection->query('INSERT INTO `akun` (`nim`, `password`, `level`) VALUES (:nim:, :password:, :level:)', [...], false)
 5 APPPATH\Models\User_model.php(23): CodeIgniter\Database\BaseBuilder->insert([...])
 6 APPPATH\Controllers\Auth.php(125): App\Models\User_model->saveUser([...])
 7 SYSTEMPATH\CodeIgniter.php(933): App\Controllers\Auth->create()
 8 SYSTEMPATH\CodeIgniter.php(509): CodeIgniter\CodeIgniter->runController(Object(App\Controllers\Auth))
 9 SYSTEMPATH\CodeIgniter.php(355): CodeIgniter\CodeIgniter->handleRequest(null, Object(Config\Cache), false)
10 SYSTEMPATH\Boot.php(334): CodeIgniter\CodeIgniter->run()
11 SYSTEMPATH\Boot.php(67): CodeIgniter\Boot::runCodeIgniter(Object(CodeIgniter\CodeIgniter))
12 FCPATH\index.php(56): CodeIgniter\Boot::bootWeb(Object(Config\Paths))
WARNING - 2025-01-21 12:53:05 --> [DEPRECATED] password_hash(): Passing null to parameter #1 ($password) of type string is deprecated in APPPATH\Controllers\Auth.php on line 122.
 1 APPPATH\Controllers\Auth.php(122): password_hash(Object(SensitiveParameterValue), '2y')
 2 SYSTEMPATH\CodeIgniter.php(933): App\Controllers\Auth->create()
 3 SYSTEMPATH\CodeIgniter.php(509): CodeIgniter\CodeIgniter->runController(Object(App\Controllers\Auth))
 4 SYSTEMPATH\CodeIgniter.php(355): CodeIgniter\CodeIgniter->handleRequest(null, Object(Config\Cache), false)
 5 SYSTEMPATH\Boot.php(334): CodeIgniter\CodeIgniter->run()
 6 SYSTEMPATH\Boot.php(67): CodeIgniter\Boot::runCodeIgniter(Object(CodeIgniter\CodeIgniter))
 7 FCPATH\index.php(56): CodeIgniter\Boot::bootWeb(Object(Config\Paths))
DEBUG - 2025-01-21 12:53:16 --> Session: Class initialized using 'CodeIgniter\Session\Handlers\FileHandler' driver.
DEBUG - 2025-01-21 12:55:45 --> Session: Class initialized using 'CodeIgniter\Session\Handlers\FileHandler' driver.
