DEBUG - 2025-03-07 00:00:25 --> Session: Class initialized using 'CodeIgniter\Session\Handlers\FileHandler' driver.
DEBUG - 2025-03-07 00:07:08 --> Session: Class initialized using 'CodeIgniter\Session\Handlers\FileHandler' driver.
CRITICAL - 2025-03-07 00:15:51 --> Error: Class "App\Controllers\Fakultas_model" not found
[Method: GET, Route: admin/fakultas]
in APPPATH\Controllers\Admin.php on line 363.
 1 SYSTEMPATH\CodeIgniter.php(933): App\Controllers\Admin->fakultas()
 2 SYSTEMPATH\CodeIgniter.php(509): CodeIgniter\CodeIgniter->runController(Object(App\Controllers\Admin))
 3 SYSTEMPATH\CodeIgniter.php(355): CodeIgniter\CodeIgniter->handleRequest(null, Object(Config\Cache), false)
 4 SYSTEMPATH\Boot.php(334): CodeIgniter\CodeIgniter->run()
 5 SYSTEMPATH\Boot.php(67): CodeIgniter\Boot::runCodeIgniter(Object(CodeIgniter\CodeIgniter))
 6 FCPATH\index.php(56): CodeIgniter\Boot::bootWeb(Object(Config\Paths))
CRITICAL - 2025-03-07 00:17:58 --> Error: Class "App\Controllers\Fakultas_model" not found
[Method: GET, Route: admin/fakultas]
in APPPATH\Controllers\Admin.php on line 363.
 1 SYSTEMPATH\CodeIgniter.php(933): App\Controllers\Admin->fakultas()
 2 SYSTEMPATH\CodeIgniter.php(509): CodeIgniter\CodeIgniter->runController(Object(App\Controllers\Admin))
 3 SYSTEMPATH\CodeIgniter.php(355): CodeIgniter\CodeIgniter->handleRequest(null, Object(Config\Cache), false)
 4 SYSTEMPATH\Boot.php(334): CodeIgniter\CodeIgniter->run()
 5 SYSTEMPATH\Boot.php(67): CodeIgniter\Boot::runCodeIgniter(Object(CodeIgniter\CodeIgniter))
 6 FCPATH\index.php(56): CodeIgniter\Boot::bootWeb(Object(Config\Paths))
CRITICAL - 2025-03-07 00:19:13 --> Error: Class "App\Controllers\Fakultas_model" not found
[Method: GET, Route: admin/fakultas]
in APPPATH\Controllers\Admin.php on line 363.
 1 SYSTEMPATH\CodeIgniter.php(933): App\Controllers\Admin->fakultas()
 2 SYSTEMPATH\CodeIgniter.php(509): CodeIgniter\CodeIgniter->runController(Object(App\Controllers\Admin))
 3 SYSTEMPATH\CodeIgniter.php(355): CodeIgniter\CodeIgniter->handleRequest(null, Object(Config\Cache), false)
 4 SYSTEMPATH\Boot.php(334): CodeIgniter\CodeIgniter->run()
 5 SYSTEMPATH\Boot.php(67): CodeIgniter\Boot::runCodeIgniter(Object(CodeIgniter\CodeIgniter))
 6 FCPATH\index.php(56): CodeIgniter\Boot::bootWeb(Object(Config\Paths))
DEBUG - 2025-03-07 00:23:13 --> Session: Class initialized using 'CodeIgniter\Session\Handlers\FileHandler' driver.
DEBUG - 2025-03-07 00:25:32 --> Session: Class initialized using 'CodeIgniter\Session\Handlers\FileHandler' driver.
DEBUG - 2025-03-07 00:28:40 --> Session: Class initialized using 'CodeIgniter\Session\Handlers\FileHandler' driver.
DEBUG - 2025-03-07 00:28:53 --> Session: Class initialized using 'CodeIgniter\Session\Handlers\FileHandler' driver.
DEBUG - 2025-03-07 00:29:07 --> Session: Class initialized using 'CodeIgniter\Session\Handlers\FileHandler' driver.
DEBUG - 2025-03-07 00:29:24 --> Session: Class initialized using 'CodeIgniter\Session\Handlers\FileHandler' driver.
DEBUG - 2025-03-07 00:39:22 --> Session: Class initialized using 'CodeIgniter\Session\Handlers\FileHandler' driver.
DEBUG - 2025-03-07 00:39:28 --> Session: Class initialized using 'CodeIgniter\Session\Handlers\FileHandler' driver.
DEBUG - 2025-03-07 00:39:36 --> Session: Class initialized using 'CodeIgniter\Session\Handlers\FileHandler' driver.
DEBUG - 2025-03-07 00:39:51 --> Session: Class initialized using 'CodeIgniter\Session\Handlers\FileHandler' driver.
CRITICAL - 2025-03-07 00:40:21 --> Error: Class "App\Models\Fakultasodel" not found
[Method: POST, Route: admin/saveprodi]
in APPPATH\Controllers\Admin.php on line 339.
 1 SYSTEMPATH\CodeIgniter.php(933): App\Controllers\Admin->saveProdi()
 2 SYSTEMPATH\CodeIgniter.php(509): CodeIgniter\CodeIgniter->runController(Object(App\Controllers\Admin))
 3 SYSTEMPATH\CodeIgniter.php(355): CodeIgniter\CodeIgniter->handleRequest(null, Object(Config\Cache), false)
 4 SYSTEMPATH\Boot.php(334): CodeIgniter\CodeIgniter->run()
 5 SYSTEMPATH\Boot.php(67): CodeIgniter\Boot::runCodeIgniter(Object(CodeIgniter\CodeIgniter))
 6 FCPATH\index.php(56): CodeIgniter\Boot::bootWeb(Object(Config\Paths))
CRITICAL - 2025-03-07 00:41:19 --> Error: Class "App\Models\Fakulta_model" not found
[Method: POST, Route: admin/saveprodi]
in APPPATH\Controllers\Admin.php on line 339.
 1 SYSTEMPATH\CodeIgniter.php(933): App\Controllers\Admin->saveProdi()
 2 SYSTEMPATH\CodeIgniter.php(509): CodeIgniter\CodeIgniter->runController(Object(App\Controllers\Admin))
 3 SYSTEMPATH\CodeIgniter.php(355): CodeIgniter\CodeIgniter->handleRequest(null, Object(Config\Cache), false)
 4 SYSTEMPATH\Boot.php(334): CodeIgniter\CodeIgniter->run()
 5 SYSTEMPATH\Boot.php(67): CodeIgniter\Boot::runCodeIgniter(Object(CodeIgniter\CodeIgniter))
 6 FCPATH\index.php(56): CodeIgniter\Boot::bootWeb(Object(Config\Paths))
DEBUG - 2025-03-07 00:41:22 --> Session: Class initialized using 'CodeIgniter\Session\Handlers\FileHandler' driver.
CRITICAL - 2025-03-07 00:41:31 --> Error: Class "App\Models\Fakulta_model" not found
[Method: POST, Route: admin/saveprodi]
in APPPATH\Controllers\Admin.php on line 339.
 1 SYSTEMPATH\CodeIgniter.php(933): App\Controllers\Admin->saveProdi()
 2 SYSTEMPATH\CodeIgniter.php(509): CodeIgniter\CodeIgniter->runController(Object(App\Controllers\Admin))
 3 SYSTEMPATH\CodeIgniter.php(355): CodeIgniter\CodeIgniter->handleRequest(null, Object(Config\Cache), false)
 4 SYSTEMPATH\Boot.php(334): CodeIgniter\CodeIgniter->run()
 5 SYSTEMPATH\Boot.php(67): CodeIgniter\Boot::runCodeIgniter(Object(CodeIgniter\CodeIgniter))
 6 FCPATH\index.php(56): CodeIgniter\Boot::bootWeb(Object(Config\Paths))
DEBUG - 2025-03-07 00:41:44 --> Session: Class initialized using 'CodeIgniter\Session\Handlers\FileHandler' driver.
DEBUG - 2025-03-07 00:41:44 --> Session: Class initialized using 'CodeIgniter\Session\Handlers\FileHandler' driver.
DEBUG - 2025-03-07 00:41:53 --> Session: Class initialized using 'CodeIgniter\Session\Handlers\FileHandler' driver.
DEBUG - 2025-03-07 00:41:53 --> Session: Class initialized using 'CodeIgniter\Session\Handlers\FileHandler' driver.
DEBUG - 2025-03-07 00:44:59 --> Session: Class initialized using 'CodeIgniter\Session\Handlers\FileHandler' driver.
DEBUG - 2025-03-07 00:45:10 --> Session: Class initialized using 'CodeIgniter\Session\Handlers\FileHandler' driver.
DEBUG - 2025-03-07 00:45:12 --> Session: Class initialized using 'CodeIgniter\Session\Handlers\FileHandler' driver.
CRITICAL - 2025-03-07 00:54:26 --> ErrorException: Undefined array key "id_prodi"
[Method: GET, Route: admin/fakultas]
in APPPATH\Views\admin\fakultas.php on line 456.
 1 APPPATH\Views\admin\fakultas.php(456): CodeIgniter\Debug\Exceptions->errorHandler(2, 'Undefined array key "id_prodi"', 'D:\\laragon\\www\\siakad-online\\app\\Views\\admin\\fakultas.php', 456)
 2 SYSTEMPATH\View\View.php(234): include('D:\\laragon\\www\\siakad-online\\app\\Views\\admin\\fakultas.php')
 3 SYSTEMPATH\View\View.php(237): CodeIgniter\View\View->CodeIgniter\View\{closure}()
 4 SYSTEMPATH\Common.php(1171): CodeIgniter\View\View->render('admin/fakultas', [], true)
 5 APPPATH\Controllers\Admin.php(368): view('admin/fakultas', [...])
 6 SYSTEMPATH\CodeIgniter.php(933): App\Controllers\Admin->fakultas()
 7 SYSTEMPATH\CodeIgniter.php(509): CodeIgniter\CodeIgniter->runController(Object(App\Controllers\Admin))
 8 SYSTEMPATH\CodeIgniter.php(355): CodeIgniter\CodeIgniter->handleRequest(null, Object(Config\Cache), false)
 9 SYSTEMPATH\Boot.php(334): CodeIgniter\CodeIgniter->run()
10 SYSTEMPATH\Boot.php(67): CodeIgniter\Boot::runCodeIgniter(Object(CodeIgniter\CodeIgniter))
11 FCPATH\index.php(56): CodeIgniter\Boot::bootWeb(Object(Config\Paths))
DEBUG - 2025-03-07 00:54:41 --> Session: Class initialized using 'CodeIgniter\Session\Handlers\FileHandler' driver.
DEBUG - 2025-03-07 00:54:48 --> Session: Class initialized using 'CodeIgniter\Session\Handlers\FileHandler' driver.
DEBUG - 2025-03-07 00:55:11 --> Session: Class initialized using 'CodeIgniter\Session\Handlers\FileHandler' driver.
DEBUG - 2025-03-07 00:55:28 --> Session: Class initialized using 'CodeIgniter\Session\Handlers\FileHandler' driver.
CRITICAL - 2025-03-07 00:55:28 --> ErrorException: Undefined array key "nama_fakultas"
[Method: GET, Route: admin/prodi]
in APPPATH\Views\admin\prodi.php on line 504.
 1 APPPATH\Views\admin\prodi.php(504): CodeIgniter\Debug\Exceptions->errorHandler(2, 'Undefined array key "nama_fakultas"', 'D:\\laragon\\www\\siakad-online\\app\\Views\\admin\\prodi.php', 504)
 2 SYSTEMPATH\View\View.php(234): include('D:\\laragon\\www\\siakad-online\\app\\Views\\admin\\prodi.php')
 3 SYSTEMPATH\View\View.php(237): CodeIgniter\View\View->CodeIgniter\View\{closure}()
 4 SYSTEMPATH\Common.php(1171): CodeIgniter\View\View->render('admin/prodi', [], true)
 5 APPPATH\Controllers\Admin.php(291): view('admin/prodi', [...])
 6 SYSTEMPATH\CodeIgniter.php(933): App\Controllers\Admin->index()
 7 SYSTEMPATH\CodeIgniter.php(509): CodeIgniter\CodeIgniter->runController(Object(App\Controllers\Admin))
 8 SYSTEMPATH\CodeIgniter.php(355): CodeIgniter\CodeIgniter->handleRequest(null, Object(Config\Cache), false)
 9 SYSTEMPATH\Boot.php(334): CodeIgniter\CodeIgniter->run()
10 SYSTEMPATH\Boot.php(67): CodeIgniter\Boot::runCodeIgniter(Object(CodeIgniter\CodeIgniter))
11 FCPATH\index.php(56): CodeIgniter\Boot::bootWeb(Object(Config\Paths))
DEBUG - 2025-03-07 00:56:13 --> Session: Class initialized using 'CodeIgniter\Session\Handlers\FileHandler' driver.
DEBUG - 2025-03-07 00:56:18 --> Session: Class initialized using 'CodeIgniter\Session\Handlers\FileHandler' driver.
DEBUG - 2025-03-07 00:56:55 --> Session: Class initialized using 'CodeIgniter\Session\Handlers\FileHandler' driver.
DEBUG - 2025-03-07 00:57:00 --> Session: Class initialized using 'CodeIgniter\Session\Handlers\FileHandler' driver.
DEBUG - 2025-03-07 00:59:35 --> Session: Class initialized using 'CodeIgniter\Session\Handlers\FileHandler' driver.
CRITICAL - 2025-03-07 00:59:42 --> Error: Class "App\Controllers\ProdiModel" not found
[Method: POST, Route: admin/editprodi]
in APPPATH\Controllers\Admin.php on line 311.
 1 SYSTEMPATH\CodeIgniter.php(933): App\Controllers\Admin->editProdi()
 2 SYSTEMPATH\CodeIgniter.php(509): CodeIgniter\CodeIgniter->runController(Object(App\Controllers\Admin))
 3 SYSTEMPATH\CodeIgniter.php(355): CodeIgniter\CodeIgniter->handleRequest(null, Object(Config\Cache), false)
 4 SYSTEMPATH\Boot.php(334): CodeIgniter\CodeIgniter->run()
 5 SYSTEMPATH\Boot.php(67): CodeIgniter\Boot::runCodeIgniter(Object(CodeIgniter\CodeIgniter))
 6 FCPATH\index.php(56): CodeIgniter\Boot::bootWeb(Object(Config\Paths))
CRITICAL - 2025-03-07 01:01:11 --> Error: Class "App\Controllers\ProdiModel" not found
[Method: POST, Route: admin/editprodi]
in APPPATH\Controllers\Admin.php on line 311.
 1 SYSTEMPATH\CodeIgniter.php(933): App\Controllers\Admin->editProdi()
 2 SYSTEMPATH\CodeIgniter.php(509): CodeIgniter\CodeIgniter->runController(Object(App\Controllers\Admin))
 3 SYSTEMPATH\CodeIgniter.php(355): CodeIgniter\CodeIgniter->handleRequest(null, Object(Config\Cache), false)
 4 SYSTEMPATH\Boot.php(334): CodeIgniter\CodeIgniter->run()
 5 SYSTEMPATH\Boot.php(67): CodeIgniter\Boot::runCodeIgniter(Object(CodeIgniter\CodeIgniter))
 6 FCPATH\index.php(56): CodeIgniter\Boot::bootWeb(Object(Config\Paths))
ERROR - 2025-03-07 01:01:36 --> mysqli_sql_exception: Cannot add or update a child row: a foreign key constraint fails (`siakad-online`.`prodi`, CONSTRAINT `prodi_ibfk_1` FOREIGN KEY (`id_fakultas`) REFERENCES `fakultas` (`id_fakultas`) ON DELETE CASCADE) in D:\laragon\www\siakad-online\system\Database\MySQLi\Connection.php:312
Stack trace:
#0 D:\laragon\www\siakad-online\system\Database\MySQLi\Connection.php(312): mysqli->query('UPDATE `prodi` ...', 0)
#1 D:\laragon\www\siakad-online\system\Database\BaseConnection.php(734): CodeIgniter\Database\MySQLi\Connection->execute('UPDATE `prodi` ...')
#2 D:\laragon\www\siakad-online\system\Database\BaseConnection.php(648): CodeIgniter\Database\BaseConnection->simpleQuery('UPDATE `prodi` ...')
#3 D:\laragon\www\siakad-online\system\Database\BaseBuilder.php(2516): CodeIgniter\Database\BaseConnection->query('UPDATE `prodi` ...', Array, false)
#4 D:\laragon\www\siakad-online\system\Model.php(461): CodeIgniter\Database\BaseBuilder->update()
#5 D:\laragon\www\siakad-online\system\BaseModel.php(1027): CodeIgniter\Model->doUpdate(Array, Array)
#6 D:\laragon\www\siakad-online\system\Model.php(863): CodeIgniter\BaseModel->update(Array, Array)
#7 D:\laragon\www\siakad-online\app\Controllers\Admin.php(323): CodeIgniter\Model->update('9', Array)
#8 D:\laragon\www\siakad-online\system\CodeIgniter.php(933): App\Controllers\Admin->editProdi()
#9 D:\laragon\www\siakad-online\system\CodeIgniter.php(509): CodeIgniter\CodeIgniter->runController(Object(App\Controllers\Admin))
#10 D:\laragon\www\siakad-online\system\CodeIgniter.php(355): CodeIgniter\CodeIgniter->handleRequest(NULL, Object(Config\Cache), false)
#11 D:\laragon\www\siakad-online\system\Boot.php(334): CodeIgniter\CodeIgniter->run()
#12 D:\laragon\www\siakad-online\system\Boot.php(67): CodeIgniter\Boot::runCodeIgniter(Object(CodeIgniter\CodeIgniter))
#13 D:\laragon\www\siakad-online\public\index.php(56): CodeIgniter\Boot::bootWeb(Object(Config\Paths))
#14 {main}
CRITICAL - 2025-03-07 01:01:36 --> CodeIgniter\Database\Exceptions\DatabaseException: Cannot add or update a child row: a foreign key constraint fails (`siakad-online`.`prodi`, CONSTRAINT `prodi_ibfk_1` FOREIGN KEY (`id_fakultas`) REFERENCES `fakultas` (`id_fakultas`) ON DELETE CASCADE)
[Method: POST, Route: admin/editprodi]
in SYSTEMPATH\Database\BaseConnection.php on line 688.
 1 SYSTEMPATH\Database\BaseBuilder.php(2516): CodeIgniter\Database\BaseConnection->query('UPDATE `prodi` SET `nama_prodi` = :nama_prodi:, `id_fakultas` = :id_fakultas:
WHERE `prodi`.`id_prodi` IN :prodi.id_prodi:', [...], false)
 2 SYSTEMPATH\Model.php(461): CodeIgniter\Database\BaseBuilder->update()
 3 SYSTEMPATH\BaseModel.php(1027): CodeIgniter\Model->doUpdate([...], [...])
 4 SYSTEMPATH\Model.php(863): CodeIgniter\BaseModel->update([...], [...])
 5 APPPATH\Controllers\Admin.php(323): CodeIgniter\Model->update('9', [...])
 6 SYSTEMPATH\CodeIgniter.php(933): App\Controllers\Admin->editProdi()
 7 SYSTEMPATH\CodeIgniter.php(509): CodeIgniter\CodeIgniter->runController(Object(App\Controllers\Admin))
 8 SYSTEMPATH\CodeIgniter.php(355): CodeIgniter\CodeIgniter->handleRequest(null, Object(Config\Cache), false)
 9 SYSTEMPATH\Boot.php(334): CodeIgniter\CodeIgniter->run()
10 SYSTEMPATH\Boot.php(67): CodeIgniter\Boot::runCodeIgniter(Object(CodeIgniter\CodeIgniter))
11 FCPATH\index.php(56): CodeIgniter\Boot::bootWeb(Object(Config\Paths))
CRITICAL - 2025-03-07 01:01:36 --> [Caused by] CodeIgniter\Database\Exceptions\DatabaseException: Cannot add or update a child row: a foreign key constraint fails (`siakad-online`.`prodi`, CONSTRAINT `prodi_ibfk_1` FOREIGN KEY (`id_fakultas`) REFERENCES `fakultas` (`id_fakultas`) ON DELETE CASCADE)
in SYSTEMPATH\Database\MySQLi\Connection.php on line 317.
 1 SYSTEMPATH\Database\BaseConnection.php(734): CodeIgniter\Database\MySQLi\Connection->execute('UPDATE `prodi` SET `nama_prodi` = \'aaaaaaaaaaaaaaa\', `id_fakultas` = \'123\'
WHERE `prodi`.`id_prodi` IN (\'9\')')
 2 SYSTEMPATH\Database\BaseConnection.php(648): CodeIgniter\Database\BaseConnection->simpleQuery('UPDATE `prodi` SET `nama_prodi` = \'aaaaaaaaaaaaaaa\', `id_fakultas` = \'123\'
WHERE `prodi`.`id_prodi` IN (\'9\')')
 3 SYSTEMPATH\Database\BaseBuilder.php(2516): CodeIgniter\Database\BaseConnection->query('UPDATE `prodi` SET `nama_prodi` = :nama_prodi:, `id_fakultas` = :id_fakultas:
WHERE `prodi`.`id_prodi` IN :prodi.id_prodi:', [...], false)
 4 SYSTEMPATH\Model.php(461): CodeIgniter\Database\BaseBuilder->update()
 5 SYSTEMPATH\BaseModel.php(1027): CodeIgniter\Model->doUpdate([...], [...])
 6 SYSTEMPATH\Model.php(863): CodeIgniter\BaseModel->update([...], [...])
 7 APPPATH\Controllers\Admin.php(323): CodeIgniter\Model->update('9', [...])
 8 SYSTEMPATH\CodeIgniter.php(933): App\Controllers\Admin->editProdi()
 9 SYSTEMPATH\CodeIgniter.php(509): CodeIgniter\CodeIgniter->runController(Object(App\Controllers\Admin))
10 SYSTEMPATH\CodeIgniter.php(355): CodeIgniter\CodeIgniter->handleRequest(null, Object(Config\Cache), false)
11 SYSTEMPATH\Boot.php(334): CodeIgniter\CodeIgniter->run()
12 SYSTEMPATH\Boot.php(67): CodeIgniter\Boot::runCodeIgniter(Object(CodeIgniter\CodeIgniter))
13 FCPATH\index.php(56): CodeIgniter\Boot::bootWeb(Object(Config\Paths))
CRITICAL - 2025-03-07 01:01:36 --> [Caused by] mysqli_sql_exception: Cannot add or update a child row: a foreign key constraint fails (`siakad-online`.`prodi`, CONSTRAINT `prodi_ibfk_1` FOREIGN KEY (`id_fakultas`) REFERENCES `fakultas` (`id_fakultas`) ON DELETE CASCADE)
in SYSTEMPATH\Database\MySQLi\Connection.php on line 312.
 1 SYSTEMPATH\Database\MySQLi\Connection.php(312): mysqli->query('UPDATE `prodi` SET `nama_prodi` = \'aaaaaaaaaaaaaaa\', `id_fakultas` = \'123\'
WHERE `prodi`.`id_prodi` IN (\'9\')', 0)
 2 SYSTEMPATH\Database\BaseConnection.php(734): CodeIgniter\Database\MySQLi\Connection->execute('UPDATE `prodi` SET `nama_prodi` = \'aaaaaaaaaaaaaaa\', `id_fakultas` = \'123\'
WHERE `prodi`.`id_prodi` IN (\'9\')')
 3 SYSTEMPATH\Database\BaseConnection.php(648): CodeIgniter\Database\BaseConnection->simpleQuery('UPDATE `prodi` SET `nama_prodi` = \'aaaaaaaaaaaaaaa\', `id_fakultas` = \'123\'
WHERE `prodi`.`id_prodi` IN (\'9\')')
 4 SYSTEMPATH\Database\BaseBuilder.php(2516): CodeIgniter\Database\BaseConnection->query('UPDATE `prodi` SET `nama_prodi` = :nama_prodi:, `id_fakultas` = :id_fakultas:
WHERE `prodi`.`id_prodi` IN :prodi.id_prodi:', [...], false)
 5 SYSTEMPATH\Model.php(461): CodeIgniter\Database\BaseBuilder->update()
 6 SYSTEMPATH\BaseModel.php(1027): CodeIgniter\Model->doUpdate([...], [...])
 7 SYSTEMPATH\Model.php(863): CodeIgniter\BaseModel->update([...], [...])
 8 APPPATH\Controllers\Admin.php(323): CodeIgniter\Model->update('9', [...])
 9 SYSTEMPATH\CodeIgniter.php(933): App\Controllers\Admin->editProdi()
10 SYSTEMPATH\CodeIgniter.php(509): CodeIgniter\CodeIgniter->runController(Object(App\Controllers\Admin))
11 SYSTEMPATH\CodeIgniter.php(355): CodeIgniter\CodeIgniter->handleRequest(null, Object(Config\Cache), false)
12 SYSTEMPATH\Boot.php(334): CodeIgniter\CodeIgniter->run()
13 SYSTEMPATH\Boot.php(67): CodeIgniter\Boot::runCodeIgniter(Object(CodeIgniter\CodeIgniter))
14 FCPATH\index.php(56): CodeIgniter\Boot::bootWeb(Object(Config\Paths))
ERROR - 2025-03-07 01:02:04 --> mysqli_sql_exception: Cannot add or update a child row: a foreign key constraint fails (`siakad-online`.`prodi`, CONSTRAINT `prodi_ibfk_1` FOREIGN KEY (`id_fakultas`) REFERENCES `fakultas` (`id_fakultas`) ON DELETE CASCADE) in D:\laragon\www\siakad-online\system\Database\MySQLi\Connection.php:312
Stack trace:
#0 D:\laragon\www\siakad-online\system\Database\MySQLi\Connection.php(312): mysqli->query('UPDATE `prodi` ...', 0)
#1 D:\laragon\www\siakad-online\system\Database\BaseConnection.php(734): CodeIgniter\Database\MySQLi\Connection->execute('UPDATE `prodi` ...')
#2 D:\laragon\www\siakad-online\system\Database\BaseConnection.php(648): CodeIgniter\Database\BaseConnection->simpleQuery('UPDATE `prodi` ...')
#3 D:\laragon\www\siakad-online\system\Database\BaseBuilder.php(2516): CodeIgniter\Database\BaseConnection->query('UPDATE `prodi` ...', Array, false)
#4 D:\laragon\www\siakad-online\system\Model.php(461): CodeIgniter\Database\BaseBuilder->update()
#5 D:\laragon\www\siakad-online\system\BaseModel.php(1027): CodeIgniter\Model->doUpdate(Array, Array)
#6 D:\laragon\www\siakad-online\system\Model.php(863): CodeIgniter\BaseModel->update(Array, Array)
#7 D:\laragon\www\siakad-online\app\Controllers\Admin.php(323): CodeIgniter\Model->update('9', Array)
#8 D:\laragon\www\siakad-online\system\CodeIgniter.php(933): App\Controllers\Admin->editProdi()
#9 D:\laragon\www\siakad-online\system\CodeIgniter.php(509): CodeIgniter\CodeIgniter->runController(Object(App\Controllers\Admin))
#10 D:\laragon\www\siakad-online\system\CodeIgniter.php(355): CodeIgniter\CodeIgniter->handleRequest(NULL, Object(Config\Cache), false)
#11 D:\laragon\www\siakad-online\system\Boot.php(334): CodeIgniter\CodeIgniter->run()
#12 D:\laragon\www\siakad-online\system\Boot.php(67): CodeIgniter\Boot::runCodeIgniter(Object(CodeIgniter\CodeIgniter))
#13 D:\laragon\www\siakad-online\public\index.php(56): CodeIgniter\Boot::bootWeb(Object(Config\Paths))
#14 {main}
CRITICAL - 2025-03-07 01:02:04 --> CodeIgniter\Database\Exceptions\DatabaseException: Cannot add or update a child row: a foreign key constraint fails (`siakad-online`.`prodi`, CONSTRAINT `prodi_ibfk_1` FOREIGN KEY (`id_fakultas`) REFERENCES `fakultas` (`id_fakultas`) ON DELETE CASCADE)
[Method: POST, Route: admin/editprodi]
in SYSTEMPATH\Database\BaseConnection.php on line 688.
 1 SYSTEMPATH\Database\BaseBuilder.php(2516): CodeIgniter\Database\BaseConnection->query('UPDATE `prodi` SET `nama_prodi` = :nama_prodi:, `id_fakultas` = :id_fakultas:
WHERE `prodi`.`id_prodi` IN :prodi.id_prodi:', [...], false)
 2 SYSTEMPATH\Model.php(461): CodeIgniter\Database\BaseBuilder->update()
 3 SYSTEMPATH\BaseModel.php(1027): CodeIgniter\Model->doUpdate([...], [...])
 4 SYSTEMPATH\Model.php(863): CodeIgniter\BaseModel->update([...], [...])
 5 APPPATH\Controllers\Admin.php(323): CodeIgniter\Model->update('9', [...])
 6 SYSTEMPATH\CodeIgniter.php(933): App\Controllers\Admin->editProdi()
 7 SYSTEMPATH\CodeIgniter.php(509): CodeIgniter\CodeIgniter->runController(Object(App\Controllers\Admin))
 8 SYSTEMPATH\CodeIgniter.php(355): CodeIgniter\CodeIgniter->handleRequest(null, Object(Config\Cache), false)
 9 SYSTEMPATH\Boot.php(334): CodeIgniter\CodeIgniter->run()
10 SYSTEMPATH\Boot.php(67): CodeIgniter\Boot::runCodeIgniter(Object(CodeIgniter\CodeIgniter))
11 FCPATH\index.php(56): CodeIgniter\Boot::bootWeb(Object(Config\Paths))
CRITICAL - 2025-03-07 01:02:04 --> [Caused by] CodeIgniter\Database\Exceptions\DatabaseException: Cannot add or update a child row: a foreign key constraint fails (`siakad-online`.`prodi`, CONSTRAINT `prodi_ibfk_1` FOREIGN KEY (`id_fakultas`) REFERENCES `fakultas` (`id_fakultas`) ON DELETE CASCADE)
in SYSTEMPATH\Database\MySQLi\Connection.php on line 317.
 1 SYSTEMPATH\Database\BaseConnection.php(734): CodeIgniter\Database\MySQLi\Connection->execute('UPDATE `prodi` SET `nama_prodi` = \'aaaaaaaaaaaaaaa\', `id_fakultas` = \'123\'
WHERE `prodi`.`id_prodi` IN (\'9\')')
 2 SYSTEMPATH\Database\BaseConnection.php(648): CodeIgniter\Database\BaseConnection->simpleQuery('UPDATE `prodi` SET `nama_prodi` = \'aaaaaaaaaaaaaaa\', `id_fakultas` = \'123\'
WHERE `prodi`.`id_prodi` IN (\'9\')')
 3 SYSTEMPATH\Database\BaseBuilder.php(2516): CodeIgniter\Database\BaseConnection->query('UPDATE `prodi` SET `nama_prodi` = :nama_prodi:, `id_fakultas` = :id_fakultas:
WHERE `prodi`.`id_prodi` IN :prodi.id_prodi:', [...], false)
 4 SYSTEMPATH\Model.php(461): CodeIgniter\Database\BaseBuilder->update()
 5 SYSTEMPATH\BaseModel.php(1027): CodeIgniter\Model->doUpdate([...], [...])
 6 SYSTEMPATH\Model.php(863): CodeIgniter\BaseModel->update([...], [...])
 7 APPPATH\Controllers\Admin.php(323): CodeIgniter\Model->update('9', [...])
 8 SYSTEMPATH\CodeIgniter.php(933): App\Controllers\Admin->editProdi()
 9 SYSTEMPATH\CodeIgniter.php(509): CodeIgniter\CodeIgniter->runController(Object(App\Controllers\Admin))
10 SYSTEMPATH\CodeIgniter.php(355): CodeIgniter\CodeIgniter->handleRequest(null, Object(Config\Cache), false)
11 SYSTEMPATH\Boot.php(334): CodeIgniter\CodeIgniter->run()
12 SYSTEMPATH\Boot.php(67): CodeIgniter\Boot::runCodeIgniter(Object(CodeIgniter\CodeIgniter))
13 FCPATH\index.php(56): CodeIgniter\Boot::bootWeb(Object(Config\Paths))
CRITICAL - 2025-03-07 01:02:04 --> [Caused by] mysqli_sql_exception: Cannot add or update a child row: a foreign key constraint fails (`siakad-online`.`prodi`, CONSTRAINT `prodi_ibfk_1` FOREIGN KEY (`id_fakultas`) REFERENCES `fakultas` (`id_fakultas`) ON DELETE CASCADE)
in SYSTEMPATH\Database\MySQLi\Connection.php on line 312.
 1 SYSTEMPATH\Database\MySQLi\Connection.php(312): mysqli->query('UPDATE `prodi` SET `nama_prodi` = \'aaaaaaaaaaaaaaa\', `id_fakultas` = \'123\'
WHERE `prodi`.`id_prodi` IN (\'9\')', 0)
 2 SYSTEMPATH\Database\BaseConnection.php(734): CodeIgniter\Database\MySQLi\Connection->execute('UPDATE `prodi` SET `nama_prodi` = \'aaaaaaaaaaaaaaa\', `id_fakultas` = \'123\'
WHERE `prodi`.`id_prodi` IN (\'9\')')
 3 SYSTEMPATH\Database\BaseConnection.php(648): CodeIgniter\Database\BaseConnection->simpleQuery('UPDATE `prodi` SET `nama_prodi` = \'aaaaaaaaaaaaaaa\', `id_fakultas` = \'123\'
WHERE `prodi`.`id_prodi` IN (\'9\')')
 4 SYSTEMPATH\Database\BaseBuilder.php(2516): CodeIgniter\Database\BaseConnection->query('UPDATE `prodi` SET `nama_prodi` = :nama_prodi:, `id_fakultas` = :id_fakultas:
WHERE `prodi`.`id_prodi` IN :prodi.id_prodi:', [...], false)
 5 SYSTEMPATH\Model.php(461): CodeIgniter\Database\BaseBuilder->update()
 6 SYSTEMPATH\BaseModel.php(1027): CodeIgniter\Model->doUpdate([...], [...])
 7 SYSTEMPATH\Model.php(863): CodeIgniter\BaseModel->update([...], [...])
 8 APPPATH\Controllers\Admin.php(323): CodeIgniter\Model->update('9', [...])
 9 SYSTEMPATH\CodeIgniter.php(933): App\Controllers\Admin->editProdi()
10 SYSTEMPATH\CodeIgniter.php(509): CodeIgniter\CodeIgniter->runController(Object(App\Controllers\Admin))
11 SYSTEMPATH\CodeIgniter.php(355): CodeIgniter\CodeIgniter->handleRequest(null, Object(Config\Cache), false)
12 SYSTEMPATH\Boot.php(334): CodeIgniter\CodeIgniter->run()
13 SYSTEMPATH\Boot.php(67): CodeIgniter\Boot::runCodeIgniter(Object(CodeIgniter\CodeIgniter))
14 FCPATH\index.php(56): CodeIgniter\Boot::bootWeb(Object(Config\Paths))
ERROR - 2025-03-07 01:02:25 --> mysqli_sql_exception: Cannot add or update a child row: a foreign key constraint fails (`siakad-online`.`prodi`, CONSTRAINT `prodi_ibfk_1` FOREIGN KEY (`id_fakultas`) REFERENCES `fakultas` (`id_fakultas`) ON DELETE CASCADE) in D:\laragon\www\siakad-online\system\Database\MySQLi\Connection.php:312
Stack trace:
#0 D:\laragon\www\siakad-online\system\Database\MySQLi\Connection.php(312): mysqli->query('UPDATE `prodi` ...', 0)
#1 D:\laragon\www\siakad-online\system\Database\BaseConnection.php(734): CodeIgniter\Database\MySQLi\Connection->execute('UPDATE `prodi` ...')
#2 D:\laragon\www\siakad-online\system\Database\BaseConnection.php(648): CodeIgniter\Database\BaseConnection->simpleQuery('UPDATE `prodi` ...')
#3 D:\laragon\www\siakad-online\system\Database\BaseBuilder.php(2516): CodeIgniter\Database\BaseConnection->query('UPDATE `prodi` ...', Array, false)
#4 D:\laragon\www\siakad-online\system\Model.php(461): CodeIgniter\Database\BaseBuilder->update()
#5 D:\laragon\www\siakad-online\system\BaseModel.php(1027): CodeIgniter\Model->doUpdate(Array, Array)
#6 D:\laragon\www\siakad-online\system\Model.php(863): CodeIgniter\BaseModel->update(Array, Array)
#7 D:\laragon\www\siakad-online\app\Controllers\Admin.php(323): CodeIgniter\Model->update('9', Array)
#8 D:\laragon\www\siakad-online\system\CodeIgniter.php(933): App\Controllers\Admin->editProdi()
#9 D:\laragon\www\siakad-online\system\CodeIgniter.php(509): CodeIgniter\CodeIgniter->runController(Object(App\Controllers\Admin))
#10 D:\laragon\www\siakad-online\system\CodeIgniter.php(355): CodeIgniter\CodeIgniter->handleRequest(NULL, Object(Config\Cache), false)
#11 D:\laragon\www\siakad-online\system\Boot.php(334): CodeIgniter\CodeIgniter->run()
#12 D:\laragon\www\siakad-online\system\Boot.php(67): CodeIgniter\Boot::runCodeIgniter(Object(CodeIgniter\CodeIgniter))
#13 D:\laragon\www\siakad-online\public\index.php(56): CodeIgniter\Boot::bootWeb(Object(Config\Paths))
#14 {main}
CRITICAL - 2025-03-07 01:02:25 --> CodeIgniter\Database\Exceptions\DatabaseException: Cannot add or update a child row: a foreign key constraint fails (`siakad-online`.`prodi`, CONSTRAINT `prodi_ibfk_1` FOREIGN KEY (`id_fakultas`) REFERENCES `fakultas` (`id_fakultas`) ON DELETE CASCADE)
[Method: POST, Route: admin/editprodi]
in SYSTEMPATH\Database\BaseConnection.php on line 688.
 1 SYSTEMPATH\Database\BaseBuilder.php(2516): CodeIgniter\Database\BaseConnection->query('UPDATE `prodi` SET `nama_prodi` = :nama_prodi:, `id_fakultas` = :id_fakultas:
WHERE `prodi`.`id_prodi` IN :prodi.id_prodi:', [...], false)
 2 SYSTEMPATH\Model.php(461): CodeIgniter\Database\BaseBuilder->update()
 3 SYSTEMPATH\BaseModel.php(1027): CodeIgniter\Model->doUpdate([...], [...])
 4 SYSTEMPATH\Model.php(863): CodeIgniter\BaseModel->update([...], [...])
 5 APPPATH\Controllers\Admin.php(323): CodeIgniter\Model->update('9', [...])
 6 SYSTEMPATH\CodeIgniter.php(933): App\Controllers\Admin->editProdi()
 7 SYSTEMPATH\CodeIgniter.php(509): CodeIgniter\CodeIgniter->runController(Object(App\Controllers\Admin))
 8 SYSTEMPATH\CodeIgniter.php(355): CodeIgniter\CodeIgniter->handleRequest(null, Object(Config\Cache), false)
 9 SYSTEMPATH\Boot.php(334): CodeIgniter\CodeIgniter->run()
10 SYSTEMPATH\Boot.php(67): CodeIgniter\Boot::runCodeIgniter(Object(CodeIgniter\CodeIgniter))
11 FCPATH\index.php(56): CodeIgniter\Boot::bootWeb(Object(Config\Paths))
CRITICAL - 2025-03-07 01:02:25 --> [Caused by] CodeIgniter\Database\Exceptions\DatabaseException: Cannot add or update a child row: a foreign key constraint fails (`siakad-online`.`prodi`, CONSTRAINT `prodi_ibfk_1` FOREIGN KEY (`id_fakultas`) REFERENCES `fakultas` (`id_fakultas`) ON DELETE CASCADE)
in SYSTEMPATH\Database\MySQLi\Connection.php on line 317.
 1 SYSTEMPATH\Database\BaseConnection.php(734): CodeIgniter\Database\MySQLi\Connection->execute('UPDATE `prodi` SET `nama_prodi` = \'aaaaaaaaaaaaaaa\', `id_fakultas` = \'123\'
WHERE `prodi`.`id_prodi` IN (\'9\')')
 2 SYSTEMPATH\Database\BaseConnection.php(648): CodeIgniter\Database\BaseConnection->simpleQuery('UPDATE `prodi` SET `nama_prodi` = \'aaaaaaaaaaaaaaa\', `id_fakultas` = \'123\'
WHERE `prodi`.`id_prodi` IN (\'9\')')
 3 SYSTEMPATH\Database\BaseBuilder.php(2516): CodeIgniter\Database\BaseConnection->query('UPDATE `prodi` SET `nama_prodi` = :nama_prodi:, `id_fakultas` = :id_fakultas:
WHERE `prodi`.`id_prodi` IN :prodi.id_prodi:', [...], false)
 4 SYSTEMPATH\Model.php(461): CodeIgniter\Database\BaseBuilder->update()
 5 SYSTEMPATH\BaseModel.php(1027): CodeIgniter\Model->doUpdate([...], [...])
 6 SYSTEMPATH\Model.php(863): CodeIgniter\BaseModel->update([...], [...])
 7 APPPATH\Controllers\Admin.php(323): CodeIgniter\Model->update('9', [...])
 8 SYSTEMPATH\CodeIgniter.php(933): App\Controllers\Admin->editProdi()
 9 SYSTEMPATH\CodeIgniter.php(509): CodeIgniter\CodeIgniter->runController(Object(App\Controllers\Admin))
10 SYSTEMPATH\CodeIgniter.php(355): CodeIgniter\CodeIgniter->handleRequest(null, Object(Config\Cache), false)
11 SYSTEMPATH\Boot.php(334): CodeIgniter\CodeIgniter->run()
12 SYSTEMPATH\Boot.php(67): CodeIgniter\Boot::runCodeIgniter(Object(CodeIgniter\CodeIgniter))
13 FCPATH\index.php(56): CodeIgniter\Boot::bootWeb(Object(Config\Paths))
CRITICAL - 2025-03-07 01:02:25 --> [Caused by] mysqli_sql_exception: Cannot add or update a child row: a foreign key constraint fails (`siakad-online`.`prodi`, CONSTRAINT `prodi_ibfk_1` FOREIGN KEY (`id_fakultas`) REFERENCES `fakultas` (`id_fakultas`) ON DELETE CASCADE)
in SYSTEMPATH\Database\MySQLi\Connection.php on line 312.
 1 SYSTEMPATH\Database\MySQLi\Connection.php(312): mysqli->query('UPDATE `prodi` SET `nama_prodi` = \'aaaaaaaaaaaaaaa\', `id_fakultas` = \'123\'
WHERE `prodi`.`id_prodi` IN (\'9\')', 0)
 2 SYSTEMPATH\Database\BaseConnection.php(734): CodeIgniter\Database\MySQLi\Connection->execute('UPDATE `prodi` SET `nama_prodi` = \'aaaaaaaaaaaaaaa\', `id_fakultas` = \'123\'
WHERE `prodi`.`id_prodi` IN (\'9\')')
 3 SYSTEMPATH\Database\BaseConnection.php(648): CodeIgniter\Database\BaseConnection->simpleQuery('UPDATE `prodi` SET `nama_prodi` = \'aaaaaaaaaaaaaaa\', `id_fakultas` = \'123\'
WHERE `prodi`.`id_prodi` IN (\'9\')')
 4 SYSTEMPATH\Database\BaseBuilder.php(2516): CodeIgniter\Database\BaseConnection->query('UPDATE `prodi` SET `nama_prodi` = :nama_prodi:, `id_fakultas` = :id_fakultas:
WHERE `prodi`.`id_prodi` IN :prodi.id_prodi:', [...], false)
 5 SYSTEMPATH\Model.php(461): CodeIgniter\Database\BaseBuilder->update()
 6 SYSTEMPATH\BaseModel.php(1027): CodeIgniter\Model->doUpdate([...], [...])
 7 SYSTEMPATH\Model.php(863): CodeIgniter\BaseModel->update([...], [...])
 8 APPPATH\Controllers\Admin.php(323): CodeIgniter\Model->update('9', [...])
 9 SYSTEMPATH\CodeIgniter.php(933): App\Controllers\Admin->editProdi()
10 SYSTEMPATH\CodeIgniter.php(509): CodeIgniter\CodeIgniter->runController(Object(App\Controllers\Admin))
11 SYSTEMPATH\CodeIgniter.php(355): CodeIgniter\CodeIgniter->handleRequest(null, Object(Config\Cache), false)
12 SYSTEMPATH\Boot.php(334): CodeIgniter\CodeIgniter->run()
13 SYSTEMPATH\Boot.php(67): CodeIgniter\Boot::runCodeIgniter(Object(CodeIgniter\CodeIgniter))
14 FCPATH\index.php(56): CodeIgniter\Boot::bootWeb(Object(Config\Paths))
DEBUG - 2025-03-07 01:03:30 --> Session: Class initialized using 'CodeIgniter\Session\Handlers\FileHandler' driver.
DEBUG - 2025-03-07 01:03:38 --> Session: Class initialized using 'CodeIgniter\Session\Handlers\FileHandler' driver.
DEBUG - 2025-03-07 01:03:39 --> Session: Class initialized using 'CodeIgniter\Session\Handlers\FileHandler' driver.
DEBUG - 2025-03-07 01:03:48 --> Session: Class initialized using 'CodeIgniter\Session\Handlers\FileHandler' driver.
DEBUG - 2025-03-07 01:03:48 --> Session: Class initialized using 'CodeIgniter\Session\Handlers\FileHandler' driver.
DEBUG - 2025-03-07 01:05:17 --> Session: Class initialized using 'CodeIgniter\Session\Handlers\FileHandler' driver.
CRITICAL - 2025-03-07 01:05:17 --> ErrorException: Undefined variable $fakultas
[Method: GET, Route: admin/prodi]
in APPPATH\Views\admin\prodi.php on line 508.
 1 APPPATH\Views\admin\prodi.php(508): CodeIgniter\Debug\Exceptions->errorHandler(2, 'Undefined variable $fakultas', 'D:\\laragon\\www\\siakad-online\\app\\Views\\admin\\prodi.php', 508)
 2 SYSTEMPATH\View\View.php(234): include('D:\\laragon\\www\\siakad-online\\app\\Views\\admin\\prodi.php')
 3 SYSTEMPATH\View\View.php(237): CodeIgniter\View\View->CodeIgniter\View\{closure}()
 4 SYSTEMPATH\Common.php(1171): CodeIgniter\View\View->render('admin/prodi', [], true)
 5 APPPATH\Controllers\Admin.php(291): view('admin/prodi', [...])
 6 SYSTEMPATH\CodeIgniter.php(933): App\Controllers\Admin->index()
 7 SYSTEMPATH\CodeIgniter.php(509): CodeIgniter\CodeIgniter->runController(Object(App\Controllers\Admin))
 8 SYSTEMPATH\CodeIgniter.php(355): CodeIgniter\CodeIgniter->handleRequest(null, Object(Config\Cache), false)
 9 SYSTEMPATH\Boot.php(334): CodeIgniter\CodeIgniter->run()
10 SYSTEMPATH\Boot.php(67): CodeIgniter\Boot::runCodeIgniter(Object(CodeIgniter\CodeIgniter))
11 FCPATH\index.php(56): CodeIgniter\Boot::bootWeb(Object(Config\Paths))
DEBUG - 2025-03-07 01:05:28 --> Session: Class initialized using 'CodeIgniter\Session\Handlers\FileHandler' driver.
DEBUG - 2025-03-07 01:05:45 --> Session: Class initialized using 'CodeIgniter\Session\Handlers\FileHandler' driver.
DEBUG - 2025-03-07 01:05:46 --> Session: Class initialized using 'CodeIgniter\Session\Handlers\FileHandler' driver.
DEBUG - 2025-03-07 01:06:04 --> Session: Class initialized using 'CodeIgniter\Session\Handlers\FileHandler' driver.
DEBUG - 2025-03-07 01:07:35 --> Session: Class initialized using 'CodeIgniter\Session\Handlers\FileHandler' driver.
CRITICAL - 2025-03-07 01:07:45 --> Error: Class "App\Controllers\ProdiModel" not found
[Method: POST, Route: admin/editprodi]
in APPPATH\Controllers\Admin.php on line 343.
 1 SYSTEMPATH\CodeIgniter.php(933): App\Controllers\Admin->editProdi()
 2 SYSTEMPATH\CodeIgniter.php(509): CodeIgniter\CodeIgniter->runController(Object(App\Controllers\Admin))
 3 SYSTEMPATH\CodeIgniter.php(355): CodeIgniter\CodeIgniter->handleRequest(null, Object(Config\Cache), false)
 4 SYSTEMPATH\Boot.php(334): CodeIgniter\CodeIgniter->run()
 5 SYSTEMPATH\Boot.php(67): CodeIgniter\Boot::runCodeIgniter(Object(CodeIgniter\CodeIgniter))
 6 FCPATH\index.php(56): CodeIgniter\Boot::bootWeb(Object(Config\Paths))
CRITICAL - 2025-03-07 01:08:05 --> Error: Class "App\Controllers\FakultasModel" not found
[Method: POST, Route: admin/editprodi]
in APPPATH\Controllers\Admin.php on line 344.
 1 SYSTEMPATH\CodeIgniter.php(933): App\Controllers\Admin->editProdi()
 2 SYSTEMPATH\CodeIgniter.php(509): CodeIgniter\CodeIgniter->runController(Object(App\Controllers\Admin))
 3 SYSTEMPATH\CodeIgniter.php(355): CodeIgniter\CodeIgniter->handleRequest(null, Object(Config\Cache), false)
 4 SYSTEMPATH\Boot.php(334): CodeIgniter\CodeIgniter->run()
 5 SYSTEMPATH\Boot.php(67): CodeIgniter\Boot::runCodeIgniter(Object(CodeIgniter\CodeIgniter))
 6 FCPATH\index.php(56): CodeIgniter\Boot::bootWeb(Object(Config\Paths))
CRITICAL - 2025-03-07 01:08:10 --> Error: Class "App\Controllers\FakultasModel" not found
[Method: POST, Route: admin/editprodi]
in APPPATH\Controllers\Admin.php on line 344.
 1 SYSTEMPATH\CodeIgniter.php(933): App\Controllers\Admin->editProdi()
 2 SYSTEMPATH\CodeIgniter.php(509): CodeIgniter\CodeIgniter->runController(Object(App\Controllers\Admin))
 3 SYSTEMPATH\CodeIgniter.php(355): CodeIgniter\CodeIgniter->handleRequest(null, Object(Config\Cache), false)
 4 SYSTEMPATH\Boot.php(334): CodeIgniter\CodeIgniter->run()
 5 SYSTEMPATH\Boot.php(67): CodeIgniter\Boot::runCodeIgniter(Object(CodeIgniter\CodeIgniter))
 6 FCPATH\index.php(56): CodeIgniter\Boot::bootWeb(Object(Config\Paths))
DEBUG - 2025-03-07 01:08:45 --> Session: Class initialized using 'CodeIgniter\Session\Handlers\FileHandler' driver.
DEBUG - 2025-03-07 01:08:53 --> Session: Class initialized using 'CodeIgniter\Session\Handlers\FileHandler' driver.
DEBUG - 2025-03-07 01:08:53 --> Session: Class initialized using 'CodeIgniter\Session\Handlers\FileHandler' driver.
DEBUG - 2025-03-07 01:13:04 --> Session: Class initialized using 'CodeIgniter\Session\Handlers\FileHandler' driver.
CRITICAL - 2025-03-07 01:13:04 --> ErrorException: Undefined variable $fakultas
[Method: GET, Route: admin/prodi]
in APPPATH\Views\admin\prodi.php on line 538.
 1 APPPATH\Views\admin\prodi.php(538): CodeIgniter\Debug\Exceptions->errorHandler(2, 'Undefined variable $fakultas', 'D:\\laragon\\www\\siakad-online\\app\\Views\\admin\\prodi.php', 538)
 2 SYSTEMPATH\View\View.php(234): include('D:\\laragon\\www\\siakad-online\\app\\Views\\admin\\prodi.php')
 3 SYSTEMPATH\View\View.php(237): CodeIgniter\View\View->CodeIgniter\View\{closure}()
 4 SYSTEMPATH\Common.php(1171): CodeIgniter\View\View->render('admin/prodi', [], true)
 5 APPPATH\Controllers\Admin.php(291): view('admin/prodi', [...])
 6 SYSTEMPATH\CodeIgniter.php(933): App\Controllers\Admin->index()
 7 SYSTEMPATH\CodeIgniter.php(509): CodeIgniter\CodeIgniter->runController(Object(App\Controllers\Admin))
 8 SYSTEMPATH\CodeIgniter.php(355): CodeIgniter\CodeIgniter->handleRequest(null, Object(Config\Cache), false)
 9 SYSTEMPATH\Boot.php(334): CodeIgniter\CodeIgniter->run()
10 SYSTEMPATH\Boot.php(67): CodeIgniter\Boot::runCodeIgniter(Object(CodeIgniter\CodeIgniter))
11 FCPATH\index.php(56): CodeIgniter\Boot::bootWeb(Object(Config\Paths))
DEBUG - 2025-03-07 01:14:01 --> Session: Class initialized using 'CodeIgniter\Session\Handlers\FileHandler' driver.
CRITICAL - 2025-03-07 01:14:01 --> ErrorException: Undefined variable $fakultas
[Method: GET, Route: admin/prodi]
in APPPATH\Views\admin\prodi.php on line 538.
 1 APPPATH\Views\admin\prodi.php(538): CodeIgniter\Debug\Exceptions->errorHandler(2, 'Undefined variable $fakultas', 'D:\\laragon\\www\\siakad-online\\app\\Views\\admin\\prodi.php', 538)
 2 SYSTEMPATH\View\View.php(234): include('D:\\laragon\\www\\siakad-online\\app\\Views\\admin\\prodi.php')
 3 SYSTEMPATH\View\View.php(237): CodeIgniter\View\View->CodeIgniter\View\{closure}()
 4 SYSTEMPATH\Common.php(1171): CodeIgniter\View\View->render('admin/prodi', [], true)
 5 APPPATH\Controllers\Admin.php(291): view('admin/prodi', [...])
 6 SYSTEMPATH\CodeIgniter.php(933): App\Controllers\Admin->index()
 7 SYSTEMPATH\CodeIgniter.php(509): CodeIgniter\CodeIgniter->runController(Object(App\Controllers\Admin))
 8 SYSTEMPATH\CodeIgniter.php(355): CodeIgniter\CodeIgniter->handleRequest(null, Object(Config\Cache), false)
 9 SYSTEMPATH\Boot.php(334): CodeIgniter\CodeIgniter->run()
10 SYSTEMPATH\Boot.php(67): CodeIgniter\Boot::runCodeIgniter(Object(CodeIgniter\CodeIgniter))
11 FCPATH\index.php(56): CodeIgniter\Boot::bootWeb(Object(Config\Paths))
DEBUG - 2025-03-07 01:14:03 --> Session: Class initialized using 'CodeIgniter\Session\Handlers\FileHandler' driver.
CRITICAL - 2025-03-07 01:14:03 --> ErrorException: Undefined variable $fakultas
[Method: GET, Route: admin/prodi]
in APPPATH\Views\admin\prodi.php on line 538.
 1 APPPATH\Views\admin\prodi.php(538): CodeIgniter\Debug\Exceptions->errorHandler(2, 'Undefined variable $fakultas', 'D:\\laragon\\www\\siakad-online\\app\\Views\\admin\\prodi.php', 538)
 2 SYSTEMPATH\View\View.php(234): include('D:\\laragon\\www\\siakad-online\\app\\Views\\admin\\prodi.php')
 3 SYSTEMPATH\View\View.php(237): CodeIgniter\View\View->CodeIgniter\View\{closure}()
 4 SYSTEMPATH\Common.php(1171): CodeIgniter\View\View->render('admin/prodi', [], true)
 5 APPPATH\Controllers\Admin.php(291): view('admin/prodi', [...])
 6 SYSTEMPATH\CodeIgniter.php(933): App\Controllers\Admin->index()
 7 SYSTEMPATH\CodeIgniter.php(509): CodeIgniter\CodeIgniter->runController(Object(App\Controllers\Admin))
 8 SYSTEMPATH\CodeIgniter.php(355): CodeIgniter\CodeIgniter->handleRequest(null, Object(Config\Cache), false)
 9 SYSTEMPATH\Boot.php(334): CodeIgniter\CodeIgniter->run()
10 SYSTEMPATH\Boot.php(67): CodeIgniter\Boot::runCodeIgniter(Object(CodeIgniter\CodeIgniter))
11 FCPATH\index.php(56): CodeIgniter\Boot::bootWeb(Object(Config\Paths))
DEBUG - 2025-03-07 01:14:06 --> Session: Class initialized using 'CodeIgniter\Session\Handlers\FileHandler' driver.
CRITICAL - 2025-03-07 01:14:06 --> ErrorException: Undefined variable $fakultas
[Method: GET, Route: admin/prodi]
in APPPATH\Views\admin\prodi.php on line 538.
 1 APPPATH\Views\admin\prodi.php(538): CodeIgniter\Debug\Exceptions->errorHandler(2, 'Undefined variable $fakultas', 'D:\\laragon\\www\\siakad-online\\app\\Views\\admin\\prodi.php', 538)
 2 SYSTEMPATH\View\View.php(234): include('D:\\laragon\\www\\siakad-online\\app\\Views\\admin\\prodi.php')
 3 SYSTEMPATH\View\View.php(237): CodeIgniter\View\View->CodeIgniter\View\{closure}()
 4 SYSTEMPATH\Common.php(1171): CodeIgniter\View\View->render('admin/prodi', [], true)
 5 APPPATH\Controllers\Admin.php(291): view('admin/prodi', [...])
 6 SYSTEMPATH\CodeIgniter.php(933): App\Controllers\Admin->index()
 7 SYSTEMPATH\CodeIgniter.php(509): CodeIgniter\CodeIgniter->runController(Object(App\Controllers\Admin))
 8 SYSTEMPATH\CodeIgniter.php(355): CodeIgniter\CodeIgniter->handleRequest(null, Object(Config\Cache), false)
 9 SYSTEMPATH\Boot.php(334): CodeIgniter\CodeIgniter->run()
10 SYSTEMPATH\Boot.php(67): CodeIgniter\Boot::runCodeIgniter(Object(CodeIgniter\CodeIgniter))
11 FCPATH\index.php(56): CodeIgniter\Boot::bootWeb(Object(Config\Paths))
DEBUG - 2025-03-07 01:14:08 --> Session: Class initialized using 'CodeIgniter\Session\Handlers\FileHandler' driver.
CRITICAL - 2025-03-07 01:14:08 --> ErrorException: Undefined variable $fakultas
[Method: GET, Route: admin/prodi]
in APPPATH\Views\admin\prodi.php on line 538.
 1 APPPATH\Views\admin\prodi.php(538): CodeIgniter\Debug\Exceptions->errorHandler(2, 'Undefined variable $fakultas', 'D:\\laragon\\www\\siakad-online\\app\\Views\\admin\\prodi.php', 538)
 2 SYSTEMPATH\View\View.php(234): include('D:\\laragon\\www\\siakad-online\\app\\Views\\admin\\prodi.php')
 3 SYSTEMPATH\View\View.php(237): CodeIgniter\View\View->CodeIgniter\View\{closure}()
 4 SYSTEMPATH\Common.php(1171): CodeIgniter\View\View->render('admin/prodi', [], true)
 5 APPPATH\Controllers\Admin.php(291): view('admin/prodi', [...])
 6 SYSTEMPATH\CodeIgniter.php(933): App\Controllers\Admin->index()
 7 SYSTEMPATH\CodeIgniter.php(509): CodeIgniter\CodeIgniter->runController(Object(App\Controllers\Admin))
 8 SYSTEMPATH\CodeIgniter.php(355): CodeIgniter\CodeIgniter->handleRequest(null, Object(Config\Cache), false)
 9 SYSTEMPATH\Boot.php(334): CodeIgniter\CodeIgniter->run()
10 SYSTEMPATH\Boot.php(67): CodeIgniter\Boot::runCodeIgniter(Object(CodeIgniter\CodeIgniter))
11 FCPATH\index.php(56): CodeIgniter\Boot::bootWeb(Object(Config\Paths))
DEBUG - 2025-03-07 01:14:23 --> Session: Class initialized using 'CodeIgniter\Session\Handlers\FileHandler' driver.
CRITICAL - 2025-03-07 01:14:23 --> ErrorException: Undefined variable $fakultas
[Method: GET, Route: admin/prodi]
in APPPATH\Views\admin\prodi.php on line 538.
 1 APPPATH\Views\admin\prodi.php(538): CodeIgniter\Debug\Exceptions->errorHandler(2, 'Undefined variable $fakultas', 'D:\\laragon\\www\\siakad-online\\app\\Views\\admin\\prodi.php', 538)
 2 SYSTEMPATH\View\View.php(234): include('D:\\laragon\\www\\siakad-online\\app\\Views\\admin\\prodi.php')
 3 SYSTEMPATH\View\View.php(237): CodeIgniter\View\View->CodeIgniter\View\{closure}()
 4 SYSTEMPATH\Common.php(1171): CodeIgniter\View\View->render('admin/prodi', [], true)
 5 APPPATH\Controllers\Admin.php(291): view('admin/prodi', [...])
 6 SYSTEMPATH\CodeIgniter.php(933): App\Controllers\Admin->index()
 7 SYSTEMPATH\CodeIgniter.php(509): CodeIgniter\CodeIgniter->runController(Object(App\Controllers\Admin))
 8 SYSTEMPATH\CodeIgniter.php(355): CodeIgniter\CodeIgniter->handleRequest(null, Object(Config\Cache), false)
 9 SYSTEMPATH\Boot.php(334): CodeIgniter\CodeIgniter->run()
10 SYSTEMPATH\Boot.php(67): CodeIgniter\Boot::runCodeIgniter(Object(CodeIgniter\CodeIgniter))
11 FCPATH\index.php(56): CodeIgniter\Boot::bootWeb(Object(Config\Paths))
DEBUG - 2025-03-07 01:14:25 --> Session: Class initialized using 'CodeIgniter\Session\Handlers\FileHandler' driver.
CRITICAL - 2025-03-07 01:14:25 --> ErrorException: Undefined variable $fakultas
[Method: GET, Route: admin/prodi]
in APPPATH\Views\admin\prodi.php on line 538.
 1 APPPATH\Views\admin\prodi.php(538): CodeIgniter\Debug\Exceptions->errorHandler(2, 'Undefined variable $fakultas', 'D:\\laragon\\www\\siakad-online\\app\\Views\\admin\\prodi.php', 538)
 2 SYSTEMPATH\View\View.php(234): include('D:\\laragon\\www\\siakad-online\\app\\Views\\admin\\prodi.php')
 3 SYSTEMPATH\View\View.php(237): CodeIgniter\View\View->CodeIgniter\View\{closure}()
 4 SYSTEMPATH\Common.php(1171): CodeIgniter\View\View->render('admin/prodi', [], true)
 5 APPPATH\Controllers\Admin.php(291): view('admin/prodi', [...])
 6 SYSTEMPATH\CodeIgniter.php(933): App\Controllers\Admin->index()
 7 SYSTEMPATH\CodeIgniter.php(509): CodeIgniter\CodeIgniter->runController(Object(App\Controllers\Admin))
 8 SYSTEMPATH\CodeIgniter.php(355): CodeIgniter\CodeIgniter->handleRequest(null, Object(Config\Cache), false)
 9 SYSTEMPATH\Boot.php(334): CodeIgniter\CodeIgniter->run()
10 SYSTEMPATH\Boot.php(67): CodeIgniter\Boot::runCodeIgniter(Object(CodeIgniter\CodeIgniter))
11 FCPATH\index.php(56): CodeIgniter\Boot::bootWeb(Object(Config\Paths))
DEBUG - 2025-03-07 01:15:35 --> Session: Class initialized using 'CodeIgniter\Session\Handlers\FileHandler' driver.
DEBUG - 2025-03-07 01:18:50 --> Session: Class initialized using 'CodeIgniter\Session\Handlers\FileHandler' driver.
CRITICAL - 2025-03-07 01:18:50 --> ErrorException: Undefined variable $fakultas
[Method: GET, Route: admin/prodi]
in APPPATH\Views\admin\prodi.php on line 538.
 1 APPPATH\Views\admin\prodi.php(538): CodeIgniter\Debug\Exceptions->errorHandler(2, 'Undefined variable $fakultas', 'D:\\laragon\\www\\siakad-online\\app\\Views\\admin\\prodi.php', 538)
 2 SYSTEMPATH\View\View.php(234): include('D:\\laragon\\www\\siakad-online\\app\\Views\\admin\\prodi.php')
 3 SYSTEMPATH\View\View.php(237): CodeIgniter\View\View->CodeIgniter\View\{closure}()
 4 SYSTEMPATH\Common.php(1171): CodeIgniter\View\View->render('admin/prodi', [], true)
 5 APPPATH\Controllers\Admin.php(291): view('admin/prodi', [...])
 6 SYSTEMPATH\CodeIgniter.php(933): App\Controllers\Admin->index()
 7 SYSTEMPATH\CodeIgniter.php(509): CodeIgniter\CodeIgniter->runController(Object(App\Controllers\Admin))
 8 SYSTEMPATH\CodeIgniter.php(355): CodeIgniter\CodeIgniter->handleRequest(null, Object(Config\Cache), false)
 9 SYSTEMPATH\Boot.php(334): CodeIgniter\CodeIgniter->run()
10 SYSTEMPATH\Boot.php(67): CodeIgniter\Boot::runCodeIgniter(Object(CodeIgniter\CodeIgniter))
11 FCPATH\index.php(56): CodeIgniter\Boot::bootWeb(Object(Config\Paths))
DEBUG - 2025-03-07 01:18:52 --> Session: Class initialized using 'CodeIgniter\Session\Handlers\FileHandler' driver.
CRITICAL - 2025-03-07 01:18:52 --> ErrorException: Undefined variable $fakultas
[Method: GET, Route: admin/prodi]
in APPPATH\Views\admin\prodi.php on line 538.
 1 APPPATH\Views\admin\prodi.php(538): CodeIgniter\Debug\Exceptions->errorHandler(2, 'Undefined variable $fakultas', 'D:\\laragon\\www\\siakad-online\\app\\Views\\admin\\prodi.php', 538)
 2 SYSTEMPATH\View\View.php(234): include('D:\\laragon\\www\\siakad-online\\app\\Views\\admin\\prodi.php')
 3 SYSTEMPATH\View\View.php(237): CodeIgniter\View\View->CodeIgniter\View\{closure}()
 4 SYSTEMPATH\Common.php(1171): CodeIgniter\View\View->render('admin/prodi', [], true)
 5 APPPATH\Controllers\Admin.php(291): view('admin/prodi', [...])
 6 SYSTEMPATH\CodeIgniter.php(933): App\Controllers\Admin->index()
 7 SYSTEMPATH\CodeIgniter.php(509): CodeIgniter\CodeIgniter->runController(Object(App\Controllers\Admin))
 8 SYSTEMPATH\CodeIgniter.php(355): CodeIgniter\CodeIgniter->handleRequest(null, Object(Config\Cache), false)
 9 SYSTEMPATH\Boot.php(334): CodeIgniter\CodeIgniter->run()
10 SYSTEMPATH\Boot.php(67): CodeIgniter\Boot::runCodeIgniter(Object(CodeIgniter\CodeIgniter))
11 FCPATH\index.php(56): CodeIgniter\Boot::bootWeb(Object(Config\Paths))
DEBUG - 2025-03-07 01:20:36 --> Session: Class initialized using 'CodeIgniter\Session\Handlers\FileHandler' driver.
CRITICAL - 2025-03-07 01:20:36 --> ErrorException: Undefined variable $fakultas
[Method: GET, Route: admin/prodi]
in APPPATH\Views\admin\prodi.php on line 538.
 1 APPPATH\Views\admin\prodi.php(538): CodeIgniter\Debug\Exceptions->errorHandler(2, 'Undefined variable $fakultas', 'D:\\laragon\\www\\siakad-online\\app\\Views\\admin\\prodi.php', 538)
 2 SYSTEMPATH\View\View.php(234): include('D:\\laragon\\www\\siakad-online\\app\\Views\\admin\\prodi.php')
 3 SYSTEMPATH\View\View.php(237): CodeIgniter\View\View->CodeIgniter\View\{closure}()
 4 SYSTEMPATH\Common.php(1171): CodeIgniter\View\View->render('admin/prodi', [], true)
 5 APPPATH\Controllers\Admin.php(291): view('admin/prodi', [...])
 6 SYSTEMPATH\CodeIgniter.php(933): App\Controllers\Admin->index()
 7 SYSTEMPATH\CodeIgniter.php(509): CodeIgniter\CodeIgniter->runController(Object(App\Controllers\Admin))
 8 SYSTEMPATH\CodeIgniter.php(355): CodeIgniter\CodeIgniter->handleRequest(null, Object(Config\Cache), false)
 9 SYSTEMPATH\Boot.php(334): CodeIgniter\CodeIgniter->run()
10 SYSTEMPATH\Boot.php(67): CodeIgniter\Boot::runCodeIgniter(Object(CodeIgniter\CodeIgniter))
11 FCPATH\index.php(56): CodeIgniter\Boot::bootWeb(Object(Config\Paths))
DEBUG - 2025-03-07 01:21:18 --> Session: Class initialized using 'CodeIgniter\Session\Handlers\FileHandler' driver.
CRITICAL - 2025-03-07 01:21:18 --> ErrorException: Undefined variable $fakultas
[Method: GET, Route: admin/prodi]
in APPPATH\Views\admin\prodi.php on line 538.
 1 APPPATH\Views\admin\prodi.php(538): CodeIgniter\Debug\Exceptions->errorHandler(2, 'Undefined variable $fakultas', 'D:\\laragon\\www\\siakad-online\\app\\Views\\admin\\prodi.php', 538)
 2 SYSTEMPATH\View\View.php(234): include('D:\\laragon\\www\\siakad-online\\app\\Views\\admin\\prodi.php')
 3 SYSTEMPATH\View\View.php(237): CodeIgniter\View\View->CodeIgniter\View\{closure}()
 4 SYSTEMPATH\Common.php(1171): CodeIgniter\View\View->render('admin/prodi', [], true)
 5 APPPATH\Controllers\Admin.php(291): view('admin/prodi', [...])
 6 SYSTEMPATH\CodeIgniter.php(933): App\Controllers\Admin->index()
 7 SYSTEMPATH\CodeIgniter.php(509): CodeIgniter\CodeIgniter->runController(Object(App\Controllers\Admin))
 8 SYSTEMPATH\CodeIgniter.php(355): CodeIgniter\CodeIgniter->handleRequest(null, Object(Config\Cache), false)
 9 SYSTEMPATH\Boot.php(334): CodeIgniter\CodeIgniter->run()
10 SYSTEMPATH\Boot.php(67): CodeIgniter\Boot::runCodeIgniter(Object(CodeIgniter\CodeIgniter))
11 FCPATH\index.php(56): CodeIgniter\Boot::bootWeb(Object(Config\Paths))
DEBUG - 2025-03-07 01:21:23 --> Session: Class initialized using 'CodeIgniter\Session\Handlers\FileHandler' driver.
CRITICAL - 2025-03-07 01:21:23 --> ErrorException: Undefined variable $fakultas
[Method: GET, Route: admin/prodi]
in APPPATH\Views\admin\prodi.php on line 538.
 1 APPPATH\Views\admin\prodi.php(538): CodeIgniter\Debug\Exceptions->errorHandler(2, 'Undefined variable $fakultas', 'D:\\laragon\\www\\siakad-online\\app\\Views\\admin\\prodi.php', 538)
 2 SYSTEMPATH\View\View.php(234): include('D:\\laragon\\www\\siakad-online\\app\\Views\\admin\\prodi.php')
 3 SYSTEMPATH\View\View.php(237): CodeIgniter\View\View->CodeIgniter\View\{closure}()
 4 SYSTEMPATH\Common.php(1171): CodeIgniter\View\View->render('admin/prodi', [], true)
 5 APPPATH\Controllers\Admin.php(291): view('admin/prodi', [...])
 6 SYSTEMPATH\CodeIgniter.php(933): App\Controllers\Admin->index()
 7 SYSTEMPATH\CodeIgniter.php(509): CodeIgniter\CodeIgniter->runController(Object(App\Controllers\Admin))
 8 SYSTEMPATH\CodeIgniter.php(355): CodeIgniter\CodeIgniter->handleRequest(null, Object(Config\Cache), false)
 9 SYSTEMPATH\Boot.php(334): CodeIgniter\CodeIgniter->run()
10 SYSTEMPATH\Boot.php(67): CodeIgniter\Boot::runCodeIgniter(Object(CodeIgniter\CodeIgniter))
11 FCPATH\index.php(56): CodeIgniter\Boot::bootWeb(Object(Config\Paths))
DEBUG - 2025-03-07 01:22:11 --> Session: Class initialized using 'CodeIgniter\Session\Handlers\FileHandler' driver.
CRITICAL - 2025-03-07 01:22:11 --> ErrorException: Undefined variable $fakultas
[Method: GET, Route: admin/prodi]
in APPPATH\Views\admin\prodi.php on line 538.
 1 APPPATH\Views\admin\prodi.php(538): CodeIgniter\Debug\Exceptions->errorHandler(2, 'Undefined variable $fakultas', 'D:\\laragon\\www\\siakad-online\\app\\Views\\admin\\prodi.php', 538)
 2 SYSTEMPATH\View\View.php(234): include('D:\\laragon\\www\\siakad-online\\app\\Views\\admin\\prodi.php')
 3 SYSTEMPATH\View\View.php(237): CodeIgniter\View\View->CodeIgniter\View\{closure}()
 4 SYSTEMPATH\Common.php(1171): CodeIgniter\View\View->render('admin/prodi', [], true)
 5 APPPATH\Controllers\Admin.php(291): view('admin/prodi', [...])
 6 SYSTEMPATH\CodeIgniter.php(933): App\Controllers\Admin->index()
 7 SYSTEMPATH\CodeIgniter.php(509): CodeIgniter\CodeIgniter->runController(Object(App\Controllers\Admin))
 8 SYSTEMPATH\CodeIgniter.php(355): CodeIgniter\CodeIgniter->handleRequest(null, Object(Config\Cache), false)
 9 SYSTEMPATH\Boot.php(334): CodeIgniter\CodeIgniter->run()
10 SYSTEMPATH\Boot.php(67): CodeIgniter\Boot::runCodeIgniter(Object(CodeIgniter\CodeIgniter))
11 FCPATH\index.php(56): CodeIgniter\Boot::bootWeb(Object(Config\Paths))
DEBUG - 2025-03-07 01:25:14 --> Session: Class initialized using 'CodeIgniter\Session\Handlers\FileHandler' driver.
CRITICAL - 2025-03-07 01:25:14 --> ErrorException: Undefined variable $fakultas
[Method: GET, Route: admin/prodi]
in APPPATH\Views\admin\prodi.php on line 538.
 1 APPPATH\Views\admin\prodi.php(538): CodeIgniter\Debug\Exceptions->errorHandler(2, 'Undefined variable $fakultas', 'D:\\laragon\\www\\siakad-online\\app\\Views\\admin\\prodi.php', 538)
 2 SYSTEMPATH\View\View.php(234): include('D:\\laragon\\www\\siakad-online\\app\\Views\\admin\\prodi.php')
 3 SYSTEMPATH\View\View.php(237): CodeIgniter\View\View->CodeIgniter\View\{closure}()
 4 SYSTEMPATH\Common.php(1171): CodeIgniter\View\View->render('admin/prodi', [], true)
 5 APPPATH\Controllers\Admin.php(291): view('admin/prodi', [...])
 6 SYSTEMPATH\CodeIgniter.php(933): App\Controllers\Admin->index()
 7 SYSTEMPATH\CodeIgniter.php(509): CodeIgniter\CodeIgniter->runController(Object(App\Controllers\Admin))
 8 SYSTEMPATH\CodeIgniter.php(355): CodeIgniter\CodeIgniter->handleRequest(null, Object(Config\Cache), false)
 9 SYSTEMPATH\Boot.php(334): CodeIgniter\CodeIgniter->run()
10 SYSTEMPATH\Boot.php(67): CodeIgniter\Boot::runCodeIgniter(Object(CodeIgniter\CodeIgniter))
11 FCPATH\index.php(56): CodeIgniter\Boot::bootWeb(Object(Config\Paths))
DEBUG - 2025-03-07 01:25:23 --> Session: Class initialized using 'CodeIgniter\Session\Handlers\FileHandler' driver.
CRITICAL - 2025-03-07 01:25:23 --> ErrorException: Undefined variable $fakultas
[Method: GET, Route: admin/prodi]
in APPPATH\Views\admin\prodi.php on line 538.
 1 APPPATH\Views\admin\prodi.php(538): CodeIgniter\Debug\Exceptions->errorHandler(2, 'Undefined variable $fakultas', 'D:\\laragon\\www\\siakad-online\\app\\Views\\admin\\prodi.php', 538)
 2 SYSTEMPATH\View\View.php(234): include('D:\\laragon\\www\\siakad-online\\app\\Views\\admin\\prodi.php')
 3 SYSTEMPATH\View\View.php(237): CodeIgniter\View\View->CodeIgniter\View\{closure}()
 4 SYSTEMPATH\Common.php(1171): CodeIgniter\View\View->render('admin/prodi', [], true)
 5 APPPATH\Controllers\Admin.php(291): view('admin/prodi', [...])
 6 SYSTEMPATH\CodeIgniter.php(933): App\Controllers\Admin->index()
 7 SYSTEMPATH\CodeIgniter.php(509): CodeIgniter\CodeIgniter->runController(Object(App\Controllers\Admin))
 8 SYSTEMPATH\CodeIgniter.php(355): CodeIgniter\CodeIgniter->handleRequest(null, Object(Config\Cache), false)
 9 SYSTEMPATH\Boot.php(334): CodeIgniter\CodeIgniter->run()
10 SYSTEMPATH\Boot.php(67): CodeIgniter\Boot::runCodeIgniter(Object(CodeIgniter\CodeIgniter))
11 FCPATH\index.php(56): CodeIgniter\Boot::bootWeb(Object(Config\Paths))
DEBUG - 2025-03-07 01:28:20 --> Session: Class initialized using 'CodeIgniter\Session\Handlers\FileHandler' driver.
CRITICAL - 2025-03-07 01:28:20 --> ErrorException: Undefined variable $fakultas
[Method: GET, Route: admin/prodi]
in APPPATH\Views\admin\prodi.php on line 538.
 1 APPPATH\Views\admin\prodi.php(538): CodeIgniter\Debug\Exceptions->errorHandler(2, 'Undefined variable $fakultas', 'D:\\laragon\\www\\siakad-online\\app\\Views\\admin\\prodi.php', 538)
 2 SYSTEMPATH\View\View.php(234): include('D:\\laragon\\www\\siakad-online\\app\\Views\\admin\\prodi.php')
 3 SYSTEMPATH\View\View.php(237): CodeIgniter\View\View->CodeIgniter\View\{closure}()
 4 SYSTEMPATH\Common.php(1171): CodeIgniter\View\View->render('admin/prodi', [], true)
 5 APPPATH\Controllers\Admin.php(291): view('admin/prodi', [...])
 6 SYSTEMPATH\CodeIgniter.php(933): App\Controllers\Admin->index()
 7 SYSTEMPATH\CodeIgniter.php(509): CodeIgniter\CodeIgniter->runController(Object(App\Controllers\Admin))
 8 SYSTEMPATH\CodeIgniter.php(355): CodeIgniter\CodeIgniter->handleRequest(null, Object(Config\Cache), false)
 9 SYSTEMPATH\Boot.php(334): CodeIgniter\CodeIgniter->run()
10 SYSTEMPATH\Boot.php(67): CodeIgniter\Boot::runCodeIgniter(Object(CodeIgniter\CodeIgniter))
11 FCPATH\index.php(56): CodeIgniter\Boot::bootWeb(Object(Config\Paths))
DEBUG - 2025-03-07 01:28:23 --> Session: Class initialized using 'CodeIgniter\Session\Handlers\FileHandler' driver.
CRITICAL - 2025-03-07 01:28:23 --> ErrorException: Undefined variable $fakultas
[Method: GET, Route: admin/prodi]
in APPPATH\Views\admin\prodi.php on line 538.
 1 APPPATH\Views\admin\prodi.php(538): CodeIgniter\Debug\Exceptions->errorHandler(2, 'Undefined variable $fakultas', 'D:\\laragon\\www\\siakad-online\\app\\Views\\admin\\prodi.php', 538)
 2 SYSTEMPATH\View\View.php(234): include('D:\\laragon\\www\\siakad-online\\app\\Views\\admin\\prodi.php')
 3 SYSTEMPATH\View\View.php(237): CodeIgniter\View\View->CodeIgniter\View\{closure}()
 4 SYSTEMPATH\Common.php(1171): CodeIgniter\View\View->render('admin/prodi', [], true)
 5 APPPATH\Controllers\Admin.php(291): view('admin/prodi', [...])
 6 SYSTEMPATH\CodeIgniter.php(933): App\Controllers\Admin->index()
 7 SYSTEMPATH\CodeIgniter.php(509): CodeIgniter\CodeIgniter->runController(Object(App\Controllers\Admin))
 8 SYSTEMPATH\CodeIgniter.php(355): CodeIgniter\CodeIgniter->handleRequest(null, Object(Config\Cache), false)
 9 SYSTEMPATH\Boot.php(334): CodeIgniter\CodeIgniter->run()
10 SYSTEMPATH\Boot.php(67): CodeIgniter\Boot::runCodeIgniter(Object(CodeIgniter\CodeIgniter))
11 FCPATH\index.php(56): CodeIgniter\Boot::bootWeb(Object(Config\Paths))
DEBUG - 2025-03-07 01:28:39 --> Session: Class initialized using 'CodeIgniter\Session\Handlers\FileHandler' driver.
CRITICAL - 2025-03-07 01:28:39 --> ErrorException: Undefined variable $fakultas
[Method: GET, Route: admin/prodi]
in APPPATH\Views\admin\prodi.php on line 538.
 1 APPPATH\Views\admin\prodi.php(538): CodeIgniter\Debug\Exceptions->errorHandler(2, 'Undefined variable $fakultas', 'D:\\laragon\\www\\siakad-online\\app\\Views\\admin\\prodi.php', 538)
 2 SYSTEMPATH\View\View.php(234): include('D:\\laragon\\www\\siakad-online\\app\\Views\\admin\\prodi.php')
 3 SYSTEMPATH\View\View.php(237): CodeIgniter\View\View->CodeIgniter\View\{closure}()
 4 SYSTEMPATH\Common.php(1171): CodeIgniter\View\View->render('admin/prodi', [], true)
 5 APPPATH\Controllers\Admin.php(291): view('admin/prodi', [...])
 6 SYSTEMPATH\CodeIgniter.php(933): App\Controllers\Admin->index()
 7 SYSTEMPATH\CodeIgniter.php(509): CodeIgniter\CodeIgniter->runController(Object(App\Controllers\Admin))
 8 SYSTEMPATH\CodeIgniter.php(355): CodeIgniter\CodeIgniter->handleRequest(null, Object(Config\Cache), false)
 9 SYSTEMPATH\Boot.php(334): CodeIgniter\CodeIgniter->run()
10 SYSTEMPATH\Boot.php(67): CodeIgniter\Boot::runCodeIgniter(Object(CodeIgniter\CodeIgniter))
11 FCPATH\index.php(56): CodeIgniter\Boot::bootWeb(Object(Config\Paths))
DEBUG - 2025-03-07 01:45:42 --> Session: Class initialized using 'CodeIgniter\Session\Handlers\FileHandler' driver.
CRITICAL - 2025-03-07 01:45:42 --> ErrorException: Undefined variable $fakultas
[Method: GET, Route: admin/prodi]
in APPPATH\Views\admin\prodi.php on line 538.
 1 APPPATH\Views\admin\prodi.php(538): CodeIgniter\Debug\Exceptions->errorHandler(2, 'Undefined variable $fakultas', 'D:\\laragon\\www\\siakad-online\\app\\Views\\admin\\prodi.php', 538)
 2 SYSTEMPATH\View\View.php(234): include('D:\\laragon\\www\\siakad-online\\app\\Views\\admin\\prodi.php')
 3 SYSTEMPATH\View\View.php(237): CodeIgniter\View\View->CodeIgniter\View\{closure}()
 4 SYSTEMPATH\Common.php(1171): CodeIgniter\View\View->render('admin/prodi', [], true)
 5 APPPATH\Controllers\Admin.php(291): view('admin/prodi', [...])
 6 SYSTEMPATH\CodeIgniter.php(933): App\Controllers\Admin->index()
 7 SYSTEMPATH\CodeIgniter.php(509): CodeIgniter\CodeIgniter->runController(Object(App\Controllers\Admin))
 8 SYSTEMPATH\CodeIgniter.php(355): CodeIgniter\CodeIgniter->handleRequest(null, Object(Config\Cache), false)
 9 SYSTEMPATH\Boot.php(334): CodeIgniter\CodeIgniter->run()
10 SYSTEMPATH\Boot.php(67): CodeIgniter\Boot::runCodeIgniter(Object(CodeIgniter\CodeIgniter))
11 FCPATH\index.php(56): CodeIgniter\Boot::bootWeb(Object(Config\Paths))
DEBUG - 2025-03-07 01:45:42 --> Session: Class initialized using 'CodeIgniter\Session\Handlers\FileHandler' driver.
CRITICAL - 2025-03-07 01:45:42 --> ErrorException: Undefined variable $fakultas
[Method: GET, Route: admin/prodi]
in APPPATH\Views\admin\prodi.php on line 538.
 1 APPPATH\Views\admin\prodi.php(538): CodeIgniter\Debug\Exceptions->errorHandler(2, 'Undefined variable $fakultas', 'D:\\laragon\\www\\siakad-online\\app\\Views\\admin\\prodi.php', 538)
 2 SYSTEMPATH\View\View.php(234): include('D:\\laragon\\www\\siakad-online\\app\\Views\\admin\\prodi.php')
 3 SYSTEMPATH\View\View.php(237): CodeIgniter\View\View->CodeIgniter\View\{closure}()
 4 SYSTEMPATH\Common.php(1171): CodeIgniter\View\View->render('admin/prodi', [], true)
 5 APPPATH\Controllers\Admin.php(291): view('admin/prodi', [...])
 6 SYSTEMPATH\CodeIgniter.php(933): App\Controllers\Admin->index()
 7 SYSTEMPATH\CodeIgniter.php(509): CodeIgniter\CodeIgniter->runController(Object(App\Controllers\Admin))
 8 SYSTEMPATH\CodeIgniter.php(355): CodeIgniter\CodeIgniter->handleRequest(null, Object(Config\Cache), false)
 9 SYSTEMPATH\Boot.php(334): CodeIgniter\CodeIgniter->run()
10 SYSTEMPATH\Boot.php(67): CodeIgniter\Boot::runCodeIgniter(Object(CodeIgniter\CodeIgniter))
11 FCPATH\index.php(56): CodeIgniter\Boot::bootWeb(Object(Config\Paths))
ERROR - 2025-03-07 01:59:17 --> mysqli_sql_exception: Table 'siakad-online.tbl_prodi' doesn't exist in D:\laragon\www\siakad-online\system\Database\MySQLi\Connection.php:312
Stack trace:
#0 D:\laragon\www\siakad-online\system\Database\MySQLi\Connection.php(312): mysqli->query('SELECT *\nFROM `...', 0)
#1 D:\laragon\www\siakad-online\system\Database\BaseConnection.php(734): CodeIgniter\Database\MySQLi\Connection->execute('SELECT *\nFROM `...')
#2 D:\laragon\www\siakad-online\system\Database\BaseConnection.php(648): CodeIgniter\Database\BaseConnection->simpleQuery('SELECT *\nFROM `...')
#3 D:\laragon\www\siakad-online\system\Database\BaseBuilder.php(1644): CodeIgniter\Database\BaseConnection->query('SELECT *\nFROM `...', Array, false)
#4 D:\laragon\www\siakad-online\system\Model.php(286): CodeIgniter\Database\BaseBuilder->get()
#5 D:\laragon\www\siakad-online\system\BaseModel.php(675): CodeIgniter\Model->doFindAll(0, 0)
#6 D:\laragon\www\siakad-online\app\Controllers\Admin.php(288): CodeIgniter\BaseModel->findAll()
#7 D:\laragon\www\siakad-online\system\CodeIgniter.php(933): App\Controllers\Admin->prodi()
#8 D:\laragon\www\siakad-online\system\CodeIgniter.php(509): CodeIgniter\CodeIgniter->runController(Object(App\Controllers\Admin))
#9 D:\laragon\www\siakad-online\system\CodeIgniter.php(355): CodeIgniter\CodeIgniter->handleRequest(NULL, Object(Config\Cache), false)
#10 D:\laragon\www\siakad-online\system\Boot.php(334): CodeIgniter\CodeIgniter->run()
#11 D:\laragon\www\siakad-online\system\Boot.php(67): CodeIgniter\Boot::runCodeIgniter(Object(CodeIgniter\CodeIgniter))
#12 D:\laragon\www\siakad-online\public\index.php(56): CodeIgniter\Boot::bootWeb(Object(Config\Paths))
#13 {main}
CRITICAL - 2025-03-07 01:59:17 --> CodeIgniter\Database\Exceptions\DatabaseException: Table 'siakad-online.tbl_prodi' doesn't exist
[Method: GET, Route: admin/prodi]
in SYSTEMPATH\Database\BaseConnection.php on line 688.
 1 SYSTEMPATH\Database\BaseBuilder.php(1644): CodeIgniter\Database\BaseConnection->query('SELECT *
FROM `tbl_prodi`
ORDER BY `id_prodi` ASC', [], false)
 2 SYSTEMPATH\Model.php(286): CodeIgniter\Database\BaseBuilder->get()
 3 SYSTEMPATH\BaseModel.php(675): CodeIgniter\Model->doFindAll(0, 0)
 4 APPPATH\Controllers\Admin.php(288): CodeIgniter\BaseModel->findAll()
 5 SYSTEMPATH\CodeIgniter.php(933): App\Controllers\Admin->prodi()
 6 SYSTEMPATH\CodeIgniter.php(509): CodeIgniter\CodeIgniter->runController(Object(App\Controllers\Admin))
 7 SYSTEMPATH\CodeIgniter.php(355): CodeIgniter\CodeIgniter->handleRequest(null, Object(Config\Cache), false)
 8 SYSTEMPATH\Boot.php(334): CodeIgniter\CodeIgniter->run()
 9 SYSTEMPATH\Boot.php(67): CodeIgniter\Boot::runCodeIgniter(Object(CodeIgniter\CodeIgniter))
10 FCPATH\index.php(56): CodeIgniter\Boot::bootWeb(Object(Config\Paths))
CRITICAL - 2025-03-07 01:59:17 --> [Caused by] CodeIgniter\Database\Exceptions\DatabaseException: Table 'siakad-online.tbl_prodi' doesn't exist
in SYSTEMPATH\Database\MySQLi\Connection.php on line 317.
 1 SYSTEMPATH\Database\BaseConnection.php(734): CodeIgniter\Database\MySQLi\Connection->execute('SELECT *
FROM `tbl_prodi`
ORDER BY `id_prodi` ASC')
 2 SYSTEMPATH\Database\BaseConnection.php(648): CodeIgniter\Database\BaseConnection->simpleQuery('SELECT *
FROM `tbl_prodi`
ORDER BY `id_prodi` ASC')
 3 SYSTEMPATH\Database\BaseBuilder.php(1644): CodeIgniter\Database\BaseConnection->query('SELECT *
FROM `tbl_prodi`
ORDER BY `id_prodi` ASC', [], false)
 4 SYSTEMPATH\Model.php(286): CodeIgniter\Database\BaseBuilder->get()
 5 SYSTEMPATH\BaseModel.php(675): CodeIgniter\Model->doFindAll(0, 0)
 6 APPPATH\Controllers\Admin.php(288): CodeIgniter\BaseModel->findAll()
 7 SYSTEMPATH\CodeIgniter.php(933): App\Controllers\Admin->prodi()
 8 SYSTEMPATH\CodeIgniter.php(509): CodeIgniter\CodeIgniter->runController(Object(App\Controllers\Admin))
 9 SYSTEMPATH\CodeIgniter.php(355): CodeIgniter\CodeIgniter->handleRequest(null, Object(Config\Cache), false)
10 SYSTEMPATH\Boot.php(334): CodeIgniter\CodeIgniter->run()
11 SYSTEMPATH\Boot.php(67): CodeIgniter\Boot::runCodeIgniter(Object(CodeIgniter\CodeIgniter))
12 FCPATH\index.php(56): CodeIgniter\Boot::bootWeb(Object(Config\Paths))
CRITICAL - 2025-03-07 01:59:17 --> [Caused by] mysqli_sql_exception: Table 'siakad-online.tbl_prodi' doesn't exist
in SYSTEMPATH\Database\MySQLi\Connection.php on line 312.
 1 SYSTEMPATH\Database\MySQLi\Connection.php(312): mysqli->query('SELECT *
FROM `tbl_prodi`
ORDER BY `id_prodi` ASC', 0)
 2 SYSTEMPATH\Database\BaseConnection.php(734): CodeIgniter\Database\MySQLi\Connection->execute('SELECT *
FROM `tbl_prodi`
ORDER BY `id_prodi` ASC')
 3 SYSTEMPATH\Database\BaseConnection.php(648): CodeIgniter\Database\BaseConnection->simpleQuery('SELECT *
FROM `tbl_prodi`
ORDER BY `id_prodi` ASC')
 4 SYSTEMPATH\Database\BaseBuilder.php(1644): CodeIgniter\Database\BaseConnection->query('SELECT *
FROM `tbl_prodi`
ORDER BY `id_prodi` ASC', [], false)
 5 SYSTEMPATH\Model.php(286): CodeIgniter\Database\BaseBuilder->get()
 6 SYSTEMPATH\BaseModel.php(675): CodeIgniter\Model->doFindAll(0, 0)
 7 APPPATH\Controllers\Admin.php(288): CodeIgniter\BaseModel->findAll()
 8 SYSTEMPATH\CodeIgniter.php(933): App\Controllers\Admin->prodi()
 9 SYSTEMPATH\CodeIgniter.php(509): CodeIgniter\CodeIgniter->runController(Object(App\Controllers\Admin))
10 SYSTEMPATH\CodeIgniter.php(355): CodeIgniter\CodeIgniter->handleRequest(null, Object(Config\Cache), false)
11 SYSTEMPATH\Boot.php(334): CodeIgniter\CodeIgniter->run()
12 SYSTEMPATH\Boot.php(67): CodeIgniter\Boot::runCodeIgniter(Object(CodeIgniter\CodeIgniter))
13 FCPATH\index.php(56): CodeIgniter\Boot::bootWeb(Object(Config\Paths))
DEBUG - 2025-03-07 01:59:45 --> Session: Class initialized using 'CodeIgniter\Session\Handlers\FileHandler' driver.
DEBUG - 2025-03-07 02:00:06 --> Session: Class initialized using 'CodeIgniter\Session\Handlers\FileHandler' driver.
DEBUG - 2025-03-07 02:03:15 --> Session: Class initialized using 'CodeIgniter\Session\Handlers\FileHandler' driver.
DEBUG - 2025-03-07 02:05:07 --> Session: Class initialized using 'CodeIgniter\Session\Handlers\FileHandler' driver.
DEBUG - 2025-03-07 02:05:35 --> Session: Class initialized using 'CodeIgniter\Session\Handlers\FileHandler' driver.
DEBUG - 2025-03-07 02:05:35 --> Session: Class initialized using 'CodeIgniter\Session\Handlers\FileHandler' driver.
DEBUG - 2025-03-07 02:06:05 --> Session: Class initialized using 'CodeIgniter\Session\Handlers\FileHandler' driver.
CRITICAL - 2025-03-07 02:06:05 --> ErrorException: Undefined array key "nama_fakultas"
[Method: GET, Route: admin/prodi]
in APPPATH\Views\admin\prodi.php on line 502.
 1 APPPATH\Views\admin\prodi.php(502): CodeIgniter\Debug\Exceptions->errorHandler(2, 'Undefined array key "nama_fakultas"', 'D:\\laragon\\www\\siakad-online\\app\\Views\\admin\\prodi.php', 502)
 2 SYSTEMPATH\View\View.php(234): include('D:\\laragon\\www\\siakad-online\\app\\Views\\admin\\prodi.php')
 3 SYSTEMPATH\View\View.php(237): CodeIgniter\View\View->CodeIgniter\View\{closure}()
 4 SYSTEMPATH\Common.php(1171): CodeIgniter\View\View->render('admin/prodi', [], true)
 5 APPPATH\Controllers\Admin.php(291): view('admin/prodi', [...])
 6 SYSTEMPATH\CodeIgniter.php(933): App\Controllers\Admin->prodi()
 7 SYSTEMPATH\CodeIgniter.php(509): CodeIgniter\CodeIgniter->runController(Object(App\Controllers\Admin))
 8 SYSTEMPATH\CodeIgniter.php(355): CodeIgniter\CodeIgniter->handleRequest(null, Object(Config\Cache), false)
 9 SYSTEMPATH\Boot.php(334): CodeIgniter\CodeIgniter->run()
10 SYSTEMPATH\Boot.php(67): CodeIgniter\Boot::runCodeIgniter(Object(CodeIgniter\CodeIgniter))
11 FCPATH\index.php(56): CodeIgniter\Boot::bootWeb(Object(Config\Paths))
DEBUG - 2025-03-07 02:06:34 --> Session: Class initialized using 'CodeIgniter\Session\Handlers\FileHandler' driver.
DEBUG - 2025-03-07 02:07:47 --> Session: Class initialized using 'CodeIgniter\Session\Handlers\FileHandler' driver.
DEBUG - 2025-03-07 02:09:13 --> Session: Class initialized using 'CodeIgniter\Session\Handlers\FileHandler' driver.
DEBUG - 2025-03-07 02:09:26 --> Session: Class initialized using 'CodeIgniter\Session\Handlers\FileHandler' driver.
DEBUG - 2025-03-07 02:09:39 --> Session: Class initialized using 'CodeIgniter\Session\Handlers\FileHandler' driver.
DEBUG - 2025-03-07 02:09:39 --> Session: Class initialized using 'CodeIgniter\Session\Handlers\FileHandler' driver.
DEBUG - 2025-03-07 02:10:50 --> Session: Class initialized using 'CodeIgniter\Session\Handlers\FileHandler' driver.
DEBUG - 2025-03-07 02:11:45 --> Session: Class initialized using 'CodeIgniter\Session\Handlers\FileHandler' driver.
DEBUG - 2025-03-07 02:11:54 --> Session: Class initialized using 'CodeIgniter\Session\Handlers\FileHandler' driver.
DEBUG - 2025-03-07 02:12:15 --> Session: Class initialized using 'CodeIgniter\Session\Handlers\FileHandler' driver.
DEBUG - 2025-03-07 02:12:25 --> Session: Class initialized using 'CodeIgniter\Session\Handlers\FileHandler' driver.
DEBUG - 2025-03-07 02:13:42 --> Session: Class initialized using 'CodeIgniter\Session\Handlers\FileHandler' driver.
DEBUG - 2025-03-07 02:14:31 --> Session: Class initialized using 'CodeIgniter\Session\Handlers\FileHandler' driver.
DEBUG - 2025-03-07 02:15:03 --> Session: Class initialized using 'CodeIgniter\Session\Handlers\FileHandler' driver.
DEBUG - 2025-03-07 02:16:42 --> Session: Class initialized using 'CodeIgniter\Session\Handlers\FileHandler' driver.
DEBUG - 2025-03-07 02:17:12 --> Session: Class initialized using 'CodeIgniter\Session\Handlers\FileHandler' driver.
DEBUG - 2025-03-07 02:17:13 --> Session: Class initialized using 'CodeIgniter\Session\Handlers\FileHandler' driver.
DEBUG - 2025-03-07 02:17:51 --> Session: Class initialized using 'CodeIgniter\Session\Handlers\FileHandler' driver.
DEBUG - 2025-03-07 02:18:14 --> Session: Class initialized using 'CodeIgniter\Session\Handlers\FileHandler' driver.
DEBUG - 2025-03-07 02:18:49 --> Session: Class initialized using 'CodeIgniter\Session\Handlers\FileHandler' driver.
DEBUG - 2025-03-07 02:18:54 --> Session: Class initialized using 'CodeIgniter\Session\Handlers\FileHandler' driver.
DEBUG - 2025-03-07 02:18:54 --> Session: Class initialized using 'CodeIgniter\Session\Handlers\FileHandler' driver.
DEBUG - 2025-03-07 02:19:13 --> Session: Class initialized using 'CodeIgniter\Session\Handlers\FileHandler' driver.
DEBUG - 2025-03-07 02:19:14 --> Session: Class initialized using 'CodeIgniter\Session\Handlers\FileHandler' driver.
DEBUG - 2025-03-07 02:20:33 --> Session: Class initialized using 'CodeIgniter\Session\Handlers\FileHandler' driver.
DEBUG - 2025-03-07 12:48:43 --> Session: Class initialized using 'CodeIgniter\Session\Handlers\FileHandler' driver.
DEBUG - 2025-03-07 12:57:18 --> Session: Class initialized using 'CodeIgniter\Session\Handlers\FileHandler' driver.
DEBUG - 2025-03-07 12:57:31 --> Session: Class initialized using 'CodeIgniter\Session\Handlers\FileHandler' driver.
DEBUG - 2025-03-07 12:57:32 --> Session: Class initialized using 'CodeIgniter\Session\Handlers\FileHandler' driver.
CRITICAL - 2025-03-07 12:57:40 --> ArgumentCountError: Too few arguments to function CodeIgniter\HTTP\RedirectResponse::with(), 1 passed in D:\laragon\www\siakad-online\app\Controllers\Admin.php on line 316 and exactly 2 expected
[Method: POST, Route: admin/prodi/edit]
in SYSTEMPATH\HTTP\RedirectResponse.php on line 132.
 1 APPPATH\Controllers\Admin.php(316): CodeIgniter\HTTP\RedirectResponse->with('')
 2 SYSTEMPATH\CodeIgniter.php(933): App\Controllers\Admin->editProdi()
 3 SYSTEMPATH\CodeIgniter.php(509): CodeIgniter\CodeIgniter->runController(Object(App\Controllers\Admin))
 4 SYSTEMPATH\CodeIgniter.php(355): CodeIgniter\CodeIgniter->handleRequest(null, Object(Config\Cache), false)
 5 SYSTEMPATH\Boot.php(334): CodeIgniter\CodeIgniter->run()
 6 SYSTEMPATH\Boot.php(67): CodeIgniter\Boot::runCodeIgniter(Object(CodeIgniter\CodeIgniter))
 7 FCPATH\index.php(56): CodeIgniter\Boot::bootWeb(Object(Config\Paths))
CRITICAL - 2025-03-07 12:57:59 --> ArgumentCountError: Too few arguments to function CodeIgniter\HTTP\RedirectResponse::with(), 1 passed in D:\laragon\www\siakad-online\app\Controllers\Admin.php on line 316 and exactly 2 expected
[Method: POST, Route: admin/prodi/edit]
in SYSTEMPATH\HTTP\RedirectResponse.php on line 132.
 1 APPPATH\Controllers\Admin.php(316): CodeIgniter\HTTP\RedirectResponse->with('')
 2 SYSTEMPATH\CodeIgniter.php(933): App\Controllers\Admin->editProdi()
 3 SYSTEMPATH\CodeIgniter.php(509): CodeIgniter\CodeIgniter->runController(Object(App\Controllers\Admin))
 4 SYSTEMPATH\CodeIgniter.php(355): CodeIgniter\CodeIgniter->handleRequest(null, Object(Config\Cache), false)
 5 SYSTEMPATH\Boot.php(334): CodeIgniter\CodeIgniter->run()
 6 SYSTEMPATH\Boot.php(67): CodeIgniter\Boot::runCodeIgniter(Object(CodeIgniter\CodeIgniter))
 7 FCPATH\index.php(56): CodeIgniter\Boot::bootWeb(Object(Config\Paths))
CRITICAL - 2025-03-07 12:58:26 --> ArgumentCountError: Too few arguments to function CodeIgniter\HTTP\RedirectResponse::with(), 1 passed in D:\laragon\www\siakad-online\app\Controllers\Admin.php on line 316 and exactly 2 expected
[Method: POST, Route: admin/prodi/edit]
in SYSTEMPATH\HTTP\RedirectResponse.php on line 132.
 1 APPPATH\Controllers\Admin.php(316): CodeIgniter\HTTP\RedirectResponse->with('')
 2 SYSTEMPATH\CodeIgniter.php(933): App\Controllers\Admin->editProdi()
 3 SYSTEMPATH\CodeIgniter.php(509): CodeIgniter\CodeIgniter->runController(Object(App\Controllers\Admin))
 4 SYSTEMPATH\CodeIgniter.php(355): CodeIgniter\CodeIgniter->handleRequest(null, Object(Config\Cache), false)
 5 SYSTEMPATH\Boot.php(334): CodeIgniter\CodeIgniter->run()
 6 SYSTEMPATH\Boot.php(67): CodeIgniter\Boot::runCodeIgniter(Object(CodeIgniter\CodeIgniter))
 7 FCPATH\index.php(56): CodeIgniter\Boot::bootWeb(Object(Config\Paths))
DEBUG - 2025-03-07 12:59:10 --> Session: Class initialized using 'CodeIgniter\Session\Handlers\FileHandler' driver.
DEBUG - 2025-03-07 12:59:24 --> Session: Class initialized using 'CodeIgniter\Session\Handlers\FileHandler' driver.
DEBUG - 2025-03-07 13:03:12 --> Session: Class initialized using 'CodeIgniter\Session\Handlers\FileHandler' driver.
DEBUG - 2025-03-07 13:03:43 --> Session: Class initialized using 'CodeIgniter\Session\Handlers\FileHandler' driver.
DEBUG - 2025-03-07 13:03:52 --> Session: Class initialized using 'CodeIgniter\Session\Handlers\FileHandler' driver.
DEBUG - 2025-03-07 13:03:53 --> Session: Class initialized using 'CodeIgniter\Session\Handlers\FileHandler' driver.
CRITICAL - 2025-03-07 13:04:02 --> ArgumentCountError: Too few arguments to function CodeIgniter\HTTP\RedirectResponse::with(), 1 passed in D:\laragon\www\siakad-online\app\Controllers\Admin.php on line 316 and exactly 2 expected
[Method: POST, Route: admin/prodi/edit]
in SYSTEMPATH\HTTP\RedirectResponse.php on line 132.
 1 APPPATH\Controllers\Admin.php(316): CodeIgniter\HTTP\RedirectResponse->with('')
 2 SYSTEMPATH\CodeIgniter.php(933): App\Controllers\Admin->editProdi()
 3 SYSTEMPATH\CodeIgniter.php(509): CodeIgniter\CodeIgniter->runController(Object(App\Controllers\Admin))
 4 SYSTEMPATH\CodeIgniter.php(355): CodeIgniter\CodeIgniter->handleRequest(null, Object(Config\Cache), false)
 5 SYSTEMPATH\Boot.php(334): CodeIgniter\CodeIgniter->run()
 6 SYSTEMPATH\Boot.php(67): CodeIgniter\Boot::runCodeIgniter(Object(CodeIgniter\CodeIgniter))
 7 FCPATH\index.php(56): CodeIgniter\Boot::bootWeb(Object(Config\Paths))
DEBUG - 2025-03-07 13:05:15 --> Session: Class initialized using 'CodeIgniter\Session\Handlers\FileHandler' driver.
CRITICAL - 2025-03-07 13:05:28 --> ArgumentCountError: Too few arguments to function CodeIgniter\HTTP\RedirectResponse::with(), 1 passed in D:\laragon\www\siakad-online\app\Controllers\Admin.php on line 328 and exactly 2 expected
[Method: POST, Route: admin/prodi/edit]
in SYSTEMPATH\HTTP\RedirectResponse.php on line 132.
 1 APPPATH\Controllers\Admin.php(328): CodeIgniter\HTTP\RedirectResponse->with('')
 2 SYSTEMPATH\CodeIgniter.php(933): App\Controllers\Admin->editProdi()
 3 SYSTEMPATH\CodeIgniter.php(509): CodeIgniter\CodeIgniter->runController(Object(App\Controllers\Admin))
 4 SYSTEMPATH\CodeIgniter.php(355): CodeIgniter\CodeIgniter->handleRequest(null, Object(Config\Cache), false)
 5 SYSTEMPATH\Boot.php(334): CodeIgniter\CodeIgniter->run()
 6 SYSTEMPATH\Boot.php(67): CodeIgniter\Boot::runCodeIgniter(Object(CodeIgniter\CodeIgniter))
 7 FCPATH\index.php(56): CodeIgniter\Boot::bootWeb(Object(Config\Paths))
DEBUG - 2025-03-07 13:07:20 --> Session: Class initialized using 'CodeIgniter\Session\Handlers\FileHandler' driver.
DEBUG - 2025-03-07 13:07:37 --> Session: Class initialized using 'CodeIgniter\Session\Handlers\FileHandler' driver.
DEBUG - 2025-03-07 13:07:38 --> Session: Class initialized using 'CodeIgniter\Session\Handlers\FileHandler' driver.
DEBUG - 2025-03-07 13:07:43 --> Session: Class initialized using 'CodeIgniter\Session\Handlers\FileHandler' driver.
DEBUG - 2025-03-07 13:07:44 --> Session: Class initialized using 'CodeIgniter\Session\Handlers\FileHandler' driver.
DEBUG - 2025-03-07 13:07:53 --> Session: Class initialized using 'CodeIgniter\Session\Handlers\FileHandler' driver.
DEBUG - 2025-03-07 13:07:54 --> Session: Class initialized using 'CodeIgniter\Session\Handlers\FileHandler' driver.
DEBUG - 2025-03-07 13:08:20 --> Session: Class initialized using 'CodeIgniter\Session\Handlers\FileHandler' driver.
DEBUG - 2025-03-07 13:08:27 --> Session: Class initialized using 'CodeIgniter\Session\Handlers\FileHandler' driver.
DEBUG - 2025-03-07 13:08:28 --> Session: Class initialized using 'CodeIgniter\Session\Handlers\FileHandler' driver.
DEBUG - 2025-03-07 13:08:42 --> Session: Class initialized using 'CodeIgniter\Session\Handlers\FileHandler' driver.
DEBUG - 2025-03-07 13:08:42 --> Session: Class initialized using 'CodeIgniter\Session\Handlers\FileHandler' driver.
DEBUG - 2025-03-07 13:08:48 --> Session: Class initialized using 'CodeIgniter\Session\Handlers\FileHandler' driver.
DEBUG - 2025-03-07 13:08:50 --> Session: Class initialized using 'CodeIgniter\Session\Handlers\FileHandler' driver.
DEBUG - 2025-03-07 13:09:27 --> Session: Class initialized using 'CodeIgniter\Session\Handlers\FileHandler' driver.
DEBUG - 2025-03-07 13:09:55 --> Session: Class initialized using 'CodeIgniter\Session\Handlers\FileHandler' driver.
DEBUG - 2025-03-07 13:09:56 --> Session: Class initialized using 'CodeIgniter\Session\Handlers\FileHandler' driver.
DEBUG - 2025-03-07 13:11:58 --> Session: Class initialized using 'CodeIgniter\Session\Handlers\FileHandler' driver.
DEBUG - 2025-03-07 13:12:09 --> Session: Class initialized using 'CodeIgniter\Session\Handlers\FileHandler' driver.
DEBUG - 2025-03-07 13:13:39 --> Session: Class initialized using 'CodeIgniter\Session\Handlers\FileHandler' driver.
DEBUG - 2025-03-07 13:13:52 --> Session: Class initialized using 'CodeIgniter\Session\Handlers\FileHandler' driver.
DEBUG - 2025-03-07 13:13:53 --> Session: Class initialized using 'CodeIgniter\Session\Handlers\FileHandler' driver.
DEBUG - 2025-03-07 13:14:01 --> Session: Class initialized using 'CodeIgniter\Session\Handlers\FileHandler' driver.
DEBUG - 2025-03-07 13:14:10 --> Session: Class initialized using 'CodeIgniter\Session\Handlers\FileHandler' driver.
