DEBUG - 2025-04-26 06:17:57 --> Session: Class initialized using 'CodeIgniter\Session\Handlers\FileHandler' driver.
DEBUG - 2025-04-26 06:18:13 --> Session: Class initialized using 'CodeIgniter\Session\Handlers\FileHandler' driver.
DEBUG - 2025-04-26 06:18:14 --> Session: Class initialized using 'CodeIgniter\Session\Handlers\FileHandler' driver.
DEBUG - 2025-04-26 06:18:18 --> Session: Class initialized using 'CodeIgniter\Session\Handlers\FileHandler' driver.
DEBUG - 2025-04-26 06:18:23 --> Session: Class initialized using 'CodeIgniter\Session\Handlers\FileHandler' driver.
DEBUG - 2025-04-26 06:18:27 --> Session: Class initialized using 'CodeIgniter\Session\Handlers\FileHandler' driver.
DEBUG - 2025-04-26 06:18:31 --> Session: Class initialized using 'CodeIgniter\Session\Handlers\FileHandler' driver.
DEBUG - 2025-04-26 06:18:32 --> Session: Class initialized using 'CodeIgniter\Session\Handlers\FileHandler' driver.
DEBUG - 2025-04-26 06:20:28 --> Session: Class initialized using 'CodeIgniter\Session\Handlers\FileHandler' driver.
DEBUG - 2025-04-26 06:30:24 --> Session: Class initialized using 'CodeIgniter\Session\Handlers\FileHandler' driver.
DEBUG - 2025-04-26 06:30:46 --> Session: Class initialized using 'CodeIgniter\Session\Handlers\FileHandler' driver.
DEBUG - 2025-04-26 06:31:05 --> Session: Class initialized using 'CodeIgniter\Session\Handlers\FileHandler' driver.
DEBUG - 2025-04-26 07:00:08 --> Session: Class initialized using 'CodeIgniter\Session\Handlers\FileHandler' driver.
DEBUG - 2025-04-26 07:00:09 --> Session: Class initialized using 'CodeIgniter\Session\Handlers\FileHandler' driver.
DEBUG - 2025-04-26 07:00:13 --> Session: Class initialized using 'CodeIgniter\Session\Handlers\FileHandler' driver.
DEBUG - 2025-04-26 07:00:22 --> Session: Class initialized using 'CodeIgniter\Session\Handlers\FileHandler' driver.
DEBUG - 2025-04-26 07:00:22 --> Session: Class initialized using 'CodeIgniter\Session\Handlers\FileHandler' driver.
DEBUG - 2025-04-26 07:00:25 --> Session: Class initialized using 'CodeIgniter\Session\Handlers\FileHandler' driver.
DEBUG - 2025-04-26 07:00:40 --> Session: Class initialized using 'CodeIgniter\Session\Handlers\FileHandler' driver.
DEBUG - 2025-04-26 07:00:40 --> Session: Class initialized using 'CodeIgniter\Session\Handlers\FileHandler' driver.
DEBUG - 2025-04-26 07:00:51 --> Session: Class initialized using 'CodeIgniter\Session\Handlers\FileHandler' driver.
DEBUG - 2025-04-26 07:00:52 --> Session: Class initialized using 'CodeIgniter\Session\Handlers\FileHandler' driver.
DEBUG - 2025-04-26 07:00:55 --> Session: Class initialized using 'CodeIgniter\Session\Handlers\FileHandler' driver.
DEBUG - 2025-04-26 07:01:04 --> Session: Class initialized using 'CodeIgniter\Session\Handlers\FileHandler' driver.
DEBUG - 2025-04-26 07:04:15 --> Session: Class initialized using 'CodeIgniter\Session\Handlers\FileHandler' driver.
DEBUG - 2025-04-26 07:04:22 --> Session: Class initialized using 'CodeIgniter\Session\Handlers\FileHandler' driver.
DEBUG - 2025-04-26 07:04:25 --> Session: Class initialized using 'CodeIgniter\Session\Handlers\FileHandler' driver.
DEBUG - 2025-04-26 07:04:32 --> Session: Class initialized using 'CodeIgniter\Session\Handlers\FileHandler' driver.
DEBUG - 2025-04-26 07:06:47 --> Session: Class initialized using 'CodeIgniter\Session\Handlers\FileHandler' driver.
DEBUG - 2025-04-26 07:06:49 --> Session: Class initialized using 'CodeIgniter\Session\Handlers\FileHandler' driver.
DEBUG - 2025-04-26 07:06:56 --> Session: Class initialized using 'CodeIgniter\Session\Handlers\FileHandler' driver.
DEBUG - 2025-04-26 07:06:57 --> Session: Class initialized using 'CodeIgniter\Session\Handlers\FileHandler' driver.
DEBUG - 2025-04-26 07:09:03 --> Session: Class initialized using 'CodeIgniter\Session\Handlers\FileHandler' driver.
DEBUG - 2025-04-26 07:09:48 --> Session: Class initialized using 'CodeIgniter\Session\Handlers\FileHandler' driver.
DEBUG - 2025-04-26 07:10:43 --> Session: Class initialized using 'CodeIgniter\Session\Handlers\FileHandler' driver.
DEBUG - 2025-04-26 07:10:43 --> Session: Class initialized using 'CodeIgniter\Session\Handlers\FileHandler' driver.
DEBUG - 2025-04-26 07:10:52 --> Session: Class initialized using 'CodeIgniter\Session\Handlers\FileHandler' driver.
DEBUG - 2025-04-26 07:10:52 --> Session: Class initialized using 'CodeIgniter\Session\Handlers\FileHandler' driver.
DEBUG - 2025-04-26 07:11:29 --> Session: Class initialized using 'CodeIgniter\Session\Handlers\FileHandler' driver.
DEBUG - 2025-04-26 07:12:26 --> Session: Class initialized using 'CodeIgniter\Session\Handlers\FileHandler' driver.
DEBUG - 2025-04-26 07:12:52 --> Session: Class initialized using 'CodeIgniter\Session\Handlers\FileHandler' driver.
DEBUG - 2025-04-26 07:12:56 --> Session: Class initialized using 'CodeIgniter\Session\Handlers\FileHandler' driver.
DEBUG - 2025-04-26 07:12:59 --> Session: Class initialized using 'CodeIgniter\Session\Handlers\FileHandler' driver.
DEBUG - 2025-04-26 07:13:00 --> Session: Class initialized using 'CodeIgniter\Session\Handlers\FileHandler' driver.
DEBUG - 2025-04-26 07:14:29 --> Session: Class initialized using 'CodeIgniter\Session\Handlers\FileHandler' driver.
DEBUG - 2025-04-26 07:14:29 --> Session: Class initialized using 'CodeIgniter\Session\Handlers\FileHandler' driver.
DEBUG - 2025-04-26 07:14:32 --> Session: Class initialized using 'CodeIgniter\Session\Handlers\FileHandler' driver.
DEBUG - 2025-04-26 07:16:09 --> Session: Class initialized using 'CodeIgniter\Session\Handlers\FileHandler' driver.
DEBUG - 2025-04-26 07:16:13 --> Session: Class initialized using 'CodeIgniter\Session\Handlers\FileHandler' driver.
DEBUG - 2025-04-26 07:16:15 --> Session: Class initialized using 'CodeIgniter\Session\Handlers\FileHandler' driver.
DEBUG - 2025-04-26 07:16:17 --> Session: Class initialized using 'CodeIgniter\Session\Handlers\FileHandler' driver.
DEBUG - 2025-04-26 07:16:19 --> Session: Class initialized using 'CodeIgniter\Session\Handlers\FileHandler' driver.
DEBUG - 2025-04-26 07:16:21 --> Session: Class initialized using 'CodeIgniter\Session\Handlers\FileHandler' driver.
DEBUG - 2025-04-26 07:17:42 --> Session: Class initialized using 'CodeIgniter\Session\Handlers\FileHandler' driver.
DEBUG - 2025-04-26 07:18:00 --> Session: Class initialized using 'CodeIgniter\Session\Handlers\FileHandler' driver.
DEBUG - 2025-04-26 07:18:03 --> Session: Class initialized using 'CodeIgniter\Session\Handlers\FileHandler' driver.
DEBUG - 2025-04-26 07:18:05 --> Session: Class initialized using 'CodeIgniter\Session\Handlers\FileHandler' driver.
DEBUG - 2025-04-26 07:18:10 --> Session: Class initialized using 'CodeIgniter\Session\Handlers\FileHandler' driver.
DEBUG - 2025-04-26 07:18:10 --> Session: Class initialized using 'CodeIgniter\Session\Handlers\FileHandler' driver.
DEBUG - 2025-04-26 07:18:15 --> Session: Class initialized using 'CodeIgniter\Session\Handlers\FileHandler' driver.
DEBUG - 2025-04-26 07:19:00 --> Session: Class initialized using 'CodeIgniter\Session\Handlers\FileHandler' driver.
DEBUG - 2025-04-26 07:19:23 --> Session: Class initialized using 'CodeIgniter\Session\Handlers\FileHandler' driver.
DEBUG - 2025-04-26 07:20:21 --> Session: Class initialized using 'CodeIgniter\Session\Handlers\FileHandler' driver.
DEBUG - 2025-04-26 07:20:43 --> Session: Class initialized using 'CodeIgniter\Session\Handlers\FileHandler' driver.
DEBUG - 2025-04-26 07:20:48 --> Session: Class initialized using 'CodeIgniter\Session\Handlers\FileHandler' driver.
DEBUG - 2025-04-26 07:20:49 --> Session: Class initialized using 'CodeIgniter\Session\Handlers\FileHandler' driver.
DEBUG - 2025-04-26 07:20:56 --> Session: Class initialized using 'CodeIgniter\Session\Handlers\FileHandler' driver.
DEBUG - 2025-04-26 07:21:04 --> Session: Class initialized using 'CodeIgniter\Session\Handlers\FileHandler' driver.
DEBUG - 2025-04-26 07:21:05 --> Session: Class initialized using 'CodeIgniter\Session\Handlers\FileHandler' driver.
DEBUG - 2025-04-26 07:21:08 --> Session: Class initialized using 'CodeIgniter\Session\Handlers\FileHandler' driver.
DEBUG - 2025-04-26 07:21:14 --> Session: Class initialized using 'CodeIgniter\Session\Handlers\FileHandler' driver.
DEBUG - 2025-04-26 07:21:26 --> Session: Class initialized using 'CodeIgniter\Session\Handlers\FileHandler' driver.
DEBUG - 2025-04-26 07:21:26 --> Session: Class initialized using 'CodeIgniter\Session\Handlers\FileHandler' driver.
DEBUG - 2025-04-26 07:21:31 --> Session: Class initialized using 'CodeIgniter\Session\Handlers\FileHandler' driver.
DEBUG - 2025-04-26 07:32:08 --> Session: Class initialized using 'CodeIgniter\Session\Handlers\FileHandler' driver.
DEBUG - 2025-04-26 07:32:12 --> Session: Class initialized using 'CodeIgniter\Session\Handlers\FileHandler' driver.
DEBUG - 2025-04-26 07:32:13 --> Session: Class initialized using 'CodeIgniter\Session\Handlers\FileHandler' driver.
DEBUG - 2025-04-26 07:32:17 --> Session: Class initialized using 'CodeIgniter\Session\Handlers\FileHandler' driver.
DEBUG - 2025-04-26 07:32:17 --> Session: Class initialized using 'CodeIgniter\Session\Handlers\FileHandler' driver.
DEBUG - 2025-04-26 07:32:45 --> Session: Class initialized using 'CodeIgniter\Session\Handlers\FileHandler' driver.
DEBUG - 2025-04-26 07:34:50 --> Session: Class initialized using 'CodeIgniter\Session\Handlers\FileHandler' driver.
CRITICAL - 2025-04-26 07:34:50 --> ErrorException: Undefined variable $nim
[Method: GET, Route: dosen/persetujuan]
in APPPATH\Views\dosen\persetujuan.php on line 310.
 1 APPPATH\Views\dosen\persetujuan.php(310): CodeIgniter\Debug\Exceptions->errorHandler(2, 'Undefined variable $nim', 'D:\\Archive\\PKL\\laragon\\www\\siakad-online\\app\\Views\\dosen\\persetujuan.php', 310)
 2 SYSTEMPATH\View\View.php(234): include('D:\\Archive\\PKL\\laragon\\www\\siakad-online\\app\\Views\\dosen\\persetujuan.php')
 3 SYSTEMPATH\View\View.php(237): CodeIgniter\View\View->CodeIgniter\View\{closure}()
 4 SYSTEMPATH\Common.php(1171): CodeIgniter\View\View->render('dosen/persetujuan', [], true)
 5 APPPATH\Controllers\Dosen.php(20): view('dosen/persetujuan', [...])
 6 SYSTEMPATH\CodeIgniter.php(933): App\Controllers\Dosen->persetujuan()
 7 SYSTEMPATH\CodeIgniter.php(509): CodeIgniter\CodeIgniter->runController(Object(App\Controllers\Dosen))
 8 SYSTEMPATH\CodeIgniter.php(355): CodeIgniter\CodeIgniter->handleRequest(null, Object(Config\Cache), false)
 9 SYSTEMPATH\Boot.php(334): CodeIgniter\CodeIgniter->run()
10 SYSTEMPATH\Boot.php(67): CodeIgniter\Boot::runCodeIgniter(Object(CodeIgniter\CodeIgniter))
11 FCPATH\index.php(56): CodeIgniter\Boot::bootWeb(Object(Config\Paths))
DEBUG - 2025-04-26 07:37:05 --> Session: Class initialized using 'CodeIgniter\Session\Handlers\FileHandler' driver.
CRITICAL - 2025-04-26 07:37:05 --> ErrorException: Undefined variable $nim
[Method: GET, Route: dosen/persetujuan]
in APPPATH\Views\dosen\persetujuan.php on line 310.
 1 APPPATH\Views\dosen\persetujuan.php(310): CodeIgniter\Debug\Exceptions->errorHandler(2, 'Undefined variable $nim', 'D:\\Archive\\PKL\\laragon\\www\\siakad-online\\app\\Views\\dosen\\persetujuan.php', 310)
 2 SYSTEMPATH\View\View.php(234): include('D:\\Archive\\PKL\\laragon\\www\\siakad-online\\app\\Views\\dosen\\persetujuan.php')
 3 SYSTEMPATH\View\View.php(237): CodeIgniter\View\View->CodeIgniter\View\{closure}()
 4 SYSTEMPATH\Common.php(1171): CodeIgniter\View\View->render('dosen/persetujuan', [], true)
 5 APPPATH\Controllers\Dosen.php(20): view('dosen/persetujuan', [...])
 6 SYSTEMPATH\CodeIgniter.php(933): App\Controllers\Dosen->persetujuan()
 7 SYSTEMPATH\CodeIgniter.php(509): CodeIgniter\CodeIgniter->runController(Object(App\Controllers\Dosen))
 8 SYSTEMPATH\CodeIgniter.php(355): CodeIgniter\CodeIgniter->handleRequest(null, Object(Config\Cache), false)
 9 SYSTEMPATH\Boot.php(334): CodeIgniter\CodeIgniter->run()
10 SYSTEMPATH\Boot.php(67): CodeIgniter\Boot::runCodeIgniter(Object(CodeIgniter\CodeIgniter))
11 FCPATH\index.php(56): CodeIgniter\Boot::bootWeb(Object(Config\Paths))
DEBUG - 2025-04-26 07:37:06 --> Session: Class initialized using 'CodeIgniter\Session\Handlers\FileHandler' driver.
CRITICAL - 2025-04-26 07:37:06 --> ErrorException: Undefined variable $nim
[Method: GET, Route: dosen/persetujuan]
in APPPATH\Views\dosen\persetujuan.php on line 310.
 1 APPPATH\Views\dosen\persetujuan.php(310): CodeIgniter\Debug\Exceptions->errorHandler(2, 'Undefined variable $nim', 'D:\\Archive\\PKL\\laragon\\www\\siakad-online\\app\\Views\\dosen\\persetujuan.php', 310)
 2 SYSTEMPATH\View\View.php(234): include('D:\\Archive\\PKL\\laragon\\www\\siakad-online\\app\\Views\\dosen\\persetujuan.php')
 3 SYSTEMPATH\View\View.php(237): CodeIgniter\View\View->CodeIgniter\View\{closure}()
 4 SYSTEMPATH\Common.php(1171): CodeIgniter\View\View->render('dosen/persetujuan', [], true)
 5 APPPATH\Controllers\Dosen.php(20): view('dosen/persetujuan', [...])
 6 SYSTEMPATH\CodeIgniter.php(933): App\Controllers\Dosen->persetujuan()
 7 SYSTEMPATH\CodeIgniter.php(509): CodeIgniter\CodeIgniter->runController(Object(App\Controllers\Dosen))
 8 SYSTEMPATH\CodeIgniter.php(355): CodeIgniter\CodeIgniter->handleRequest(null, Object(Config\Cache), false)
 9 SYSTEMPATH\Boot.php(334): CodeIgniter\CodeIgniter->run()
10 SYSTEMPATH\Boot.php(67): CodeIgniter\Boot::runCodeIgniter(Object(CodeIgniter\CodeIgniter))
11 FCPATH\index.php(56): CodeIgniter\Boot::bootWeb(Object(Config\Paths))
DEBUG - 2025-04-26 07:37:06 --> Session: Class initialized using 'CodeIgniter\Session\Handlers\FileHandler' driver.
CRITICAL - 2025-04-26 07:37:06 --> ErrorException: Undefined variable $nim
[Method: GET, Route: dosen/persetujuan]
in APPPATH\Views\dosen\persetujuan.php on line 310.
 1 APPPATH\Views\dosen\persetujuan.php(310): CodeIgniter\Debug\Exceptions->errorHandler(2, 'Undefined variable $nim', 'D:\\Archive\\PKL\\laragon\\www\\siakad-online\\app\\Views\\dosen\\persetujuan.php', 310)
 2 SYSTEMPATH\View\View.php(234): include('D:\\Archive\\PKL\\laragon\\www\\siakad-online\\app\\Views\\dosen\\persetujuan.php')
 3 SYSTEMPATH\View\View.php(237): CodeIgniter\View\View->CodeIgniter\View\{closure}()
 4 SYSTEMPATH\Common.php(1171): CodeIgniter\View\View->render('dosen/persetujuan', [], true)
 5 APPPATH\Controllers\Dosen.php(20): view('dosen/persetujuan', [...])
 6 SYSTEMPATH\CodeIgniter.php(933): App\Controllers\Dosen->persetujuan()
 7 SYSTEMPATH\CodeIgniter.php(509): CodeIgniter\CodeIgniter->runController(Object(App\Controllers\Dosen))
 8 SYSTEMPATH\CodeIgniter.php(355): CodeIgniter\CodeIgniter->handleRequest(null, Object(Config\Cache), false)
 9 SYSTEMPATH\Boot.php(334): CodeIgniter\CodeIgniter->run()
10 SYSTEMPATH\Boot.php(67): CodeIgniter\Boot::runCodeIgniter(Object(CodeIgniter\CodeIgniter))
11 FCPATH\index.php(56): CodeIgniter\Boot::bootWeb(Object(Config\Paths))
DEBUG - 2025-04-26 07:37:06 --> Session: Class initialized using 'CodeIgniter\Session\Handlers\FileHandler' driver.
CRITICAL - 2025-04-26 07:37:06 --> ErrorException: Undefined variable $nim
[Method: GET, Route: dosen/persetujuan]
in APPPATH\Views\dosen\persetujuan.php on line 310.
 1 APPPATH\Views\dosen\persetujuan.php(310): CodeIgniter\Debug\Exceptions->errorHandler(2, 'Undefined variable $nim', 'D:\\Archive\\PKL\\laragon\\www\\siakad-online\\app\\Views\\dosen\\persetujuan.php', 310)
 2 SYSTEMPATH\View\View.php(234): include('D:\\Archive\\PKL\\laragon\\www\\siakad-online\\app\\Views\\dosen\\persetujuan.php')
 3 SYSTEMPATH\View\View.php(237): CodeIgniter\View\View->CodeIgniter\View\{closure}()
 4 SYSTEMPATH\Common.php(1171): CodeIgniter\View\View->render('dosen/persetujuan', [], true)
 5 APPPATH\Controllers\Dosen.php(20): view('dosen/persetujuan', [...])
 6 SYSTEMPATH\CodeIgniter.php(933): App\Controllers\Dosen->persetujuan()
 7 SYSTEMPATH\CodeIgniter.php(509): CodeIgniter\CodeIgniter->runController(Object(App\Controllers\Dosen))
 8 SYSTEMPATH\CodeIgniter.php(355): CodeIgniter\CodeIgniter->handleRequest(null, Object(Config\Cache), false)
 9 SYSTEMPATH\Boot.php(334): CodeIgniter\CodeIgniter->run()
10 SYSTEMPATH\Boot.php(67): CodeIgniter\Boot::runCodeIgniter(Object(CodeIgniter\CodeIgniter))
11 FCPATH\index.php(56): CodeIgniter\Boot::bootWeb(Object(Config\Paths))
DEBUG - 2025-04-26 07:37:07 --> Session: Class initialized using 'CodeIgniter\Session\Handlers\FileHandler' driver.
CRITICAL - 2025-04-26 07:37:07 --> ErrorException: Undefined variable $nim
[Method: GET, Route: dosen/persetujuan]
in APPPATH\Views\dosen\persetujuan.php on line 310.
 1 APPPATH\Views\dosen\persetujuan.php(310): CodeIgniter\Debug\Exceptions->errorHandler(2, 'Undefined variable $nim', 'D:\\Archive\\PKL\\laragon\\www\\siakad-online\\app\\Views\\dosen\\persetujuan.php', 310)
 2 SYSTEMPATH\View\View.php(234): include('D:\\Archive\\PKL\\laragon\\www\\siakad-online\\app\\Views\\dosen\\persetujuan.php')
 3 SYSTEMPATH\View\View.php(237): CodeIgniter\View\View->CodeIgniter\View\{closure}()
 4 SYSTEMPATH\Common.php(1171): CodeIgniter\View\View->render('dosen/persetujuan', [], true)
 5 APPPATH\Controllers\Dosen.php(20): view('dosen/persetujuan', [...])
 6 SYSTEMPATH\CodeIgniter.php(933): App\Controllers\Dosen->persetujuan()
 7 SYSTEMPATH\CodeIgniter.php(509): CodeIgniter\CodeIgniter->runController(Object(App\Controllers\Dosen))
 8 SYSTEMPATH\CodeIgniter.php(355): CodeIgniter\CodeIgniter->handleRequest(null, Object(Config\Cache), false)
 9 SYSTEMPATH\Boot.php(334): CodeIgniter\CodeIgniter->run()
10 SYSTEMPATH\Boot.php(67): CodeIgniter\Boot::runCodeIgniter(Object(CodeIgniter\CodeIgniter))
11 FCPATH\index.php(56): CodeIgniter\Boot::bootWeb(Object(Config\Paths))
DEBUG - 2025-04-26 07:37:07 --> Session: Class initialized using 'CodeIgniter\Session\Handlers\FileHandler' driver.
CRITICAL - 2025-04-26 07:37:07 --> ErrorException: Undefined variable $nim
[Method: GET, Route: dosen/persetujuan]
in APPPATH\Views\dosen\persetujuan.php on line 310.
 1 APPPATH\Views\dosen\persetujuan.php(310): CodeIgniter\Debug\Exceptions->errorHandler(2, 'Undefined variable $nim', 'D:\\Archive\\PKL\\laragon\\www\\siakad-online\\app\\Views\\dosen\\persetujuan.php', 310)
 2 SYSTEMPATH\View\View.php(234): include('D:\\Archive\\PKL\\laragon\\www\\siakad-online\\app\\Views\\dosen\\persetujuan.php')
 3 SYSTEMPATH\View\View.php(237): CodeIgniter\View\View->CodeIgniter\View\{closure}()
 4 SYSTEMPATH\Common.php(1171): CodeIgniter\View\View->render('dosen/persetujuan', [], true)
 5 APPPATH\Controllers\Dosen.php(20): view('dosen/persetujuan', [...])
 6 SYSTEMPATH\CodeIgniter.php(933): App\Controllers\Dosen->persetujuan()
 7 SYSTEMPATH\CodeIgniter.php(509): CodeIgniter\CodeIgniter->runController(Object(App\Controllers\Dosen))
 8 SYSTEMPATH\CodeIgniter.php(355): CodeIgniter\CodeIgniter->handleRequest(null, Object(Config\Cache), false)
 9 SYSTEMPATH\Boot.php(334): CodeIgniter\CodeIgniter->run()
10 SYSTEMPATH\Boot.php(67): CodeIgniter\Boot::runCodeIgniter(Object(CodeIgniter\CodeIgniter))
11 FCPATH\index.php(56): CodeIgniter\Boot::bootWeb(Object(Config\Paths))
DEBUG - 2025-04-26 07:37:07 --> Session: Class initialized using 'CodeIgniter\Session\Handlers\FileHandler' driver.
CRITICAL - 2025-04-26 07:37:07 --> ErrorException: Undefined variable $nim
[Method: GET, Route: dosen/persetujuan]
in APPPATH\Views\dosen\persetujuan.php on line 310.
 1 APPPATH\Views\dosen\persetujuan.php(310): CodeIgniter\Debug\Exceptions->errorHandler(2, 'Undefined variable $nim', 'D:\\Archive\\PKL\\laragon\\www\\siakad-online\\app\\Views\\dosen\\persetujuan.php', 310)
 2 SYSTEMPATH\View\View.php(234): include('D:\\Archive\\PKL\\laragon\\www\\siakad-online\\app\\Views\\dosen\\persetujuan.php')
 3 SYSTEMPATH\View\View.php(237): CodeIgniter\View\View->CodeIgniter\View\{closure}()
 4 SYSTEMPATH\Common.php(1171): CodeIgniter\View\View->render('dosen/persetujuan', [], true)
 5 APPPATH\Controllers\Dosen.php(20): view('dosen/persetujuan', [...])
 6 SYSTEMPATH\CodeIgniter.php(933): App\Controllers\Dosen->persetujuan()
 7 SYSTEMPATH\CodeIgniter.php(509): CodeIgniter\CodeIgniter->runController(Object(App\Controllers\Dosen))
 8 SYSTEMPATH\CodeIgniter.php(355): CodeIgniter\CodeIgniter->handleRequest(null, Object(Config\Cache), false)
 9 SYSTEMPATH\Boot.php(334): CodeIgniter\CodeIgniter->run()
10 SYSTEMPATH\Boot.php(67): CodeIgniter\Boot::runCodeIgniter(Object(CodeIgniter\CodeIgniter))
11 FCPATH\index.php(56): CodeIgniter\Boot::bootWeb(Object(Config\Paths))
DEBUG - 2025-04-26 07:37:07 --> Session: Class initialized using 'CodeIgniter\Session\Handlers\FileHandler' driver.
CRITICAL - 2025-04-26 07:37:07 --> ErrorException: Undefined variable $nim
[Method: GET, Route: dosen/persetujuan]
in APPPATH\Views\dosen\persetujuan.php on line 310.
 1 APPPATH\Views\dosen\persetujuan.php(310): CodeIgniter\Debug\Exceptions->errorHandler(2, 'Undefined variable $nim', 'D:\\Archive\\PKL\\laragon\\www\\siakad-online\\app\\Views\\dosen\\persetujuan.php', 310)
 2 SYSTEMPATH\View\View.php(234): include('D:\\Archive\\PKL\\laragon\\www\\siakad-online\\app\\Views\\dosen\\persetujuan.php')
 3 SYSTEMPATH\View\View.php(237): CodeIgniter\View\View->CodeIgniter\View\{closure}()
 4 SYSTEMPATH\Common.php(1171): CodeIgniter\View\View->render('dosen/persetujuan', [], true)
 5 APPPATH\Controllers\Dosen.php(20): view('dosen/persetujuan', [...])
 6 SYSTEMPATH\CodeIgniter.php(933): App\Controllers\Dosen->persetujuan()
 7 SYSTEMPATH\CodeIgniter.php(509): CodeIgniter\CodeIgniter->runController(Object(App\Controllers\Dosen))
 8 SYSTEMPATH\CodeIgniter.php(355): CodeIgniter\CodeIgniter->handleRequest(null, Object(Config\Cache), false)
 9 SYSTEMPATH\Boot.php(334): CodeIgniter\CodeIgniter->run()
10 SYSTEMPATH\Boot.php(67): CodeIgniter\Boot::runCodeIgniter(Object(CodeIgniter\CodeIgniter))
11 FCPATH\index.php(56): CodeIgniter\Boot::bootWeb(Object(Config\Paths))
DEBUG - 2025-04-26 07:39:02 --> Session: Class initialized using 'CodeIgniter\Session\Handlers\FileHandler' driver.
CRITICAL - 2025-04-26 07:39:02 --> ErrorException: Undefined variable $nim
[Method: GET, Route: dosen/persetujuan]
in APPPATH\Views\dosen\persetujuan.php on line 310.
 1 APPPATH\Views\dosen\persetujuan.php(310): CodeIgniter\Debug\Exceptions->errorHandler(2, 'Undefined variable $nim', 'D:\\Archive\\PKL\\laragon\\www\\siakad-online\\app\\Views\\dosen\\persetujuan.php', 310)
 2 SYSTEMPATH\View\View.php(234): include('D:\\Archive\\PKL\\laragon\\www\\siakad-online\\app\\Views\\dosen\\persetujuan.php')
 3 SYSTEMPATH\View\View.php(237): CodeIgniter\View\View->CodeIgniter\View\{closure}()
 4 SYSTEMPATH\Common.php(1171): CodeIgniter\View\View->render('dosen/persetujuan', [], true)
 5 APPPATH\Controllers\Dosen.php(27): view('dosen/persetujuan', [...])
 6 SYSTEMPATH\CodeIgniter.php(933): App\Controllers\Dosen->persetujuan()
 7 SYSTEMPATH\CodeIgniter.php(509): CodeIgniter\CodeIgniter->runController(Object(App\Controllers\Dosen))
 8 SYSTEMPATH\CodeIgniter.php(355): CodeIgniter\CodeIgniter->handleRequest(null, Object(Config\Cache), false)
 9 SYSTEMPATH\Boot.php(334): CodeIgniter\CodeIgniter->run()
10 SYSTEMPATH\Boot.php(67): CodeIgniter\Boot::runCodeIgniter(Object(CodeIgniter\CodeIgniter))
11 FCPATH\index.php(56): CodeIgniter\Boot::bootWeb(Object(Config\Paths))
DEBUG - 2025-04-26 07:39:03 --> Session: Class initialized using 'CodeIgniter\Session\Handlers\FileHandler' driver.
CRITICAL - 2025-04-26 07:39:03 --> ErrorException: Undefined variable $nim
[Method: GET, Route: dosen/persetujuan]
in APPPATH\Views\dosen\persetujuan.php on line 310.
 1 APPPATH\Views\dosen\persetujuan.php(310): CodeIgniter\Debug\Exceptions->errorHandler(2, 'Undefined variable $nim', 'D:\\Archive\\PKL\\laragon\\www\\siakad-online\\app\\Views\\dosen\\persetujuan.php', 310)
 2 SYSTEMPATH\View\View.php(234): include('D:\\Archive\\PKL\\laragon\\www\\siakad-online\\app\\Views\\dosen\\persetujuan.php')
 3 SYSTEMPATH\View\View.php(237): CodeIgniter\View\View->CodeIgniter\View\{closure}()
 4 SYSTEMPATH\Common.php(1171): CodeIgniter\View\View->render('dosen/persetujuan', [], true)
 5 APPPATH\Controllers\Dosen.php(27): view('dosen/persetujuan', [...])
 6 SYSTEMPATH\CodeIgniter.php(933): App\Controllers\Dosen->persetujuan()
 7 SYSTEMPATH\CodeIgniter.php(509): CodeIgniter\CodeIgniter->runController(Object(App\Controllers\Dosen))
 8 SYSTEMPATH\CodeIgniter.php(355): CodeIgniter\CodeIgniter->handleRequest(null, Object(Config\Cache), false)
 9 SYSTEMPATH\Boot.php(334): CodeIgniter\CodeIgniter->run()
10 SYSTEMPATH\Boot.php(67): CodeIgniter\Boot::runCodeIgniter(Object(CodeIgniter\CodeIgniter))
11 FCPATH\index.php(56): CodeIgniter\Boot::bootWeb(Object(Config\Paths))
DEBUG - 2025-04-26 07:39:04 --> Session: Class initialized using 'CodeIgniter\Session\Handlers\FileHandler' driver.
CRITICAL - 2025-04-26 07:39:04 --> ErrorException: Undefined variable $nim
[Method: GET, Route: dosen/persetujuan]
in APPPATH\Views\dosen\persetujuan.php on line 310.
 1 APPPATH\Views\dosen\persetujuan.php(310): CodeIgniter\Debug\Exceptions->errorHandler(2, 'Undefined variable $nim', 'D:\\Archive\\PKL\\laragon\\www\\siakad-online\\app\\Views\\dosen\\persetujuan.php', 310)
 2 SYSTEMPATH\View\View.php(234): include('D:\\Archive\\PKL\\laragon\\www\\siakad-online\\app\\Views\\dosen\\persetujuan.php')
 3 SYSTEMPATH\View\View.php(237): CodeIgniter\View\View->CodeIgniter\View\{closure}()
 4 SYSTEMPATH\Common.php(1171): CodeIgniter\View\View->render('dosen/persetujuan', [], true)
 5 APPPATH\Controllers\Dosen.php(27): view('dosen/persetujuan', [...])
 6 SYSTEMPATH\CodeIgniter.php(933): App\Controllers\Dosen->persetujuan()
 7 SYSTEMPATH\CodeIgniter.php(509): CodeIgniter\CodeIgniter->runController(Object(App\Controllers\Dosen))
 8 SYSTEMPATH\CodeIgniter.php(355): CodeIgniter\CodeIgniter->handleRequest(null, Object(Config\Cache), false)
 9 SYSTEMPATH\Boot.php(334): CodeIgniter\CodeIgniter->run()
10 SYSTEMPATH\Boot.php(67): CodeIgniter\Boot::runCodeIgniter(Object(CodeIgniter\CodeIgniter))
11 FCPATH\index.php(56): CodeIgniter\Boot::bootWeb(Object(Config\Paths))
DEBUG - 2025-04-26 07:39:04 --> Session: Class initialized using 'CodeIgniter\Session\Handlers\FileHandler' driver.
CRITICAL - 2025-04-26 07:39:04 --> ErrorException: Undefined variable $nim
[Method: GET, Route: dosen/persetujuan]
in APPPATH\Views\dosen\persetujuan.php on line 310.
 1 APPPATH\Views\dosen\persetujuan.php(310): CodeIgniter\Debug\Exceptions->errorHandler(2, 'Undefined variable $nim', 'D:\\Archive\\PKL\\laragon\\www\\siakad-online\\app\\Views\\dosen\\persetujuan.php', 310)
 2 SYSTEMPATH\View\View.php(234): include('D:\\Archive\\PKL\\laragon\\www\\siakad-online\\app\\Views\\dosen\\persetujuan.php')
 3 SYSTEMPATH\View\View.php(237): CodeIgniter\View\View->CodeIgniter\View\{closure}()
 4 SYSTEMPATH\Common.php(1171): CodeIgniter\View\View->render('dosen/persetujuan', [], true)
 5 APPPATH\Controllers\Dosen.php(27): view('dosen/persetujuan', [...])
 6 SYSTEMPATH\CodeIgniter.php(933): App\Controllers\Dosen->persetujuan()
 7 SYSTEMPATH\CodeIgniter.php(509): CodeIgniter\CodeIgniter->runController(Object(App\Controllers\Dosen))
 8 SYSTEMPATH\CodeIgniter.php(355): CodeIgniter\CodeIgniter->handleRequest(null, Object(Config\Cache), false)
 9 SYSTEMPATH\Boot.php(334): CodeIgniter\CodeIgniter->run()
10 SYSTEMPATH\Boot.php(67): CodeIgniter\Boot::runCodeIgniter(Object(CodeIgniter\CodeIgniter))
11 FCPATH\index.php(56): CodeIgniter\Boot::bootWeb(Object(Config\Paths))
DEBUG - 2025-04-26 07:39:04 --> Session: Class initialized using 'CodeIgniter\Session\Handlers\FileHandler' driver.
CRITICAL - 2025-04-26 07:39:04 --> ErrorException: Undefined variable $nim
[Method: GET, Route: dosen/persetujuan]
in APPPATH\Views\dosen\persetujuan.php on line 310.
 1 APPPATH\Views\dosen\persetujuan.php(310): CodeIgniter\Debug\Exceptions->errorHandler(2, 'Undefined variable $nim', 'D:\\Archive\\PKL\\laragon\\www\\siakad-online\\app\\Views\\dosen\\persetujuan.php', 310)
 2 SYSTEMPATH\View\View.php(234): include('D:\\Archive\\PKL\\laragon\\www\\siakad-online\\app\\Views\\dosen\\persetujuan.php')
 3 SYSTEMPATH\View\View.php(237): CodeIgniter\View\View->CodeIgniter\View\{closure}()
 4 SYSTEMPATH\Common.php(1171): CodeIgniter\View\View->render('dosen/persetujuan', [], true)
 5 APPPATH\Controllers\Dosen.php(27): view('dosen/persetujuan', [...])
 6 SYSTEMPATH\CodeIgniter.php(933): App\Controllers\Dosen->persetujuan()
 7 SYSTEMPATH\CodeIgniter.php(509): CodeIgniter\CodeIgniter->runController(Object(App\Controllers\Dosen))
 8 SYSTEMPATH\CodeIgniter.php(355): CodeIgniter\CodeIgniter->handleRequest(null, Object(Config\Cache), false)
 9 SYSTEMPATH\Boot.php(334): CodeIgniter\CodeIgniter->run()
10 SYSTEMPATH\Boot.php(67): CodeIgniter\Boot::runCodeIgniter(Object(CodeIgniter\CodeIgniter))
11 FCPATH\index.php(56): CodeIgniter\Boot::bootWeb(Object(Config\Paths))
DEBUG - 2025-04-26 07:39:04 --> Session: Class initialized using 'CodeIgniter\Session\Handlers\FileHandler' driver.
CRITICAL - 2025-04-26 07:39:04 --> ErrorException: Undefined variable $nim
[Method: GET, Route: dosen/persetujuan]
in APPPATH\Views\dosen\persetujuan.php on line 310.
 1 APPPATH\Views\dosen\persetujuan.php(310): CodeIgniter\Debug\Exceptions->errorHandler(2, 'Undefined variable $nim', 'D:\\Archive\\PKL\\laragon\\www\\siakad-online\\app\\Views\\dosen\\persetujuan.php', 310)
 2 SYSTEMPATH\View\View.php(234): include('D:\\Archive\\PKL\\laragon\\www\\siakad-online\\app\\Views\\dosen\\persetujuan.php')
 3 SYSTEMPATH\View\View.php(237): CodeIgniter\View\View->CodeIgniter\View\{closure}()
 4 SYSTEMPATH\Common.php(1171): CodeIgniter\View\View->render('dosen/persetujuan', [], true)
 5 APPPATH\Controllers\Dosen.php(27): view('dosen/persetujuan', [...])
 6 SYSTEMPATH\CodeIgniter.php(933): App\Controllers\Dosen->persetujuan()
 7 SYSTEMPATH\CodeIgniter.php(509): CodeIgniter\CodeIgniter->runController(Object(App\Controllers\Dosen))
 8 SYSTEMPATH\CodeIgniter.php(355): CodeIgniter\CodeIgniter->handleRequest(null, Object(Config\Cache), false)
 9 SYSTEMPATH\Boot.php(334): CodeIgniter\CodeIgniter->run()
10 SYSTEMPATH\Boot.php(67): CodeIgniter\Boot::runCodeIgniter(Object(CodeIgniter\CodeIgniter))
11 FCPATH\index.php(56): CodeIgniter\Boot::bootWeb(Object(Config\Paths))
DEBUG - 2025-04-26 07:39:04 --> Session: Class initialized using 'CodeIgniter\Session\Handlers\FileHandler' driver.
CRITICAL - 2025-04-26 07:39:04 --> ErrorException: Undefined variable $nim
[Method: GET, Route: dosen/persetujuan]
in APPPATH\Views\dosen\persetujuan.php on line 310.
 1 APPPATH\Views\dosen\persetujuan.php(310): CodeIgniter\Debug\Exceptions->errorHandler(2, 'Undefined variable $nim', 'D:\\Archive\\PKL\\laragon\\www\\siakad-online\\app\\Views\\dosen\\persetujuan.php', 310)
 2 SYSTEMPATH\View\View.php(234): include('D:\\Archive\\PKL\\laragon\\www\\siakad-online\\app\\Views\\dosen\\persetujuan.php')
 3 SYSTEMPATH\View\View.php(237): CodeIgniter\View\View->CodeIgniter\View\{closure}()
 4 SYSTEMPATH\Common.php(1171): CodeIgniter\View\View->render('dosen/persetujuan', [], true)
 5 APPPATH\Controllers\Dosen.php(27): view('dosen/persetujuan', [...])
 6 SYSTEMPATH\CodeIgniter.php(933): App\Controllers\Dosen->persetujuan()
 7 SYSTEMPATH\CodeIgniter.php(509): CodeIgniter\CodeIgniter->runController(Object(App\Controllers\Dosen))
 8 SYSTEMPATH\CodeIgniter.php(355): CodeIgniter\CodeIgniter->handleRequest(null, Object(Config\Cache), false)
 9 SYSTEMPATH\Boot.php(334): CodeIgniter\CodeIgniter->run()
10 SYSTEMPATH\Boot.php(67): CodeIgniter\Boot::runCodeIgniter(Object(CodeIgniter\CodeIgniter))
11 FCPATH\index.php(56): CodeIgniter\Boot::bootWeb(Object(Config\Paths))
DEBUG - 2025-04-26 07:39:05 --> Session: Class initialized using 'CodeIgniter\Session\Handlers\FileHandler' driver.
CRITICAL - 2025-04-26 07:39:05 --> ErrorException: Undefined variable $nim
[Method: GET, Route: dosen/persetujuan]
in APPPATH\Views\dosen\persetujuan.php on line 310.
 1 APPPATH\Views\dosen\persetujuan.php(310): CodeIgniter\Debug\Exceptions->errorHandler(2, 'Undefined variable $nim', 'D:\\Archive\\PKL\\laragon\\www\\siakad-online\\app\\Views\\dosen\\persetujuan.php', 310)
 2 SYSTEMPATH\View\View.php(234): include('D:\\Archive\\PKL\\laragon\\www\\siakad-online\\app\\Views\\dosen\\persetujuan.php')
 3 SYSTEMPATH\View\View.php(237): CodeIgniter\View\View->CodeIgniter\View\{closure}()
 4 SYSTEMPATH\Common.php(1171): CodeIgniter\View\View->render('dosen/persetujuan', [], true)
 5 APPPATH\Controllers\Dosen.php(27): view('dosen/persetujuan', [...])
 6 SYSTEMPATH\CodeIgniter.php(933): App\Controllers\Dosen->persetujuan()
 7 SYSTEMPATH\CodeIgniter.php(509): CodeIgniter\CodeIgniter->runController(Object(App\Controllers\Dosen))
 8 SYSTEMPATH\CodeIgniter.php(355): CodeIgniter\CodeIgniter->handleRequest(null, Object(Config\Cache), false)
 9 SYSTEMPATH\Boot.php(334): CodeIgniter\CodeIgniter->run()
10 SYSTEMPATH\Boot.php(67): CodeIgniter\Boot::runCodeIgniter(Object(CodeIgniter\CodeIgniter))
11 FCPATH\index.php(56): CodeIgniter\Boot::bootWeb(Object(Config\Paths))
DEBUG - 2025-04-26 07:39:05 --> Session: Class initialized using 'CodeIgniter\Session\Handlers\FileHandler' driver.
CRITICAL - 2025-04-26 07:39:05 --> ErrorException: Undefined variable $nim
[Method: GET, Route: dosen/persetujuan]
in APPPATH\Views\dosen\persetujuan.php on line 310.
 1 APPPATH\Views\dosen\persetujuan.php(310): CodeIgniter\Debug\Exceptions->errorHandler(2, 'Undefined variable $nim', 'D:\\Archive\\PKL\\laragon\\www\\siakad-online\\app\\Views\\dosen\\persetujuan.php', 310)
 2 SYSTEMPATH\View\View.php(234): include('D:\\Archive\\PKL\\laragon\\www\\siakad-online\\app\\Views\\dosen\\persetujuan.php')
 3 SYSTEMPATH\View\View.php(237): CodeIgniter\View\View->CodeIgniter\View\{closure}()
 4 SYSTEMPATH\Common.php(1171): CodeIgniter\View\View->render('dosen/persetujuan', [], true)
 5 APPPATH\Controllers\Dosen.php(27): view('dosen/persetujuan', [...])
 6 SYSTEMPATH\CodeIgniter.php(933): App\Controllers\Dosen->persetujuan()
 7 SYSTEMPATH\CodeIgniter.php(509): CodeIgniter\CodeIgniter->runController(Object(App\Controllers\Dosen))
 8 SYSTEMPATH\CodeIgniter.php(355): CodeIgniter\CodeIgniter->handleRequest(null, Object(Config\Cache), false)
 9 SYSTEMPATH\Boot.php(334): CodeIgniter\CodeIgniter->run()
10 SYSTEMPATH\Boot.php(67): CodeIgniter\Boot::runCodeIgniter(Object(CodeIgniter\CodeIgniter))
11 FCPATH\index.php(56): CodeIgniter\Boot::bootWeb(Object(Config\Paths))
DEBUG - 2025-04-26 07:39:46 --> Session: Class initialized using 'CodeIgniter\Session\Handlers\FileHandler' driver.
CRITICAL - 2025-04-26 07:39:46 --> ErrorException: Undefined variable $nim
[Method: GET, Route: dosen/persetujuan]
in APPPATH\Views\dosen\persetujuan.php on line 310.
 1 APPPATH\Views\dosen\persetujuan.php(310): CodeIgniter\Debug\Exceptions->errorHandler(2, 'Undefined variable $nim', 'D:\\Archive\\PKL\\laragon\\www\\siakad-online\\app\\Views\\dosen\\persetujuan.php', 310)
 2 SYSTEMPATH\View\View.php(234): include('D:\\Archive\\PKL\\laragon\\www\\siakad-online\\app\\Views\\dosen\\persetujuan.php')
 3 SYSTEMPATH\View\View.php(237): CodeIgniter\View\View->CodeIgniter\View\{closure}()
 4 SYSTEMPATH\Common.php(1171): CodeIgniter\View\View->render('dosen/persetujuan', [], true)
 5 APPPATH\Controllers\Dosen.php(29): view('dosen/persetujuan', [...])
 6 SYSTEMPATH\CodeIgniter.php(933): App\Controllers\Dosen->persetujuan()
 7 SYSTEMPATH\CodeIgniter.php(509): CodeIgniter\CodeIgniter->runController(Object(App\Controllers\Dosen))
 8 SYSTEMPATH\CodeIgniter.php(355): CodeIgniter\CodeIgniter->handleRequest(null, Object(Config\Cache), false)
 9 SYSTEMPATH\Boot.php(334): CodeIgniter\CodeIgniter->run()
10 SYSTEMPATH\Boot.php(67): CodeIgniter\Boot::runCodeIgniter(Object(CodeIgniter\CodeIgniter))
11 FCPATH\index.php(56): CodeIgniter\Boot::bootWeb(Object(Config\Paths))
DEBUG - 2025-04-26 07:39:51 --> Session: Class initialized using 'CodeIgniter\Session\Handlers\FileHandler' driver.
DEBUG - 2025-04-26 07:40:39 --> Session: Class initialized using 'CodeIgniter\Session\Handlers\FileHandler' driver.
DEBUG - 2025-04-26 07:40:45 --> Session: Class initialized using 'CodeIgniter\Session\Handlers\FileHandler' driver.
DEBUG - 2025-04-26 07:44:05 --> Session: Class initialized using 'CodeIgniter\Session\Handlers\FileHandler' driver.
DEBUG - 2025-04-26 07:44:07 --> Session: Class initialized using 'CodeIgniter\Session\Handlers\FileHandler' driver.
DEBUG - 2025-04-26 07:44:14 --> Session: Class initialized using 'CodeIgniter\Session\Handlers\FileHandler' driver.
DEBUG - 2025-04-26 07:46:08 --> Session: Class initialized using 'CodeIgniter\Session\Handlers\FileHandler' driver.
DEBUG - 2025-04-26 07:48:12 --> Session: Class initialized using 'CodeIgniter\Session\Handlers\FileHandler' driver.
DEBUG - 2025-04-26 07:48:14 --> Session: Class initialized using 'CodeIgniter\Session\Handlers\FileHandler' driver.
DEBUG - 2025-04-26 07:50:25 --> Session: Class initialized using 'CodeIgniter\Session\Handlers\FileHandler' driver.
DEBUG - 2025-04-26 07:52:02 --> Session: Class initialized using 'CodeIgniter\Session\Handlers\FileHandler' driver.
DEBUG - 2025-04-26 07:52:08 --> Session: Class initialized using 'CodeIgniter\Session\Handlers\FileHandler' driver.
DEBUG - 2025-04-26 07:52:10 --> Session: Class initialized using 'CodeIgniter\Session\Handlers\FileHandler' driver.
DEBUG - 2025-04-26 07:56:22 --> Session: Class initialized using 'CodeIgniter\Session\Handlers\FileHandler' driver.
DEBUG - 2025-04-26 07:56:24 --> Session: Class initialized using 'CodeIgniter\Session\Handlers\FileHandler' driver.
DEBUG - 2025-04-26 07:56:24 --> Session: Class initialized using 'CodeIgniter\Session\Handlers\FileHandler' driver.
DEBUG - 2025-04-26 07:56:24 --> Session: Class initialized using 'CodeIgniter\Session\Handlers\FileHandler' driver.
DEBUG - 2025-04-26 07:56:24 --> Session: Class initialized using 'CodeIgniter\Session\Handlers\FileHandler' driver.
DEBUG - 2025-04-26 08:00:30 --> Session: Class initialized using 'CodeIgniter\Session\Handlers\FileHandler' driver.
DEBUG - 2025-04-26 08:00:30 --> Session: Class initialized using 'CodeIgniter\Session\Handlers\FileHandler' driver.
DEBUG - 2025-04-26 08:00:34 --> Session: Class initialized using 'CodeIgniter\Session\Handlers\FileHandler' driver.
DEBUG - 2025-04-26 08:04:01 --> Session: Class initialized using 'CodeIgniter\Session\Handlers\FileHandler' driver.
DEBUG - 2025-04-26 08:04:13 --> Session: Class initialized using 'CodeIgniter\Session\Handlers\FileHandler' driver.
DEBUG - 2025-04-26 08:04:13 --> Session: Class initialized using 'CodeIgniter\Session\Handlers\FileHandler' driver.
DEBUG - 2025-04-26 08:04:15 --> Session: Class initialized using 'CodeIgniter\Session\Handlers\FileHandler' driver.
DEBUG - 2025-04-26 08:04:18 --> Session: Class initialized using 'CodeIgniter\Session\Handlers\FileHandler' driver.
DEBUG - 2025-04-26 08:04:44 --> Session: Class initialized using 'CodeIgniter\Session\Handlers\FileHandler' driver.
DEBUG - 2025-04-26 08:05:35 --> Session: Class initialized using 'CodeIgniter\Session\Handlers\FileHandler' driver.
DEBUG - 2025-04-26 08:05:48 --> Session: Class initialized using 'CodeIgniter\Session\Handlers\FileHandler' driver.
DEBUG - 2025-04-26 08:05:50 --> Session: Class initialized using 'CodeIgniter\Session\Handlers\FileHandler' driver.
DEBUG - 2025-04-26 08:05:52 --> Session: Class initialized using 'CodeIgniter\Session\Handlers\FileHandler' driver.
DEBUG - 2025-04-26 08:05:56 --> Session: Class initialized using 'CodeIgniter\Session\Handlers\FileHandler' driver.
DEBUG - 2025-04-26 08:07:51 --> Session: Class initialized using 'CodeIgniter\Session\Handlers\FileHandler' driver.
CRITICAL - 2025-04-26 08:07:51 --> ErrorException: Undefined variable $nim
[Method: GET, Route: dosen/absensi]
in APPPATH\Views\dosen\absensi.php on line 283.
 1 APPPATH\Views\dosen\absensi.php(283): CodeIgniter\Debug\Exceptions->errorHandler(2, 'Undefined variable $nim', 'D:\\Archive\\PKL\\laragon\\www\\siakad-online\\app\\Views\\dosen\\absensi.php', 283)
 2 SYSTEMPATH\View\View.php(234): include('D:\\Archive\\PKL\\laragon\\www\\siakad-online\\app\\Views\\dosen\\absensi.php')
 3 SYSTEMPATH\View\View.php(237): CodeIgniter\View\View->CodeIgniter\View\{closure}()
 4 SYSTEMPATH\Common.php(1171): CodeIgniter\View\View->render('dosen/absensi', [], true)
 5 APPPATH\Controllers\Dosen.php(71): view('dosen/absensi')
 6 SYSTEMPATH\CodeIgniter.php(933): App\Controllers\Dosen->absensi()
 7 SYSTEMPATH\CodeIgniter.php(509): CodeIgniter\CodeIgniter->runController(Object(App\Controllers\Dosen))
 8 SYSTEMPATH\CodeIgniter.php(355): CodeIgniter\CodeIgniter->handleRequest(null, Object(Config\Cache), false)
 9 SYSTEMPATH\Boot.php(334): CodeIgniter\CodeIgniter->run()
10 SYSTEMPATH\Boot.php(67): CodeIgniter\Boot::runCodeIgniter(Object(CodeIgniter\CodeIgniter))
11 FCPATH\index.php(56): CodeIgniter\Boot::bootWeb(Object(Config\Paths))
DEBUG - 2025-04-26 08:09:06 --> Session: Class initialized using 'CodeIgniter\Session\Handlers\FileHandler' driver.
CRITICAL - 2025-04-26 08:09:06 --> ErrorException: Undefined variable $nim
[Method: GET, Route: dosen/absensi]
in APPPATH\Views\dosen\absensi.php on line 283.
 1 APPPATH\Views\dosen\absensi.php(283): CodeIgniter\Debug\Exceptions->errorHandler(2, 'Undefined variable $nim', 'D:\\Archive\\PKL\\laragon\\www\\siakad-online\\app\\Views\\dosen\\absensi.php', 283)
 2 SYSTEMPATH\View\View.php(234): include('D:\\Archive\\PKL\\laragon\\www\\siakad-online\\app\\Views\\dosen\\absensi.php')
 3 SYSTEMPATH\View\View.php(237): CodeIgniter\View\View->CodeIgniter\View\{closure}()
 4 SYSTEMPATH\Common.php(1171): CodeIgniter\View\View->render('dosen/absensi', [], true)
 5 APPPATH\Controllers\Dosen.php(83): view('dosen/absensi')
 6 SYSTEMPATH\CodeIgniter.php(933): App\Controllers\Dosen->absensi()
 7 SYSTEMPATH\CodeIgniter.php(509): CodeIgniter\CodeIgniter->runController(Object(App\Controllers\Dosen))
 8 SYSTEMPATH\CodeIgniter.php(355): CodeIgniter\CodeIgniter->handleRequest(null, Object(Config\Cache), false)
 9 SYSTEMPATH\Boot.php(334): CodeIgniter\CodeIgniter->run()
10 SYSTEMPATH\Boot.php(67): CodeIgniter\Boot::runCodeIgniter(Object(CodeIgniter\CodeIgniter))
11 FCPATH\index.php(56): CodeIgniter\Boot::bootWeb(Object(Config\Paths))
DEBUG - 2025-04-26 08:09:07 --> Session: Class initialized using 'CodeIgniter\Session\Handlers\FileHandler' driver.
CRITICAL - 2025-04-26 08:09:07 --> ErrorException: Undefined variable $nim
[Method: GET, Route: dosen/absensi]
in APPPATH\Views\dosen\absensi.php on line 283.
 1 APPPATH\Views\dosen\absensi.php(283): CodeIgniter\Debug\Exceptions->errorHandler(2, 'Undefined variable $nim', 'D:\\Archive\\PKL\\laragon\\www\\siakad-online\\app\\Views\\dosen\\absensi.php', 283)
 2 SYSTEMPATH\View\View.php(234): include('D:\\Archive\\PKL\\laragon\\www\\siakad-online\\app\\Views\\dosen\\absensi.php')
 3 SYSTEMPATH\View\View.php(237): CodeIgniter\View\View->CodeIgniter\View\{closure}()
 4 SYSTEMPATH\Common.php(1171): CodeIgniter\View\View->render('dosen/absensi', [], true)
 5 APPPATH\Controllers\Dosen.php(83): view('dosen/absensi')
 6 SYSTEMPATH\CodeIgniter.php(933): App\Controllers\Dosen->absensi()
 7 SYSTEMPATH\CodeIgniter.php(509): CodeIgniter\CodeIgniter->runController(Object(App\Controllers\Dosen))
 8 SYSTEMPATH\CodeIgniter.php(355): CodeIgniter\CodeIgniter->handleRequest(null, Object(Config\Cache), false)
 9 SYSTEMPATH\Boot.php(334): CodeIgniter\CodeIgniter->run()
10 SYSTEMPATH\Boot.php(67): CodeIgniter\Boot::runCodeIgniter(Object(CodeIgniter\CodeIgniter))
11 FCPATH\index.php(56): CodeIgniter\Boot::bootWeb(Object(Config\Paths))
DEBUG - 2025-04-26 08:09:07 --> Session: Class initialized using 'CodeIgniter\Session\Handlers\FileHandler' driver.
CRITICAL - 2025-04-26 08:09:07 --> ErrorException: Undefined variable $nim
[Method: GET, Route: dosen/absensi]
in APPPATH\Views\dosen\absensi.php on line 283.
 1 APPPATH\Views\dosen\absensi.php(283): CodeIgniter\Debug\Exceptions->errorHandler(2, 'Undefined variable $nim', 'D:\\Archive\\PKL\\laragon\\www\\siakad-online\\app\\Views\\dosen\\absensi.php', 283)
 2 SYSTEMPATH\View\View.php(234): include('D:\\Archive\\PKL\\laragon\\www\\siakad-online\\app\\Views\\dosen\\absensi.php')
 3 SYSTEMPATH\View\View.php(237): CodeIgniter\View\View->CodeIgniter\View\{closure}()
 4 SYSTEMPATH\Common.php(1171): CodeIgniter\View\View->render('dosen/absensi', [], true)
 5 APPPATH\Controllers\Dosen.php(83): view('dosen/absensi')
 6 SYSTEMPATH\CodeIgniter.php(933): App\Controllers\Dosen->absensi()
 7 SYSTEMPATH\CodeIgniter.php(509): CodeIgniter\CodeIgniter->runController(Object(App\Controllers\Dosen))
 8 SYSTEMPATH\CodeIgniter.php(355): CodeIgniter\CodeIgniter->handleRequest(null, Object(Config\Cache), false)
 9 SYSTEMPATH\Boot.php(334): CodeIgniter\CodeIgniter->run()
10 SYSTEMPATH\Boot.php(67): CodeIgniter\Boot::runCodeIgniter(Object(CodeIgniter\CodeIgniter))
11 FCPATH\index.php(56): CodeIgniter\Boot::bootWeb(Object(Config\Paths))
DEBUG - 2025-04-26 08:09:07 --> Session: Class initialized using 'CodeIgniter\Session\Handlers\FileHandler' driver.
CRITICAL - 2025-04-26 08:09:07 --> ErrorException: Undefined variable $nim
[Method: GET, Route: dosen/absensi]
in APPPATH\Views\dosen\absensi.php on line 283.
 1 APPPATH\Views\dosen\absensi.php(283): CodeIgniter\Debug\Exceptions->errorHandler(2, 'Undefined variable $nim', 'D:\\Archive\\PKL\\laragon\\www\\siakad-online\\app\\Views\\dosen\\absensi.php', 283)
 2 SYSTEMPATH\View\View.php(234): include('D:\\Archive\\PKL\\laragon\\www\\siakad-online\\app\\Views\\dosen\\absensi.php')
 3 SYSTEMPATH\View\View.php(237): CodeIgniter\View\View->CodeIgniter\View\{closure}()
 4 SYSTEMPATH\Common.php(1171): CodeIgniter\View\View->render('dosen/absensi', [], true)
 5 APPPATH\Controllers\Dosen.php(83): view('dosen/absensi')
 6 SYSTEMPATH\CodeIgniter.php(933): App\Controllers\Dosen->absensi()
 7 SYSTEMPATH\CodeIgniter.php(509): CodeIgniter\CodeIgniter->runController(Object(App\Controllers\Dosen))
 8 SYSTEMPATH\CodeIgniter.php(355): CodeIgniter\CodeIgniter->handleRequest(null, Object(Config\Cache), false)
 9 SYSTEMPATH\Boot.php(334): CodeIgniter\CodeIgniter->run()
10 SYSTEMPATH\Boot.php(67): CodeIgniter\Boot::runCodeIgniter(Object(CodeIgniter\CodeIgniter))
11 FCPATH\index.php(56): CodeIgniter\Boot::bootWeb(Object(Config\Paths))
DEBUG - 2025-04-26 08:09:15 --> Session: Class initialized using 'CodeIgniter\Session\Handlers\FileHandler' driver.
CRITICAL - 2025-04-26 08:09:15 --> ErrorException: Undefined variable $nim
[Method: GET, Route: dosen/absensi]
in APPPATH\Views\dosen\absensi.php on line 283.
 1 APPPATH\Views\dosen\absensi.php(283): CodeIgniter\Debug\Exceptions->errorHandler(2, 'Undefined variable $nim', 'D:\\Archive\\PKL\\laragon\\www\\siakad-online\\app\\Views\\dosen\\absensi.php', 283)
 2 SYSTEMPATH\View\View.php(234): include('D:\\Archive\\PKL\\laragon\\www\\siakad-online\\app\\Views\\dosen\\absensi.php')
 3 SYSTEMPATH\View\View.php(237): CodeIgniter\View\View->CodeIgniter\View\{closure}()
 4 SYSTEMPATH\Common.php(1171): CodeIgniter\View\View->render('dosen/absensi', [], true)
 5 APPPATH\Controllers\Dosen.php(92): view('dosen/absensi')
 6 SYSTEMPATH\CodeIgniter.php(933): App\Controllers\Dosen->absensi()
 7 SYSTEMPATH\CodeIgniter.php(509): CodeIgniter\CodeIgniter->runController(Object(App\Controllers\Dosen))
 8 SYSTEMPATH\CodeIgniter.php(355): CodeIgniter\CodeIgniter->handleRequest(null, Object(Config\Cache), false)
 9 SYSTEMPATH\Boot.php(334): CodeIgniter\CodeIgniter->run()
10 SYSTEMPATH\Boot.php(67): CodeIgniter\Boot::runCodeIgniter(Object(CodeIgniter\CodeIgniter))
11 FCPATH\index.php(56): CodeIgniter\Boot::bootWeb(Object(Config\Paths))
DEBUG - 2025-04-26 08:09:16 --> Session: Class initialized using 'CodeIgniter\Session\Handlers\FileHandler' driver.
CRITICAL - 2025-04-26 08:09:16 --> ErrorException: Undefined variable $nim
[Method: GET, Route: dosen/absensi]
in APPPATH\Views\dosen\absensi.php on line 283.
 1 APPPATH\Views\dosen\absensi.php(283): CodeIgniter\Debug\Exceptions->errorHandler(2, 'Undefined variable $nim', 'D:\\Archive\\PKL\\laragon\\www\\siakad-online\\app\\Views\\dosen\\absensi.php', 283)
 2 SYSTEMPATH\View\View.php(234): include('D:\\Archive\\PKL\\laragon\\www\\siakad-online\\app\\Views\\dosen\\absensi.php')
 3 SYSTEMPATH\View\View.php(237): CodeIgniter\View\View->CodeIgniter\View\{closure}()
 4 SYSTEMPATH\Common.php(1171): CodeIgniter\View\View->render('dosen/absensi', [], true)
 5 APPPATH\Controllers\Dosen.php(92): view('dosen/absensi')
 6 SYSTEMPATH\CodeIgniter.php(933): App\Controllers\Dosen->absensi()
 7 SYSTEMPATH\CodeIgniter.php(509): CodeIgniter\CodeIgniter->runController(Object(App\Controllers\Dosen))
 8 SYSTEMPATH\CodeIgniter.php(355): CodeIgniter\CodeIgniter->handleRequest(null, Object(Config\Cache), false)
 9 SYSTEMPATH\Boot.php(334): CodeIgniter\CodeIgniter->run()
10 SYSTEMPATH\Boot.php(67): CodeIgniter\Boot::runCodeIgniter(Object(CodeIgniter\CodeIgniter))
11 FCPATH\index.php(56): CodeIgniter\Boot::bootWeb(Object(Config\Paths))
DEBUG - 2025-04-26 08:11:10 --> Session: Class initialized using 'CodeIgniter\Session\Handlers\FileHandler' driver.
DEBUG - 2025-04-26 08:11:13 --> Session: Class initialized using 'CodeIgniter\Session\Handlers\FileHandler' driver.
DEBUG - 2025-04-26 08:11:15 --> Session: Class initialized using 'CodeIgniter\Session\Handlers\FileHandler' driver.
DEBUG - 2025-04-26 08:11:19 --> Session: Class initialized using 'CodeIgniter\Session\Handlers\FileHandler' driver.
DEBUG - 2025-04-26 08:11:23 --> Session: Class initialized using 'CodeIgniter\Session\Handlers\FileHandler' driver.
DEBUG - 2025-04-26 08:11:25 --> Session: Class initialized using 'CodeIgniter\Session\Handlers\FileHandler' driver.
DEBUG - 2025-04-26 08:11:33 --> Session: Class initialized using 'CodeIgniter\Session\Handlers\FileHandler' driver.
DEBUG - 2025-04-26 08:11:38 --> Session: Class initialized using 'CodeIgniter\Session\Handlers\FileHandler' driver.
DEBUG - 2025-04-26 08:11:47 --> Session: Class initialized using 'CodeIgniter\Session\Handlers\FileHandler' driver.
DEBUG - 2025-04-26 09:03:37 --> Session: Class initialized using 'CodeIgniter\Session\Handlers\FileHandler' driver.
DEBUG - 2025-04-26 09:03:40 --> Session: Class initialized using 'CodeIgniter\Session\Handlers\FileHandler' driver.
DEBUG - 2025-04-26 09:03:44 --> Session: Class initialized using 'CodeIgniter\Session\Handlers\FileHandler' driver.
DEBUG - 2025-04-26 09:03:51 --> Session: Class initialized using 'CodeIgniter\Session\Handlers\FileHandler' driver.
DEBUG - 2025-04-26 09:03:56 --> Session: Class initialized using 'CodeIgniter\Session\Handlers\FileHandler' driver.
DEBUG - 2025-04-26 09:04:01 --> Session: Class initialized using 'CodeIgniter\Session\Handlers\FileHandler' driver.
DEBUG - 2025-04-26 09:04:01 --> Session: Class initialized using 'CodeIgniter\Session\Handlers\FileHandler' driver.
DEBUG - 2025-04-26 09:04:03 --> Session: Class initialized using 'CodeIgniter\Session\Handlers\FileHandler' driver.
DEBUG - 2025-04-26 09:04:06 --> Session: Class initialized using 'CodeIgniter\Session\Handlers\FileHandler' driver.
DEBUG - 2025-04-26 09:04:09 --> Session: Class initialized using 'CodeIgniter\Session\Handlers\FileHandler' driver.
DEBUG - 2025-04-26 09:05:06 --> Session: Class initialized using 'CodeIgniter\Session\Handlers\FileHandler' driver.
DEBUG - 2025-04-26 09:05:10 --> Session: Class initialized using 'CodeIgniter\Session\Handlers\FileHandler' driver.
DEBUG - 2025-04-26 09:05:11 --> Session: Class initialized using 'CodeIgniter\Session\Handlers\FileHandler' driver.
DEBUG - 2025-04-26 09:05:18 --> Session: Class initialized using 'CodeIgniter\Session\Handlers\FileHandler' driver.
DEBUG - 2025-04-26 09:05:18 --> Session: Class initialized using 'CodeIgniter\Session\Handlers\FileHandler' driver.
DEBUG - 2025-04-26 09:05:21 --> Session: Class initialized using 'CodeIgniter\Session\Handlers\FileHandler' driver.
DEBUG - 2025-04-26 09:05:23 --> Session: Class initialized using 'CodeIgniter\Session\Handlers\FileHandler' driver.
DEBUG - 2025-04-26 09:05:27 --> Session: Class initialized using 'CodeIgniter\Session\Handlers\FileHandler' driver.
